#
# There is insufficient memory for the Java Runtime Environment to continue.
# Native memory allocation (mmap) failed to map 291504128 bytes. Error detail: G1 virtual space
# Possible reasons:
#   The system is out of physical RAM or swap space
#   This process is running with CompressedOops enabled, and the Java Heap may be blocking the growth of the native heap
# Possible solutions:
#   Reduce memory load on the system
#   Increase physical memory or swap space
#   Check if swap backing store is full
#   Decrease Java heap size (-Xmx/-Xms)
#   Decrease number of Java threads
#   Decrease Java thread stack sizes (-Xss)
#   Set larger code cache with -XX:ReservedCodeCacheSize=
#   JVM is running with Zero Based Compressed Oops mode in which the Java heap is
#     placed in the first 32GB address space. The Java Heap base address is the
#     maximum limit for the native heap growth. Please use -XX:HeapBaseMinAddress
#     to set the Java Heap base and to place the Java Heap above 32GB virtual address.
# This output file may be truncated or incomplete.
#
#  Out of Memory Error (os_windows.cpp:3898), pid=40140, tid=25712
#
# JRE version: OpenJDK Runtime Environment (21.0.6) (build 21.0.6+-13355223-b631.42)
# Java VM: OpenJDK 64-Bit Server VM (21.0.6+-13355223-b631.42, mixed mode, tiered, compressed oops, compressed class ptrs, g1 gc, windows-amd64)
# No core dump will be written. Minidumps are not enabled by default on client versions of Windows
#

---------------  S U M M A R Y ------------

Command Line: -Dast.loading.filter=false -Dfile.separator=\ -Dide.hide.excluded.files=false -Didea.active=true -Didea.gradle.download.sources=true -Didea.ignore.disabled.plugins=true -Didea.io.use.nio2=true -Didea.plugins.compatible.build=999.SNAPSHOT -Didea.resolveSourceSetDependencies=true -Didea.sync.active=true -Didea.vendor.name=Google -Didea.version=2024.3 -Dintellij.os.virtualization=none -Djava.awt.headless=true -Djava.class.version=65.0 -Djava.home=C:\Program Files\Android\Android Studio1\jbr -Djava.library.path=C:\Program Files\Android\Android Studio1\jbr\bin;C:\WINDOWS\Sun\Java\bin;C:\WINDOWS\system32;C:\WINDOWS;C:\Program Files\Common Files\Oracle\Java\javapath;C:\WINDOWS\system32;C:\WINDOWS;C:\WINDOWS\System32\Wbem;C:\WINDOWS\System32\WindowsPowerShell\v1.0\;C:\WINDOWS\System32\OpenSSH\;C:\Program Files (x86)\Intel\Intel(R) Management Engine Components\DAL;C:\Program Files\Intel\Intel(R) Management Engine Components\DAL;C:\Program Files\Git\cmd;C:\Program Files\Java\jdk-17\bin;C:\Users\Anees Ahmed\AppData\Local\Android\Sdk\platform-tools;C:\Program Files\nodejs\;C:\Users\Anees Ahmed\AppData\Roaming\npm;C:\Program Files\Cloudflare\Cloudflare WARP\;C:\Users\Anees Ahmed\AppData\Local\Microsoft\WindowsApps;C:\Users\Anees Ahmed\AppData\Local\Programs\Microsoft VS Code\bin;"D:\Tools\flutter\bin";C:\Users\Anees Ahmed\AppData\Local\JetBrains\Toolbox\scripts;C:\Users\Anees Ahmed\AppData\Local\Programs\cursor\resources\app\bin;C:\Users\Anees Ahmed\AppData\Roaming\npm;. -Djava.runtime.name=OpenJDK Runtime Environment -Djava.runtime.version=21.0.6+-13355223-b631.42 -Djava.specification.name=Java Platform API Specification -Djava.specification.vendor=Oracle Corporation -Djava.specification.version=21 -Djava.vendor=JetBrains s.r.o. -Djava.vendor.url=https://openjdk.org/ -Djava.vendor.url.bug=https://bugreport.java.com/bugreport/ -Djava.version=21.0.6 -Djava.version.date=2025-01-21 -Djava.vm.compressedOopsMode=32-bit -Djava.vm.info=mixed mode -Djava.vm.name=OpenJDK 64-Bit Server VM -Djava.vm.specification.name=Java Virtual Machine Specification -Djava.vm.specification.vendor=Oracle Corporation -Djava.vm.specification.version=21 -Djava.vm.vendor=JetBrains s.r.o. -Djava.vm.version=21.0.6+-13355223-b631.42 -Djbr.virtualization.information=Hyper-V role -Djdk.debug=release -Dlibrary.jansi.path=C:\Users\Anees Ahmed\AndroidStudioProjects\GamingSDKDemo\native\jansi\1.18\windows64 -Dline.separator=
 -Dnative.encoding=Cp1252 -Dorg.gradle.internal.GradleProjectBuilderOptions=omit_all_tasks -Dos.arch=amd64 -Dos.name=Windows 11 -Dos.version=10.0 -Dpath.separator=; -Dproject.structure.add.tools.jar.to.new.jdk=false -Dpsi.incremental.reparse.depth.limit=1000 -Dpsi.track.invalidation=true -Dstderr.encoding=Cp1252 -Dstdout.encoding=Cp1252 -Dsun.arch.data.model=64 -Dsun.boot.library.path=C:\Program Files\Android\Android Studio1\jbr\bin -Dsun.cpu.endian=little -Dsun.cpu.isalist=amd64 -Dsun.io.unicode.encoding=UnicodeLittle -Dsun.jnu.encoding=Cp1252 -Dsun.management.compiler=HotSpot 64-Bit Tiered Compilers -Dsun.os.patch.level -Duser.home=C:\Users\Anees Ahmed -Duser.name=Anees Ahmed -Duser.script -Duser.timezone=Asia/Karachi -Xmx4g -Dfile.encoding=UTF-8 -Djava.io.tmpdir=C:\Users\ANEESA~1\AppData\Local\Temp\ -Duser.country=US -Duser.language=en -Duser.variant -ea org.jetbrains.kotlin.commonizer.cli.CommonizerCLI @C:\Users\ANEESA~1\AppData\Local\Temp\kotlinc-native-args1892230677666083234.lst

Host: Intel(R) Core(TM) i7-8650U CPU @ 1.90GHz, 8 cores, 23G,  Windows 11 , 64 bit Build 22621 (10.0.22621.3958)
Time: Mon May  5 13:28:38 2025 Pakistan Standard Time elapsed time: 9.299588 seconds (0d 0h 0m 9s)

---------------  T H R E A D  ---------------

Current thread (0x000001ac5b080790):  VMThread "VM Thread"          [id=25712, stack(0x0000008f22000000,0x0000008f22100000) (1024K)]

Stack: [0x0000008f22000000,0x0000008f22100000]
Native frames: (J=compiled Java code, j=interpreted, Vv=VM code, C=native code)
V  [jvm.dll+0x6d05a9]
V  [jvm.dll+0x85ea73]
V  [jvm.dll+0x860fce]
V  [jvm.dll+0x8616b3]
V  [jvm.dll+0x27e6e6]
V  [jvm.dll+0x6ccf45]
V  [jvm.dll+0x6c09fa]
V  [jvm.dll+0x35535b]
V  [jvm.dll+0x35cfb6]
V  [jvm.dll+0x3aef46]
V  [jvm.dll+0x3af218]
V  [jvm.dll+0x327a2c]
V  [jvm.dll+0x327ab7]
V  [jvm.dll+0x36d90c]
V  [jvm.dll+0x36c0be]
V  [jvm.dll+0x327181]
V  [jvm.dll+0x36b7d0]
V  [jvm.dll+0x867438]
V  [jvm.dll+0x8687b4]
V  [jvm.dll+0x868cf0]
V  [jvm.dll+0x868f83]
V  [jvm.dll+0x806e48]
V  [jvm.dll+0x6cee7d]
C  [ucrtbase.dll+0x29333]
C  [KERNEL32.DLL+0x1257d]
C  [ntdll.dll+0x5af08]

VM_Operation (0x0000008f219fde70): G1CollectForAllocation, mode: safepoint, requested by thread 0x000001ac39f122d0


---------------  P R O C E S S  ---------------

Threads class SMR info:
_java_thread_list=0x000001ac5e4863a0, length=13, elements={
0x000001ac39f122d0, 0x000001ac5b0d5560, 0x000001ac5b0d8380, 0x000001ac5b0d9650,
0x000001ac5b0eda20, 0x000001ac5b0ee470, 0x000001ac5b0eeec0, 0x000001ac5b0fb150,
0x000001ac5b11fd30, 0x000001ac5b2c5400, 0x000001ac39f15d70, 0x000001ac5bea9320,
0x000001ac5daea3f0
}

Java Threads: ( => current thread )
  0x000001ac39f122d0 JavaThread "main"                              [_thread_blocked, id=34120, stack(0x0000008f21900000,0x0000008f21a00000) (1024K)]
  0x000001ac5b0d5560 JavaThread "Reference Handler"          daemon [_thread_blocked, id=9940, stack(0x0000008f22100000,0x0000008f22200000) (1024K)]
  0x000001ac5b0d8380 JavaThread "Finalizer"                  daemon [_thread_blocked, id=28532, stack(0x0000008f22200000,0x0000008f22300000) (1024K)]
  0x000001ac5b0d9650 JavaThread "Signal Dispatcher"          daemon [_thread_blocked, id=40388, stack(0x0000008f22300000,0x0000008f22400000) (1024K)]
  0x000001ac5b0eda20 JavaThread "Attach Listener"            daemon [_thread_blocked, id=11928, stack(0x0000008f22400000,0x0000008f22500000) (1024K)]
  0x000001ac5b0ee470 JavaThread "Service Thread"             daemon [_thread_blocked, id=31892, stack(0x0000008f22500000,0x0000008f22600000) (1024K)]
  0x000001ac5b0eeec0 JavaThread "Monitor Deflation Thread"   daemon [_thread_blocked, id=9264, stack(0x0000008f22600000,0x0000008f22700000) (1024K)]
  0x000001ac5b0fb150 JavaThread "C2 CompilerThread0"         daemon [_thread_blocked, id=37568, stack(0x0000008f22700000,0x0000008f22800000) (1024K)]
  0x000001ac5b11fd30 JavaThread "C1 CompilerThread0"         daemon [_thread_blocked, id=31344, stack(0x0000008f22800000,0x0000008f22900000) (1024K)]
  0x000001ac5b2c5400 JavaThread "Notification Thread"        daemon [_thread_blocked, id=19968, stack(0x0000008f22900000,0x0000008f22a00000) (1024K)]
  0x000001ac39f15d70 JavaThread "Common-Cleaner"             daemon [_thread_blocked, id=33360, stack(0x0000008f22a00000,0x0000008f22b00000) (1024K)]
  0x000001ac5bea9320 JavaThread "C2 CompilerThread1"         daemon [_thread_blocked, id=3804, stack(0x0000008f22b00000,0x0000008f22c00000) (1024K)]
  0x000001ac5daea3f0 JavaThread "C2 CompilerThread2"         daemon [_thread_blocked, id=33368, stack(0x0000008f23300000,0x0000008f23400000) (1024K)]
Total: 13

Other Threads:
=>0x000001ac5b080790 VMThread "VM Thread"                           [id=25712, stack(0x0000008f22000000,0x0000008f22100000) (1024K)]
  0x000001ac56d9e6d0 WatcherThread "VM Periodic Task Thread"        [id=18152, stack(0x0000008f21f00000,0x0000008f22000000) (1024K)]
  0x000001ac3d02d6c0 WorkerThread "GC Thread#0"                     [id=14368, stack(0x0000008f21a00000,0x0000008f21b00000) (1024K)]
  0x000001ac5b848280 WorkerThread "GC Thread#1"                     [id=26192, stack(0x0000008f22c00000,0x0000008f22d00000) (1024K)]
  0x000001ac5b848620 WorkerThread "GC Thread#2"                     [id=25204, stack(0x0000008f22d00000,0x0000008f22e00000) (1024K)]
  0x000001ac5b8489c0 WorkerThread "GC Thread#3"                     [id=8612, stack(0x0000008f22e00000,0x0000008f22f00000) (1024K)]
  0x000001ac5b848d60 WorkerThread "GC Thread#4"                     [id=34240, stack(0x0000008f22f00000,0x0000008f23000000) (1024K)]
  0x000001ac5b849100 WorkerThread "GC Thread#5"                     [id=14156, stack(0x0000008f23000000,0x0000008f23100000) (1024K)]
  0x000001ac5b8494a0 WorkerThread "GC Thread#6"                     [id=14576, stack(0x0000008f23100000,0x0000008f23200000) (1024K)]
  0x000001ac5b849840 WorkerThread "GC Thread#7"                     [id=20120, stack(0x0000008f23200000,0x0000008f23300000) (1024K)]
  0x000001ac3d03f730 ConcurrentGCThread "G1 Main Marker"            [id=29624, stack(0x0000008f21b00000,0x0000008f21c00000) (1024K)]
  0x000001ac3d0408e0 WorkerThread "G1 Conc#0"                       [id=18740, stack(0x0000008f21c00000,0x0000008f21d00000) (1024K)]
  0x000001ac56c722c0 ConcurrentGCThread "G1 Refine#0"               [id=35728, stack(0x0000008f21d00000,0x0000008f21e00000) (1024K)]
  0x000001ac56c72d40 ConcurrentGCThread "G1 Service"                [id=40452, stack(0x0000008f21e00000,0x0000008f21f00000) (1024K)]
Total: 14

Threads with active compile tasks:
C2 CompilerThread1  9424 3960   !   4       kotlin.metadata.internal.metadata.ProtoBuf$TypeAlias::<init> (995 bytes)
Total: 1

VM state: at safepoint (normal execution)

VM Mutex/Monitor currently owned by a thread:  ([mutex/lock_event])
[0x00007ffcb25ce3a0] Threads_lock - owner thread: 0x000001ac5b080790
[0x00007ffcb25ce4a0] Heap_lock - owner thread: 0x000001ac39f122d0

Heap address: 0x0000000700000000, size: 4096 MB, Compressed Oops mode: Zero based, Oop shift amount: 3

CDS archive(s) not mapped
Compressed class space mapped at: 0x0000000800000000-0x0000000840000000, reserved size: 1073741824
Narrow klass base: 0x0000000800000000, Narrow klass shift: 0, Narrow klass range: 0x40000000

GC Precious Log:
 CardTable entry size: 512
 Card Set container configuration: InlinePtr #cards 4 size 8 Array Of Cards #cards 16 size 48 Howl #buckets 8 coarsen threshold 3686 Howl Bitmap #cards 512 size 80 coarsen threshold 460 Card regions per heap region 1 cards per card region 4096
 CPUs: 8 total, 8 available
 Memory: 24419M
 Large Page Support: Disabled
 NUMA Support: Disabled
 Compressed Oops: Enabled (Zero based)
 Heap Region Size: 2M
 Heap Min Capacity: 8M
 Heap Initial Capacity: 382M
 Heap Max Capacity: 4G
 Pre-touch: Disabled
 Parallel Workers: 8
 Concurrent Workers: 2
 Concurrent Refinement Workers: 8
 Periodic GC: Disabled

Heap:
 garbage-first heap   total 649216K, used 116969K [0x0000000700000000, 0x0000000800000000)
  region size 2048K, 11 young (22528K), 11 survivors (22528K)
 Metaspace       used 17751K, committed 17920K, reserved 1114112K
  class space    used 1558K, committed 1664K, reserved 1048576K

Heap Regions: E=young(eden), S=young(survivor), O=old, HS=humongous(starts), HC=humongous(continues), CS=collection set, F=free, TAMS=top-at-mark-start, PB=parsable bottom
|   0|0x0000000700000000, 0x0000000700200000, 0x0000000700200000|100%|HS|  |TAMS 0x0000000700000000| PB 0x0000000700000000| Complete 
|   1|0x0000000700200000, 0x0000000700400000, 0x0000000700400000|100%|HC|  |TAMS 0x0000000700200000| PB 0x0000000700200000| Complete 
|   2|0x0000000700400000, 0x0000000700600000, 0x0000000700600000|100%| O|  |TAMS 0x0000000700400000| PB 0x0000000700400000| Untracked 
|   3|0x0000000700600000, 0x0000000700800000, 0x0000000700800000|100%| O|  |TAMS 0x0000000700600000| PB 0x0000000700600000| Untracked 
|   4|0x0000000700800000, 0x0000000700a00000, 0x0000000700a00000|100%| O|  |TAMS 0x0000000700800000| PB 0x0000000700800000| Untracked 
|   5|0x0000000700a00000, 0x0000000700c00000, 0x0000000700c00000|100%| O|  |TAMS 0x0000000700a00000| PB 0x0000000700a00000| Untracked 
|   6|0x0000000700c00000, 0x0000000700e00000, 0x0000000700e00000|100%| O|  |TAMS 0x0000000700c00000| PB 0x0000000700c00000| Untracked 
|   7|0x0000000700e00000, 0x0000000701000000, 0x0000000701000000|100%| O|  |TAMS 0x0000000700e00000| PB 0x0000000700e00000| Untracked 
|   8|0x0000000701000000, 0x0000000701200000, 0x0000000701200000|100%| O|  |TAMS 0x0000000701000000| PB 0x0000000701000000| Untracked 
|   9|0x0000000701200000, 0x0000000701400000, 0x0000000701400000|100%| O|  |TAMS 0x0000000701200000| PB 0x0000000701200000| Untracked 
|  10|0x0000000701400000, 0x0000000701600000, 0x0000000701600000|100%| O|  |TAMS 0x0000000701400000| PB 0x0000000701400000| Untracked 
|  11|0x0000000701600000, 0x0000000701800000, 0x0000000701800000|100%| O|  |TAMS 0x0000000701600000| PB 0x0000000701600000| Untracked 
|  12|0x0000000701800000, 0x0000000701a00000, 0x0000000701a00000|100%| O|  |TAMS 0x0000000701800000| PB 0x0000000701800000| Untracked 
|  13|0x0000000701a00000, 0x0000000701c00000, 0x0000000701c00000|100%| O|  |TAMS 0x0000000701a00000| PB 0x0000000701a00000| Untracked 
|  14|0x0000000701c00000, 0x0000000701e00000, 0x0000000701e00000|100%| O|  |TAMS 0x0000000701c00000| PB 0x0000000701c00000| Untracked 
|  15|0x0000000701e00000, 0x0000000702000000, 0x0000000702000000|100%| O|  |TAMS 0x0000000701e00000| PB 0x0000000701e00000| Untracked 
|  16|0x0000000702000000, 0x0000000702200000, 0x0000000702200000|100%| O|  |TAMS 0x0000000702000000| PB 0x0000000702000000| Untracked 
|  17|0x0000000702200000, 0x0000000702400000, 0x0000000702400000|100%| O|  |TAMS 0x0000000702200000| PB 0x0000000702200000| Untracked 
|  18|0x0000000702400000, 0x0000000702600000, 0x0000000702600000|100%| O|  |TAMS 0x0000000702400000| PB 0x0000000702400000| Untracked 
|  19|0x0000000702600000, 0x0000000702800000, 0x0000000702800000|100%| O|  |TAMS 0x0000000702600000| PB 0x0000000702600000| Untracked 
|  20|0x0000000702800000, 0x0000000702a00000, 0x0000000702a00000|100%| O|  |TAMS 0x0000000702800000| PB 0x0000000702800000| Untracked 
|  21|0x0000000702a00000, 0x0000000702c00000, 0x0000000702c00000|100%| O|  |TAMS 0x0000000702a00000| PB 0x0000000702a00000| Untracked 
|  22|0x0000000702c00000, 0x0000000702e00000, 0x0000000702e00000|100%| O|  |TAMS 0x0000000702c00000| PB 0x0000000702c00000| Untracked 
|  23|0x0000000702e00000, 0x0000000703000000, 0x0000000703000000|100%| O|  |TAMS 0x0000000702e00000| PB 0x0000000702e00000| Untracked 
|  24|0x0000000703000000, 0x0000000703200000, 0x0000000703200000|100%| O|  |TAMS 0x0000000703000000| PB 0x0000000703000000| Untracked 
|  25|0x0000000703200000, 0x0000000703400000, 0x0000000703400000|100%| O|  |TAMS 0x0000000703200000| PB 0x0000000703200000| Untracked 
|  26|0x0000000703400000, 0x0000000703600000, 0x0000000703600000|100%| O|  |TAMS 0x0000000703400000| PB 0x0000000703400000| Untracked 
|  27|0x0000000703600000, 0x0000000703800000, 0x0000000703800000|100%| O|  |TAMS 0x0000000703600000| PB 0x0000000703600000| Untracked 
|  28|0x0000000703800000, 0x0000000703a00000, 0x0000000703a00000|100%| O|  |TAMS 0x0000000703800000| PB 0x0000000703800000| Untracked 
|  29|0x0000000703a00000, 0x0000000703c00000, 0x0000000703c00000|100%| O|  |TAMS 0x0000000703a00000| PB 0x0000000703a00000| Untracked 
|  30|0x0000000703c00000, 0x0000000703e00000, 0x0000000703e00000|100%| O|  |TAMS 0x0000000703c00000| PB 0x0000000703c00000| Untracked 
|  31|0x0000000703e00000, 0x0000000704000000, 0x0000000704000000|100%| O|  |TAMS 0x0000000703e00000| PB 0x0000000703e00000| Untracked 
|  32|0x0000000704000000, 0x0000000704200000, 0x0000000704200000|100%| O|  |TAMS 0x0000000704000000| PB 0x0000000704000000| Untracked 
|  33|0x0000000704200000, 0x0000000704400000, 0x0000000704400000|100%| O|  |TAMS 0x0000000704200000| PB 0x0000000704200000| Untracked 
|  34|0x0000000704400000, 0x0000000704600000, 0x0000000704600000|100%| O|  |TAMS 0x0000000704400000| PB 0x0000000704400000| Untracked 
|  35|0x0000000704600000, 0x0000000704800000, 0x0000000704800000|100%| O|  |TAMS 0x0000000704600000| PB 0x0000000704600000| Untracked 
|  36|0x0000000704800000, 0x0000000704a00000, 0x0000000704a00000|100%| O|  |TAMS 0x0000000704800000| PB 0x0000000704800000| Untracked 
|  37|0x0000000704a00000, 0x0000000704c00000, 0x0000000704c00000|100%| O|  |TAMS 0x0000000704a00000| PB 0x0000000704a00000| Untracked 
|  38|0x0000000704c00000, 0x0000000704e00000, 0x0000000704e00000|100%| O|  |TAMS 0x0000000704c00000| PB 0x0000000704c00000| Untracked 
|  39|0x0000000704e00000, 0x0000000705000000, 0x0000000705000000|100%| O|  |TAMS 0x0000000704e00000| PB 0x0000000704e00000| Untracked 
|  40|0x0000000705000000, 0x0000000705200000, 0x0000000705200000|100%| O|  |TAMS 0x0000000705000000| PB 0x0000000705000000| Untracked 
|  41|0x0000000705200000, 0x0000000705400000, 0x0000000705400000|100%| O|  |TAMS 0x0000000705200000| PB 0x0000000705200000| Untracked 
|  42|0x0000000705400000, 0x0000000705600000, 0x0000000705600000|100%| O|  |TAMS 0x0000000705400000| PB 0x0000000705400000| Untracked 
|  43|0x0000000705600000, 0x0000000705800000, 0x0000000705800000|100%| O|  |TAMS 0x0000000705600000| PB 0x0000000705600000| Untracked 
|  44|0x0000000705800000, 0x0000000705a00000, 0x0000000705a00000|100%| O|  |TAMS 0x0000000705800000| PB 0x0000000705800000| Untracked 
|  45|0x0000000705a00000, 0x0000000705c00000, 0x0000000705c00000|100%| O|  |TAMS 0x0000000705a00000| PB 0x0000000705a00000| Untracked 
|  46|0x0000000705c00000, 0x0000000705d42558, 0x0000000705e00000| 62%| O|  |TAMS 0x0000000705c00000| PB 0x0000000705c00000| Untracked 
|  47|0x0000000705e00000, 0x0000000705e00000, 0x0000000706000000|  0%| F|  |TAMS 0x0000000705e00000| PB 0x0000000705e00000| Untracked 
|  48|0x0000000706000000, 0x0000000706000000, 0x0000000706200000|  0%| F|  |TAMS 0x0000000706000000| PB 0x0000000706000000| Untracked 
|  49|0x0000000706200000, 0x0000000706200000, 0x0000000706400000|  0%| F|  |TAMS 0x0000000706200000| PB 0x0000000706200000| Untracked 
|  50|0x0000000706400000, 0x0000000706400000, 0x0000000706600000|  0%| F|  |TAMS 0x0000000706400000| PB 0x0000000706400000| Untracked 
|  51|0x0000000706600000, 0x0000000706600000, 0x0000000706800000|  0%| F|  |TAMS 0x0000000706600000| PB 0x0000000706600000| Untracked 
|  52|0x0000000706800000, 0x0000000706800000, 0x0000000706a00000|  0%| F|  |TAMS 0x0000000706800000| PB 0x0000000706800000| Untracked 
|  53|0x0000000706a00000, 0x0000000706a00000, 0x0000000706c00000|  0%| F|  |TAMS 0x0000000706a00000| PB 0x0000000706a00000| Untracked 
|  54|0x0000000706c00000, 0x0000000706c00000, 0x0000000706e00000|  0%| F|  |TAMS 0x0000000706c00000| PB 0x0000000706c00000| Untracked 
|  55|0x0000000706e00000, 0x0000000706e00000, 0x0000000707000000|  0%| F|  |TAMS 0x0000000706e00000| PB 0x0000000706e00000| Untracked 
|  56|0x0000000707000000, 0x0000000707000000, 0x0000000707200000|  0%| F|  |TAMS 0x0000000707000000| PB 0x0000000707000000| Untracked 
|  57|0x0000000707200000, 0x0000000707200000, 0x0000000707400000|  0%| F|  |TAMS 0x0000000707200000| PB 0x0000000707200000| Untracked 
|  58|0x0000000707400000, 0x0000000707400000, 0x0000000707600000|  0%| F|  |TAMS 0x0000000707400000| PB 0x0000000707400000| Untracked 
|  59|0x0000000707600000, 0x0000000707600000, 0x0000000707800000|  0%| F|  |TAMS 0x0000000707600000| PB 0x0000000707600000| Untracked 
|  60|0x0000000707800000, 0x0000000707800000, 0x0000000707a00000|  0%| F|  |TAMS 0x0000000707800000| PB 0x0000000707800000| Untracked 
|  61|0x0000000707a00000, 0x0000000707a00000, 0x0000000707c00000|  0%| F|  |TAMS 0x0000000707a00000| PB 0x0000000707a00000| Untracked 
|  62|0x0000000707c00000, 0x0000000707c00000, 0x0000000707e00000|  0%| F|  |TAMS 0x0000000707c00000| PB 0x0000000707c00000| Untracked 
|  63|0x0000000707e00000, 0x0000000707e00000, 0x0000000708000000|  0%| F|  |TAMS 0x0000000707e00000| PB 0x0000000707e00000| Untracked 
|  64|0x0000000708000000, 0x0000000708000000, 0x0000000708200000|  0%| F|  |TAMS 0x0000000708000000| PB 0x0000000708000000| Untracked 
|  65|0x0000000708200000, 0x0000000708200000, 0x0000000708400000|  0%| F|  |TAMS 0x0000000708200000| PB 0x0000000708200000| Untracked 
|  66|0x0000000708400000, 0x0000000708400000, 0x0000000708600000|  0%| F|  |TAMS 0x0000000708400000| PB 0x0000000708400000| Untracked 
|  67|0x0000000708600000, 0x0000000708600000, 0x0000000708800000|  0%| F|  |TAMS 0x0000000708600000| PB 0x0000000708600000| Untracked 
|  68|0x0000000708800000, 0x0000000708800000, 0x0000000708a00000|  0%| F|  |TAMS 0x0000000708800000| PB 0x0000000708800000| Untracked 
|  69|0x0000000708a00000, 0x0000000708a00000, 0x0000000708c00000|  0%| F|  |TAMS 0x0000000708a00000| PB 0x0000000708a00000| Untracked 
|  70|0x0000000708c00000, 0x0000000708c00000, 0x0000000708e00000|  0%| F|  |TAMS 0x0000000708c00000| PB 0x0000000708c00000| Untracked 
|  71|0x0000000708e00000, 0x0000000708e00000, 0x0000000709000000|  0%| F|  |TAMS 0x0000000708e00000| PB 0x0000000708e00000| Untracked 
|  72|0x0000000709000000, 0x0000000709000000, 0x0000000709200000|  0%| F|  |TAMS 0x0000000709000000| PB 0x0000000709000000| Untracked 
|  73|0x0000000709200000, 0x0000000709200000, 0x0000000709400000|  0%| F|  |TAMS 0x0000000709200000| PB 0x0000000709200000| Untracked 
|  74|0x0000000709400000, 0x0000000709400000, 0x0000000709600000|  0%| F|  |TAMS 0x0000000709400000| PB 0x0000000709400000| Untracked 
|  75|0x0000000709600000, 0x0000000709600000, 0x0000000709800000|  0%| F|  |TAMS 0x0000000709600000| PB 0x0000000709600000| Untracked 
|  76|0x0000000709800000, 0x0000000709800000, 0x0000000709a00000|  0%| F|  |TAMS 0x0000000709800000| PB 0x0000000709800000| Untracked 
|  77|0x0000000709a00000, 0x0000000709a00000, 0x0000000709c00000|  0%| F|  |TAMS 0x0000000709a00000| PB 0x0000000709a00000| Untracked 
|  78|0x0000000709c00000, 0x0000000709c00000, 0x0000000709e00000|  0%| F|  |TAMS 0x0000000709c00000| PB 0x0000000709c00000| Untracked 
|  79|0x0000000709e00000, 0x0000000709e00000, 0x000000070a000000|  0%| F|  |TAMS 0x0000000709e00000| PB 0x0000000709e00000| Untracked 
|  80|0x000000070a000000, 0x000000070a000000, 0x000000070a200000|  0%| F|  |TAMS 0x000000070a000000| PB 0x000000070a000000| Untracked 
|  81|0x000000070a200000, 0x000000070a200000, 0x000000070a400000|  0%| F|  |TAMS 0x000000070a200000| PB 0x000000070a200000| Untracked 
|  82|0x000000070a400000, 0x000000070a400000, 0x000000070a600000|  0%| F|  |TAMS 0x000000070a400000| PB 0x000000070a400000| Untracked 
|  83|0x000000070a600000, 0x000000070a600000, 0x000000070a800000|  0%| F|  |TAMS 0x000000070a600000| PB 0x000000070a600000| Untracked 
|  84|0x000000070a800000, 0x000000070a800000, 0x000000070aa00000|  0%| F|  |TAMS 0x000000070a800000| PB 0x000000070a800000| Untracked 
|  85|0x000000070aa00000, 0x000000070aa00000, 0x000000070ac00000|  0%| F|  |TAMS 0x000000070aa00000| PB 0x000000070aa00000| Untracked 
|  86|0x000000070ac00000, 0x000000070ac00000, 0x000000070ae00000|  0%| F|  |TAMS 0x000000070ac00000| PB 0x000000070ac00000| Untracked 
|  87|0x000000070ae00000, 0x000000070ae00000, 0x000000070b000000|  0%| F|  |TAMS 0x000000070ae00000| PB 0x000000070ae00000| Untracked 
|  88|0x000000070b000000, 0x000000070b000000, 0x000000070b200000|  0%| F|  |TAMS 0x000000070b000000| PB 0x000000070b000000| Untracked 
|  89|0x000000070b200000, 0x000000070b200000, 0x000000070b400000|  0%| F|  |TAMS 0x000000070b200000| PB 0x000000070b200000| Untracked 
|  90|0x000000070b400000, 0x000000070b400000, 0x000000070b600000|  0%| F|  |TAMS 0x000000070b400000| PB 0x000000070b400000| Untracked 
|  91|0x000000070b600000, 0x000000070b600000, 0x000000070b800000|  0%| F|  |TAMS 0x000000070b600000| PB 0x000000070b600000| Untracked 
|  92|0x000000070b800000, 0x000000070b800000, 0x000000070ba00000|  0%| F|  |TAMS 0x000000070b800000| PB 0x000000070b800000| Untracked 
|  93|0x000000070ba00000, 0x000000070ba00000, 0x000000070bc00000|  0%| F|  |TAMS 0x000000070ba00000| PB 0x000000070ba00000| Untracked 
|  94|0x000000070bc00000, 0x000000070bc00000, 0x000000070be00000|  0%| F|  |TAMS 0x000000070bc00000| PB 0x000000070bc00000| Untracked 
|  95|0x000000070be00000, 0x000000070be00000, 0x000000070c000000|  0%| F|  |TAMS 0x000000070be00000| PB 0x000000070be00000| Untracked 
|  96|0x000000070c000000, 0x000000070c000000, 0x000000070c200000|  0%| F|  |TAMS 0x000000070c000000| PB 0x000000070c000000| Untracked 
|  97|0x000000070c200000, 0x000000070c200000, 0x000000070c400000|  0%| F|  |TAMS 0x000000070c200000| PB 0x000000070c200000| Untracked 
|  98|0x000000070c400000, 0x000000070c400000, 0x000000070c600000|  0%| F|  |TAMS 0x000000070c400000| PB 0x000000070c400000| Untracked 
|  99|0x000000070c600000, 0x000000070c600000, 0x000000070c800000|  0%| F|  |TAMS 0x000000070c600000| PB 0x000000070c600000| Untracked 
| 100|0x000000070c800000, 0x000000070c800000, 0x000000070ca00000|  0%| F|  |TAMS 0x000000070c800000| PB 0x000000070c800000| Untracked 
| 101|0x000000070ca00000, 0x000000070ca00000, 0x000000070cc00000|  0%| F|  |TAMS 0x000000070ca00000| PB 0x000000070ca00000| Untracked 
| 102|0x000000070cc00000, 0x000000070cc00000, 0x000000070ce00000|  0%| F|  |TAMS 0x000000070cc00000| PB 0x000000070cc00000| Untracked 
| 103|0x000000070ce00000, 0x000000070ce00000, 0x000000070d000000|  0%| F|  |TAMS 0x000000070ce00000| PB 0x000000070ce00000| Untracked 
| 104|0x000000070d000000, 0x000000070d000000, 0x000000070d200000|  0%| F|  |TAMS 0x000000070d000000| PB 0x000000070d000000| Untracked 
| 105|0x000000070d200000, 0x000000070d200000, 0x000000070d400000|  0%| F|  |TAMS 0x000000070d200000| PB 0x000000070d200000| Untracked 
| 106|0x000000070d400000, 0x000000070d400000, 0x000000070d600000|  0%| F|  |TAMS 0x000000070d400000| PB 0x000000070d400000| Untracked 
| 107|0x000000070d600000, 0x000000070d600000, 0x000000070d800000|  0%| F|  |TAMS 0x000000070d600000| PB 0x000000070d600000| Untracked 
| 108|0x000000070d800000, 0x000000070d800000, 0x000000070da00000|  0%| F|  |TAMS 0x000000070d800000| PB 0x000000070d800000| Untracked 
| 109|0x000000070da00000, 0x000000070da00000, 0x000000070dc00000|  0%| F|  |TAMS 0x000000070da00000| PB 0x000000070da00000| Untracked 
| 110|0x000000070dc00000, 0x000000070dc00000, 0x000000070de00000|  0%| F|  |TAMS 0x000000070dc00000| PB 0x000000070dc00000| Untracked 
| 111|0x000000070de00000, 0x000000070de00000, 0x000000070e000000|  0%| F|  |TAMS 0x000000070de00000| PB 0x000000070de00000| Untracked 
| 112|0x000000070e000000, 0x000000070e000000, 0x000000070e200000|  0%| F|  |TAMS 0x000000070e000000| PB 0x000000070e000000| Untracked 
| 113|0x000000070e200000, 0x000000070e200000, 0x000000070e400000|  0%| F|  |TAMS 0x000000070e200000| PB 0x000000070e200000| Untracked 
| 114|0x000000070e400000, 0x000000070e400000, 0x000000070e600000|  0%| F|  |TAMS 0x000000070e400000| PB 0x000000070e400000| Untracked 
| 115|0x000000070e600000, 0x000000070e600000, 0x000000070e800000|  0%| F|  |TAMS 0x000000070e600000| PB 0x000000070e600000| Untracked 
| 116|0x000000070e800000, 0x000000070e800000, 0x000000070ea00000|  0%| F|  |TAMS 0x000000070e800000| PB 0x000000070e800000| Untracked 
| 117|0x000000070ea00000, 0x000000070ea00000, 0x000000070ec00000|  0%| F|  |TAMS 0x000000070ea00000| PB 0x000000070ea00000| Untracked 
| 118|0x000000070ec00000, 0x000000070ec00000, 0x000000070ee00000|  0%| F|  |TAMS 0x000000070ec00000| PB 0x000000070ec00000| Untracked 
| 119|0x000000070ee00000, 0x000000070ee00000, 0x000000070f000000|  0%| F|  |TAMS 0x000000070ee00000| PB 0x000000070ee00000| Untracked 
| 120|0x000000070f000000, 0x000000070f000000, 0x000000070f200000|  0%| F|  |TAMS 0x000000070f000000| PB 0x000000070f000000| Untracked 
| 121|0x000000070f200000, 0x000000070f200000, 0x000000070f400000|  0%| F|  |TAMS 0x000000070f200000| PB 0x000000070f200000| Untracked 
| 122|0x000000070f400000, 0x000000070f400000, 0x000000070f600000|  0%| F|  |TAMS 0x000000070f400000| PB 0x000000070f400000| Untracked 
| 123|0x000000070f600000, 0x000000070f600000, 0x000000070f800000|  0%| F|  |TAMS 0x000000070f600000| PB 0x000000070f600000| Untracked 
| 124|0x000000070f800000, 0x000000070f800000, 0x000000070fa00000|  0%| F|  |TAMS 0x000000070f800000| PB 0x000000070f800000| Untracked 
| 125|0x000000070fa00000, 0x000000070fa00000, 0x000000070fc00000|  0%| F|  |TAMS 0x000000070fa00000| PB 0x000000070fa00000| Untracked 
| 126|0x000000070fc00000, 0x000000070fc00000, 0x000000070fe00000|  0%| F|  |TAMS 0x000000070fc00000| PB 0x000000070fc00000| Untracked 
| 127|0x000000070fe00000, 0x000000070fe00000, 0x0000000710000000|  0%| F|  |TAMS 0x000000070fe00000| PB 0x000000070fe00000| Untracked 
| 128|0x0000000710000000, 0x0000000710000000, 0x0000000710200000|  0%| F|  |TAMS 0x0000000710000000| PB 0x0000000710000000| Untracked 
| 129|0x0000000710200000, 0x0000000710200000, 0x0000000710400000|  0%| F|  |TAMS 0x0000000710200000| PB 0x0000000710200000| Untracked 
| 130|0x0000000710400000, 0x0000000710400000, 0x0000000710600000|  0%| F|  |TAMS 0x0000000710400000| PB 0x0000000710400000| Untracked 
| 131|0x0000000710600000, 0x0000000710600000, 0x0000000710800000|  0%| F|  |TAMS 0x0000000710600000| PB 0x0000000710600000| Untracked 
| 132|0x0000000710800000, 0x0000000710800000, 0x0000000710a00000|  0%| F|  |TAMS 0x0000000710800000| PB 0x0000000710800000| Untracked 
| 133|0x0000000710a00000, 0x0000000710a00000, 0x0000000710c00000|  0%| F|  |TAMS 0x0000000710a00000| PB 0x0000000710a00000| Untracked 
| 134|0x0000000710c00000, 0x0000000710c00000, 0x0000000710e00000|  0%| F|  |TAMS 0x0000000710c00000| PB 0x0000000710c00000| Untracked 
| 135|0x0000000710e00000, 0x0000000710e00000, 0x0000000711000000|  0%| F|  |TAMS 0x0000000710e00000| PB 0x0000000710e00000| Untracked 
| 136|0x0000000711000000, 0x0000000711000000, 0x0000000711200000|  0%| F|  |TAMS 0x0000000711000000| PB 0x0000000711000000| Untracked 
| 137|0x0000000711200000, 0x0000000711200000, 0x0000000711400000|  0%| F|  |TAMS 0x0000000711200000| PB 0x0000000711200000| Untracked 
| 138|0x0000000711400000, 0x0000000711400000, 0x0000000711600000|  0%| F|  |TAMS 0x0000000711400000| PB 0x0000000711400000| Untracked 
| 139|0x0000000711600000, 0x0000000711600000, 0x0000000711800000|  0%| F|  |TAMS 0x0000000711600000| PB 0x0000000711600000| Untracked 
| 140|0x0000000711800000, 0x00000007118f8008, 0x0000000711a00000| 48%| S|CS|TAMS 0x0000000711800000| PB 0x0000000711800000| Complete 
| 141|0x0000000711a00000, 0x0000000711c00000, 0x0000000711c00000|100%| S|CS|TAMS 0x0000000711a00000| PB 0x0000000711a00000| Complete 
| 142|0x0000000711c00000, 0x0000000711e00000, 0x0000000711e00000|100%| S|CS|TAMS 0x0000000711c00000| PB 0x0000000711c00000| Complete 
| 143|0x0000000711e00000, 0x0000000712000000, 0x0000000712000000|100%| S|CS|TAMS 0x0000000711e00000| PB 0x0000000711e00000| Complete 
| 144|0x0000000712000000, 0x0000000712200000, 0x0000000712200000|100%| S|CS|TAMS 0x0000000712000000| PB 0x0000000712000000| Complete 
| 145|0x0000000712200000, 0x0000000712400000, 0x0000000712400000|100%| S|CS|TAMS 0x0000000712200000| PB 0x0000000712200000| Complete 
| 146|0x0000000712400000, 0x0000000712600000, 0x0000000712600000|100%| S|CS|TAMS 0x0000000712400000| PB 0x0000000712400000| Complete 
| 147|0x0000000712600000, 0x0000000712800000, 0x0000000712800000|100%| S|CS|TAMS 0x0000000712600000| PB 0x0000000712600000| Complete 
| 148|0x0000000712800000, 0x0000000712a00000, 0x0000000712a00000|100%| S|CS|TAMS 0x0000000712800000| PB 0x0000000712800000| Complete 
| 149|0x0000000712a00000, 0x0000000712c00000, 0x0000000712c00000|100%| S|CS|TAMS 0x0000000712a00000| PB 0x0000000712a00000| Complete 
| 150|0x0000000712c00000, 0x0000000712e00000, 0x0000000712e00000|100%| S|CS|TAMS 0x0000000712c00000| PB 0x0000000712c00000| Complete 
| 151|0x0000000712e00000, 0x0000000712e00000, 0x0000000713000000|  0%| F|  |TAMS 0x0000000712e00000| PB 0x0000000712e00000| Untracked 
| 152|0x0000000713000000, 0x0000000713000000, 0x0000000713200000|  0%| F|  |TAMS 0x0000000713000000| PB 0x0000000713000000| Untracked 
| 153|0x0000000713200000, 0x0000000713200000, 0x0000000713400000|  0%| F|  |TAMS 0x0000000713200000| PB 0x0000000713200000| Untracked 
| 154|0x0000000713400000, 0x0000000713400000, 0x0000000713600000|  0%| F|  |TAMS 0x0000000713400000| PB 0x0000000713400000| Untracked 
| 155|0x0000000713600000, 0x0000000713600000, 0x0000000713800000|  0%| F|  |TAMS 0x0000000713600000| PB 0x0000000713600000| Untracked 
| 156|0x0000000713800000, 0x0000000713800000, 0x0000000713a00000|  0%| F|  |TAMS 0x0000000713800000| PB 0x0000000713800000| Untracked 
| 157|0x0000000713a00000, 0x0000000713a00000, 0x0000000713c00000|  0%| F|  |TAMS 0x0000000713a00000| PB 0x0000000713a00000| Untracked 
| 158|0x0000000713c00000, 0x0000000713c00000, 0x0000000713e00000|  0%| F|  |TAMS 0x0000000713c00000| PB 0x0000000713c00000| Untracked 
| 159|0x0000000713e00000, 0x0000000713e00000, 0x0000000714000000|  0%| F|  |TAMS 0x0000000713e00000| PB 0x0000000713e00000| Untracked 
| 160|0x0000000714000000, 0x0000000714000000, 0x0000000714200000|  0%| F|  |TAMS 0x0000000714000000| PB 0x0000000714000000| Untracked 
| 161|0x0000000714200000, 0x0000000714200000, 0x0000000714400000|  0%| F|  |TAMS 0x0000000714200000| PB 0x0000000714200000| Untracked 
| 162|0x0000000714400000, 0x0000000714400000, 0x0000000714600000|  0%| F|  |TAMS 0x0000000714400000| PB 0x0000000714400000| Untracked 
| 163|0x0000000714600000, 0x0000000714600000, 0x0000000714800000|  0%| F|  |TAMS 0x0000000714600000| PB 0x0000000714600000| Untracked 
| 164|0x0000000714800000, 0x0000000714800000, 0x0000000714a00000|  0%| F|  |TAMS 0x0000000714800000| PB 0x0000000714800000| Untracked 
| 165|0x0000000714a00000, 0x0000000714a00000, 0x0000000714c00000|  0%| F|  |TAMS 0x0000000714a00000| PB 0x0000000714a00000| Untracked 
| 166|0x0000000714c00000, 0x0000000714c00000, 0x0000000714e00000|  0%| F|  |TAMS 0x0000000714c00000| PB 0x0000000714c00000| Untracked 
| 167|0x0000000714e00000, 0x0000000714e00000, 0x0000000715000000|  0%| F|  |TAMS 0x0000000714e00000| PB 0x0000000714e00000| Untracked 
| 168|0x0000000715000000, 0x0000000715000000, 0x0000000715200000|  0%| F|  |TAMS 0x0000000715000000| PB 0x0000000715000000| Untracked 
| 169|0x0000000715200000, 0x0000000715200000, 0x0000000715400000|  0%| F|  |TAMS 0x0000000715200000| PB 0x0000000715200000| Untracked 
| 170|0x0000000715400000, 0x0000000715400000, 0x0000000715600000|  0%| F|  |TAMS 0x0000000715400000| PB 0x0000000715400000| Untracked 
| 171|0x0000000715600000, 0x0000000715600000, 0x0000000715800000|  0%| F|  |TAMS 0x0000000715600000| PB 0x0000000715600000| Untracked 
| 172|0x0000000715800000, 0x0000000715800000, 0x0000000715a00000|  0%| F|  |TAMS 0x0000000715800000| PB 0x0000000715800000| Untracked 
| 173|0x0000000715a00000, 0x0000000715a00000, 0x0000000715c00000|  0%| F|  |TAMS 0x0000000715a00000| PB 0x0000000715a00000| Untracked 
| 174|0x0000000715c00000, 0x0000000715c00000, 0x0000000715e00000|  0%| F|  |TAMS 0x0000000715c00000| PB 0x0000000715c00000| Untracked 
| 175|0x0000000715e00000, 0x0000000715e00000, 0x0000000716000000|  0%| F|  |TAMS 0x0000000715e00000| PB 0x0000000715e00000| Untracked 
| 176|0x0000000716000000, 0x0000000716000000, 0x0000000716200000|  0%| F|  |TAMS 0x0000000716000000| PB 0x0000000716000000| Untracked 
| 177|0x0000000716200000, 0x0000000716200000, 0x0000000716400000|  0%| F|  |TAMS 0x0000000716200000| PB 0x0000000716200000| Untracked 
| 178|0x0000000716400000, 0x0000000716400000, 0x0000000716600000|  0%| F|  |TAMS 0x0000000716400000| PB 0x0000000716400000| Untracked 
| 179|0x0000000716600000, 0x0000000716600000, 0x0000000716800000|  0%| F|  |TAMS 0x0000000716600000| PB 0x0000000716600000| Untracked 
| 180|0x0000000716800000, 0x0000000716800000, 0x0000000716a00000|  0%| F|  |TAMS 0x0000000716800000| PB 0x0000000716800000| Untracked 
| 181|0x0000000716a00000, 0x0000000716a00000, 0x0000000716c00000|  0%| F|  |TAMS 0x0000000716a00000| PB 0x0000000716a00000| Untracked 
| 182|0x0000000716c00000, 0x0000000716c00000, 0x0000000716e00000|  0%| F|  |TAMS 0x0000000716c00000| PB 0x0000000716c00000| Untracked 
| 183|0x0000000716e00000, 0x0000000716e00000, 0x0000000717000000|  0%| F|  |TAMS 0x0000000716e00000| PB 0x0000000716e00000| Untracked 
| 184|0x0000000717000000, 0x0000000717000000, 0x0000000717200000|  0%| F|  |TAMS 0x0000000717000000| PB 0x0000000717000000| Untracked 
| 185|0x0000000717200000, 0x0000000717200000, 0x0000000717400000|  0%| F|  |TAMS 0x0000000717200000| PB 0x0000000717200000| Untracked 
| 186|0x0000000717400000, 0x0000000717400000, 0x0000000717600000|  0%| F|  |TAMS 0x0000000717400000| PB 0x0000000717400000| Untracked 
| 187|0x0000000717600000, 0x0000000717600000, 0x0000000717800000|  0%| F|  |TAMS 0x0000000717600000| PB 0x0000000717600000| Untracked 
| 188|0x0000000717800000, 0x0000000717800000, 0x0000000717a00000|  0%| F|  |TAMS 0x0000000717800000| PB 0x0000000717800000| Untracked 
| 189|0x0000000717a00000, 0x0000000717a00000, 0x0000000717c00000|  0%| F|  |TAMS 0x0000000717a00000| PB 0x0000000717a00000| Untracked 
| 190|0x0000000717c00000, 0x0000000717c00000, 0x0000000717e00000|  0%| F|  |TAMS 0x0000000717c00000| PB 0x0000000717c00000| Untracked 
| 191|0x0000000717e00000, 0x0000000717e00000, 0x0000000718000000|  0%| F|  |TAMS 0x0000000717e00000| PB 0x0000000717e00000| Untracked 
| 192|0x0000000718000000, 0x0000000718000000, 0x0000000718200000|  0%| F|  |TAMS 0x0000000718000000| PB 0x0000000718000000| Untracked 
| 193|0x0000000718200000, 0x0000000718200000, 0x0000000718400000|  0%| F|  |TAMS 0x0000000718200000| PB 0x0000000718200000| Untracked 
| 194|0x0000000718400000, 0x0000000718400000, 0x0000000718600000|  0%| F|  |TAMS 0x0000000718400000| PB 0x0000000718400000| Untracked 
| 195|0x0000000718600000, 0x0000000718600000, 0x0000000718800000|  0%| F|  |TAMS 0x0000000718600000| PB 0x0000000718600000| Untracked 
| 196|0x0000000718800000, 0x0000000718800000, 0x0000000718a00000|  0%| F|  |TAMS 0x0000000718800000| PB 0x0000000718800000| Untracked 
| 197|0x0000000718a00000, 0x0000000718a00000, 0x0000000718c00000|  0%| F|  |TAMS 0x0000000718a00000| PB 0x0000000718a00000| Untracked 
| 198|0x0000000718c00000, 0x0000000718c00000, 0x0000000718e00000|  0%| F|  |TAMS 0x0000000718c00000| PB 0x0000000718c00000| Untracked 
| 199|0x0000000718e00000, 0x0000000718e00000, 0x0000000719000000|  0%| F|  |TAMS 0x0000000718e00000| PB 0x0000000718e00000| Untracked 
| 200|0x0000000719000000, 0x0000000719000000, 0x0000000719200000|  0%| F|  |TAMS 0x0000000719000000| PB 0x0000000719000000| Untracked 
| 201|0x0000000719200000, 0x0000000719200000, 0x0000000719400000|  0%| F|  |TAMS 0x0000000719200000| PB 0x0000000719200000| Untracked 
| 202|0x0000000719400000, 0x0000000719400000, 0x0000000719600000|  0%| F|  |TAMS 0x0000000719400000| PB 0x0000000719400000| Untracked 
| 203|0x0000000719600000, 0x0000000719600000, 0x0000000719800000|  0%| F|  |TAMS 0x0000000719600000| PB 0x0000000719600000| Untracked 
| 204|0x0000000719800000, 0x0000000719800000, 0x0000000719a00000|  0%| F|  |TAMS 0x0000000719800000| PB 0x0000000719800000| Untracked 
| 205|0x0000000719a00000, 0x0000000719a00000, 0x0000000719c00000|  0%| F|  |TAMS 0x0000000719a00000| PB 0x0000000719a00000| Untracked 
| 206|0x0000000719c00000, 0x0000000719c00000, 0x0000000719e00000|  0%| F|  |TAMS 0x0000000719c00000| PB 0x0000000719c00000| Untracked 
| 207|0x0000000719e00000, 0x0000000719e00000, 0x000000071a000000|  0%| F|  |TAMS 0x0000000719e00000| PB 0x0000000719e00000| Untracked 
| 208|0x000000071a000000, 0x000000071a000000, 0x000000071a200000|  0%| F|  |TAMS 0x000000071a000000| PB 0x000000071a000000| Untracked 
| 209|0x000000071a200000, 0x000000071a200000, 0x000000071a400000|  0%| F|  |TAMS 0x000000071a200000| PB 0x000000071a200000| Untracked 
| 210|0x000000071a400000, 0x000000071a400000, 0x000000071a600000|  0%| F|  |TAMS 0x000000071a400000| PB 0x000000071a400000| Untracked 
| 211|0x000000071a600000, 0x000000071a600000, 0x000000071a800000|  0%| F|  |TAMS 0x000000071a600000| PB 0x000000071a600000| Untracked 
| 212|0x000000071a800000, 0x000000071a800000, 0x000000071aa00000|  0%| F|  |TAMS 0x000000071a800000| PB 0x000000071a800000| Untracked 
| 213|0x000000071aa00000, 0x000000071aa00000, 0x000000071ac00000|  0%| F|  |TAMS 0x000000071aa00000| PB 0x000000071aa00000| Untracked 
| 214|0x000000071ac00000, 0x000000071ac00000, 0x000000071ae00000|  0%| F|  |TAMS 0x000000071ac00000| PB 0x000000071ac00000| Untracked 
| 215|0x000000071ae00000, 0x000000071ae00000, 0x000000071b000000|  0%| F|  |TAMS 0x000000071ae00000| PB 0x000000071ae00000| Untracked 
| 216|0x000000071b000000, 0x000000071b000000, 0x000000071b200000|  0%| F|  |TAMS 0x000000071b000000| PB 0x000000071b000000| Untracked 
| 217|0x000000071b200000, 0x000000071b200000, 0x000000071b400000|  0%| F|  |TAMS 0x000000071b200000| PB 0x000000071b200000| Untracked 
| 218|0x000000071b400000, 0x000000071b400000, 0x000000071b600000|  0%| F|  |TAMS 0x000000071b400000| PB 0x000000071b400000| Untracked 
| 219|0x000000071b600000, 0x000000071b600000, 0x000000071b800000|  0%| F|  |TAMS 0x000000071b600000| PB 0x000000071b600000| Untracked 
| 220|0x000000071b800000, 0x000000071b800000, 0x000000071ba00000|  0%| F|  |TAMS 0x000000071b800000| PB 0x000000071b800000| Untracked 
| 221|0x000000071ba00000, 0x000000071ba00000, 0x000000071bc00000|  0%| F|  |TAMS 0x000000071ba00000| PB 0x000000071ba00000| Untracked 
| 222|0x000000071bc00000, 0x000000071bc00000, 0x000000071be00000|  0%| F|  |TAMS 0x000000071bc00000| PB 0x000000071bc00000| Untracked 
| 223|0x000000071be00000, 0x000000071be00000, 0x000000071c000000|  0%| F|  |TAMS 0x000000071be00000| PB 0x000000071be00000| Untracked 
| 224|0x000000071c000000, 0x000000071c000000, 0x000000071c200000|  0%| F|  |TAMS 0x000000071c000000| PB 0x000000071c000000| Untracked 
| 225|0x000000071c200000, 0x000000071c200000, 0x000000071c400000|  0%| F|  |TAMS 0x000000071c200000| PB 0x000000071c200000| Untracked 
| 226|0x000000071c400000, 0x000000071c400000, 0x000000071c600000|  0%| F|  |TAMS 0x000000071c400000| PB 0x000000071c400000| Untracked 
| 227|0x000000071c600000, 0x000000071c600000, 0x000000071c800000|  0%| F|  |TAMS 0x000000071c600000| PB 0x000000071c600000| Untracked 
| 228|0x000000071c800000, 0x000000071c800000, 0x000000071ca00000|  0%| F|  |TAMS 0x000000071c800000| PB 0x000000071c800000| Untracked 
| 229|0x000000071ca00000, 0x000000071ca00000, 0x000000071cc00000|  0%| F|  |TAMS 0x000000071ca00000| PB 0x000000071ca00000| Untracked 
| 230|0x000000071cc00000, 0x000000071cc00000, 0x000000071ce00000|  0%| F|  |TAMS 0x000000071cc00000| PB 0x000000071cc00000| Untracked 
| 231|0x000000071ce00000, 0x000000071ce00000, 0x000000071d000000|  0%| F|  |TAMS 0x000000071ce00000| PB 0x000000071ce00000| Untracked 
| 232|0x000000071d000000, 0x000000071d000000, 0x000000071d200000|  0%| F|  |TAMS 0x000000071d000000| PB 0x000000071d000000| Untracked 
| 233|0x000000071d200000, 0x000000071d200000, 0x000000071d400000|  0%| F|  |TAMS 0x000000071d200000| PB 0x000000071d200000| Untracked 
| 234|0x000000071d400000, 0x000000071d400000, 0x000000071d600000|  0%| F|  |TAMS 0x000000071d400000| PB 0x000000071d400000| Untracked 
| 235|0x000000071d600000, 0x000000071d600000, 0x000000071d800000|  0%| F|  |TAMS 0x000000071d600000| PB 0x000000071d600000| Untracked 
| 236|0x000000071d800000, 0x000000071d800000, 0x000000071da00000|  0%| F|  |TAMS 0x000000071d800000| PB 0x000000071d800000| Untracked 
| 237|0x000000071da00000, 0x000000071da00000, 0x000000071dc00000|  0%| F|  |TAMS 0x000000071da00000| PB 0x000000071da00000| Untracked 
| 238|0x000000071dc00000, 0x000000071dc00000, 0x000000071de00000|  0%| F|  |TAMS 0x000000071dc00000| PB 0x000000071dc00000| Untracked 
| 239|0x000000071de00000, 0x000000071de00000, 0x000000071e000000|  0%| F|  |TAMS 0x000000071de00000| PB 0x000000071de00000| Untracked 
| 240|0x000000071e000000, 0x000000071e000000, 0x000000071e200000|  0%| F|  |TAMS 0x000000071e000000| PB 0x000000071e000000| Untracked 
| 241|0x000000071e200000, 0x000000071e200000, 0x000000071e400000|  0%| F|  |TAMS 0x000000071e200000| PB 0x000000071e200000| Untracked 
| 242|0x000000071e400000, 0x000000071e400000, 0x000000071e600000|  0%| F|  |TAMS 0x000000071e400000| PB 0x000000071e400000| Untracked 
| 243|0x000000071e600000, 0x000000071e600000, 0x000000071e800000|  0%| F|  |TAMS 0x000000071e600000| PB 0x000000071e600000| Untracked 
| 244|0x000000071e800000, 0x000000071e800000, 0x000000071ea00000|  0%| F|  |TAMS 0x000000071e800000| PB 0x000000071e800000| Untracked 
| 245|0x000000071ea00000, 0x000000071ea00000, 0x000000071ec00000|  0%| F|  |TAMS 0x000000071ea00000| PB 0x000000071ea00000| Untracked 
| 246|0x000000071ec00000, 0x000000071ec00000, 0x000000071ee00000|  0%| F|  |TAMS 0x000000071ec00000| PB 0x000000071ec00000| Untracked 
| 247|0x000000071ee00000, 0x000000071ee00000, 0x000000071f000000|  0%| F|  |TAMS 0x000000071ee00000| PB 0x000000071ee00000| Untracked 
| 248|0x000000071f000000, 0x000000071f000000, 0x000000071f200000|  0%| F|  |TAMS 0x000000071f000000| PB 0x000000071f000000| Untracked 
| 249|0x000000071f200000, 0x000000071f200000, 0x000000071f400000|  0%| F|  |TAMS 0x000000071f200000| PB 0x000000071f200000| Untracked 
| 250|0x000000071f400000, 0x000000071f400000, 0x000000071f600000|  0%| F|  |TAMS 0x000000071f400000| PB 0x000000071f400000| Untracked 
| 251|0x000000071f600000, 0x000000071f600000, 0x000000071f800000|  0%| F|  |TAMS 0x000000071f600000| PB 0x000000071f600000| Untracked 
| 252|0x000000071f800000, 0x000000071f800000, 0x000000071fa00000|  0%| F|  |TAMS 0x000000071f800000| PB 0x000000071f800000| Untracked 
| 253|0x000000071fa00000, 0x000000071fa00000, 0x000000071fc00000|  0%| F|  |TAMS 0x000000071fa00000| PB 0x000000071fa00000| Untracked 
| 254|0x000000071fc00000, 0x000000071fc00000, 0x000000071fe00000|  0%| F|  |TAMS 0x000000071fc00000| PB 0x000000071fc00000| Untracked 
| 255|0x000000071fe00000, 0x000000071fe00000, 0x0000000720000000|  0%| F|  |TAMS 0x000000071fe00000| PB 0x000000071fe00000| Untracked 
| 256|0x0000000720000000, 0x0000000720000000, 0x0000000720200000|  0%| F|  |TAMS 0x0000000720000000| PB 0x0000000720000000| Untracked 
| 257|0x0000000720200000, 0x0000000720200000, 0x0000000720400000|  0%| F|  |TAMS 0x0000000720200000| PB 0x0000000720200000| Untracked 
| 258|0x0000000720400000, 0x0000000720400000, 0x0000000720600000|  0%| F|  |TAMS 0x0000000720400000| PB 0x0000000720400000| Untracked 
| 259|0x0000000720600000, 0x0000000720600000, 0x0000000720800000|  0%| F|  |TAMS 0x0000000720600000| PB 0x0000000720600000| Untracked 
| 260|0x0000000720800000, 0x0000000720800000, 0x0000000720a00000|  0%| F|  |TAMS 0x0000000720800000| PB 0x0000000720800000| Untracked 
| 261|0x0000000720a00000, 0x0000000720a00000, 0x0000000720c00000|  0%| F|  |TAMS 0x0000000720a00000| PB 0x0000000720a00000| Untracked 
| 262|0x0000000720c00000, 0x0000000720c00000, 0x0000000720e00000|  0%| F|  |TAMS 0x0000000720c00000| PB 0x0000000720c00000| Untracked 
| 263|0x0000000720e00000, 0x0000000720e00000, 0x0000000721000000|  0%| F|  |TAMS 0x0000000720e00000| PB 0x0000000720e00000| Untracked 
| 264|0x0000000721000000, 0x0000000721000000, 0x0000000721200000|  0%| F|  |TAMS 0x0000000721000000| PB 0x0000000721000000| Untracked 
| 265|0x0000000721200000, 0x0000000721200000, 0x0000000721400000|  0%| F|  |TAMS 0x0000000721200000| PB 0x0000000721200000| Untracked 
| 266|0x0000000721400000, 0x0000000721400000, 0x0000000721600000|  0%| F|  |TAMS 0x0000000721400000| PB 0x0000000721400000| Untracked 
| 267|0x0000000721600000, 0x0000000721600000, 0x0000000721800000|  0%| F|  |TAMS 0x0000000721600000| PB 0x0000000721600000| Untracked 
| 268|0x0000000721800000, 0x0000000721800000, 0x0000000721a00000|  0%| F|  |TAMS 0x0000000721800000| PB 0x0000000721800000| Untracked 
| 269|0x0000000721a00000, 0x0000000721a00000, 0x0000000721c00000|  0%| F|  |TAMS 0x0000000721a00000| PB 0x0000000721a00000| Untracked 
| 270|0x0000000721c00000, 0x0000000721c00000, 0x0000000721e00000|  0%| F|  |TAMS 0x0000000721c00000| PB 0x0000000721c00000| Untracked 
| 271|0x0000000721e00000, 0x0000000721e00000, 0x0000000722000000|  0%| F|  |TAMS 0x0000000721e00000| PB 0x0000000721e00000| Untracked 
| 272|0x0000000722000000, 0x0000000722000000, 0x0000000722200000|  0%| F|  |TAMS 0x0000000722000000| PB 0x0000000722000000| Untracked 
| 273|0x0000000722200000, 0x0000000722200000, 0x0000000722400000|  0%| F|  |TAMS 0x0000000722200000| PB 0x0000000722200000| Untracked 
| 274|0x0000000722400000, 0x0000000722400000, 0x0000000722600000|  0%| F|  |TAMS 0x0000000722400000| PB 0x0000000722400000| Untracked 
| 275|0x0000000722600000, 0x0000000722600000, 0x0000000722800000|  0%| F|  |TAMS 0x0000000722600000| PB 0x0000000722600000| Untracked 
| 276|0x0000000722800000, 0x0000000722800000, 0x0000000722a00000|  0%| F|  |TAMS 0x0000000722800000| PB 0x0000000722800000| Untracked 
| 277|0x0000000722a00000, 0x0000000722a00000, 0x0000000722c00000|  0%| F|  |TAMS 0x0000000722a00000| PB 0x0000000722a00000| Untracked 
| 278|0x0000000722c00000, 0x0000000722c00000, 0x0000000722e00000|  0%| F|  |TAMS 0x0000000722c00000| PB 0x0000000722c00000| Untracked 
| 279|0x0000000722e00000, 0x0000000722e00000, 0x0000000723000000|  0%| F|  |TAMS 0x0000000722e00000| PB 0x0000000722e00000| Untracked 
| 280|0x0000000723000000, 0x0000000723000000, 0x0000000723200000|  0%| F|  |TAMS 0x0000000723000000| PB 0x0000000723000000| Untracked 
| 281|0x0000000723200000, 0x0000000723200000, 0x0000000723400000|  0%| F|  |TAMS 0x0000000723200000| PB 0x0000000723200000| Untracked 
| 282|0x0000000723400000, 0x0000000723400000, 0x0000000723600000|  0%| F|  |TAMS 0x0000000723400000| PB 0x0000000723400000| Untracked 
| 283|0x0000000723600000, 0x0000000723600000, 0x0000000723800000|  0%| F|  |TAMS 0x0000000723600000| PB 0x0000000723600000| Untracked 
| 284|0x0000000723800000, 0x0000000723800000, 0x0000000723a00000|  0%| F|  |TAMS 0x0000000723800000| PB 0x0000000723800000| Untracked 
| 285|0x0000000723a00000, 0x0000000723a00000, 0x0000000723c00000|  0%| F|  |TAMS 0x0000000723a00000| PB 0x0000000723a00000| Untracked 
| 286|0x0000000723c00000, 0x0000000723c00000, 0x0000000723e00000|  0%| F|  |TAMS 0x0000000723c00000| PB 0x0000000723c00000| Untracked 
| 287|0x0000000723e00000, 0x0000000723e00000, 0x0000000724000000|  0%| F|  |TAMS 0x0000000723e00000| PB 0x0000000723e00000| Untracked 
| 288|0x0000000724000000, 0x0000000724000000, 0x0000000724200000|  0%| F|  |TAMS 0x0000000724000000| PB 0x0000000724000000| Untracked 
| 289|0x0000000724200000, 0x0000000724200000, 0x0000000724400000|  0%| F|  |TAMS 0x0000000724200000| PB 0x0000000724200000| Untracked 
| 290|0x0000000724400000, 0x0000000724400000, 0x0000000724600000|  0%| F|  |TAMS 0x0000000724400000| PB 0x0000000724400000| Untracked 
| 291|0x0000000724600000, 0x0000000724600000, 0x0000000724800000|  0%| F|  |TAMS 0x0000000724600000| PB 0x0000000724600000| Untracked 
| 292|0x0000000724800000, 0x0000000724800000, 0x0000000724a00000|  0%| F|  |TAMS 0x0000000724800000| PB 0x0000000724800000| Untracked 
| 293|0x0000000724a00000, 0x0000000724a00000, 0x0000000724c00000|  0%| F|  |TAMS 0x0000000724a00000| PB 0x0000000724a00000| Untracked 
| 294|0x0000000724c00000, 0x0000000724c00000, 0x0000000724e00000|  0%| F|  |TAMS 0x0000000724c00000| PB 0x0000000724c00000| Untracked 
| 295|0x0000000724e00000, 0x0000000724e00000, 0x0000000725000000|  0%| F|  |TAMS 0x0000000724e00000| PB 0x0000000724e00000| Untracked 
| 296|0x0000000725000000, 0x0000000725000000, 0x0000000725200000|  0%| F|  |TAMS 0x0000000725000000| PB 0x0000000725000000| Untracked 
| 297|0x0000000725200000, 0x0000000725200000, 0x0000000725400000|  0%| F|  |TAMS 0x0000000725200000| PB 0x0000000725200000| Untracked 
| 298|0x0000000725400000, 0x0000000725400000, 0x0000000725600000|  0%| F|  |TAMS 0x0000000725400000| PB 0x0000000725400000| Untracked 
| 299|0x0000000725600000, 0x0000000725600000, 0x0000000725800000|  0%| F|  |TAMS 0x0000000725600000| PB 0x0000000725600000| Untracked 
| 300|0x0000000725800000, 0x0000000725800000, 0x0000000725a00000|  0%| F|  |TAMS 0x0000000725800000| PB 0x0000000725800000| Untracked 
| 301|0x0000000725a00000, 0x0000000725a00000, 0x0000000725c00000|  0%| F|  |TAMS 0x0000000725a00000| PB 0x0000000725a00000| Untracked 
| 302|0x0000000725c00000, 0x0000000725c00000, 0x0000000725e00000|  0%| F|  |TAMS 0x0000000725c00000| PB 0x0000000725c00000| Untracked 
| 303|0x0000000725e00000, 0x0000000725e00000, 0x0000000726000000|  0%| F|  |TAMS 0x0000000725e00000| PB 0x0000000725e00000| Untracked 
| 304|0x0000000726000000, 0x0000000726000000, 0x0000000726200000|  0%| F|  |TAMS 0x0000000726000000| PB 0x0000000726000000| Untracked 
| 305|0x0000000726200000, 0x0000000726200000, 0x0000000726400000|  0%| F|  |TAMS 0x0000000726200000| PB 0x0000000726200000| Untracked 
| 306|0x0000000726400000, 0x0000000726400000, 0x0000000726600000|  0%| F|  |TAMS 0x0000000726400000| PB 0x0000000726400000| Untracked 
| 307|0x0000000726600000, 0x0000000726600000, 0x0000000726800000|  0%| F|  |TAMS 0x0000000726600000| PB 0x0000000726600000| Untracked 
| 308|0x0000000726800000, 0x0000000726800000, 0x0000000726a00000|  0%| F|  |TAMS 0x0000000726800000| PB 0x0000000726800000| Untracked 
| 309|0x0000000726a00000, 0x0000000726a00000, 0x0000000726c00000|  0%| F|  |TAMS 0x0000000726a00000| PB 0x0000000726a00000| Untracked 
| 310|0x0000000726c00000, 0x0000000726c00000, 0x0000000726e00000|  0%| F|  |TAMS 0x0000000726c00000| PB 0x0000000726c00000| Untracked 
| 311|0x0000000726e00000, 0x0000000726e00000, 0x0000000727000000|  0%| F|  |TAMS 0x0000000726e00000| PB 0x0000000726e00000| Untracked 
| 312|0x0000000727000000, 0x0000000727000000, 0x0000000727200000|  0%| F|  |TAMS 0x0000000727000000| PB 0x0000000727000000| Untracked 
| 313|0x0000000727200000, 0x0000000727200000, 0x0000000727400000|  0%| F|  |TAMS 0x0000000727200000| PB 0x0000000727200000| Untracked 
| 314|0x0000000727400000, 0x0000000727400000, 0x0000000727600000|  0%| F|  |TAMS 0x0000000727400000| PB 0x0000000727400000| Untracked 
| 315|0x0000000727600000, 0x0000000727600000, 0x0000000727800000|  0%| F|  |TAMS 0x0000000727600000| PB 0x0000000727600000| Untracked 
| 316|0x0000000727800000, 0x0000000727800000, 0x0000000727a00000|  0%| F|  |TAMS 0x0000000727800000| PB 0x0000000727800000| Untracked 

Card table byte_map: [0x000001ac4fc30000,0x000001ac50430000] _byte_map_base: 0x000001ac4c430000

Marking Bits: (CMBitMap*) 0x000001ac3d02ece0
 Bits: [0x000001ac50430000, 0x000001ac54430000)

Polling page: 0x000001ac3a410000

Metaspace:

Usage:
  Non-class:     15.81 MB used.
      Class:      1.52 MB used.
       Both:     17.34 MB used.

Virtual space:
  Non-class space:       64.00 MB reserved,      15.88 MB ( 25%) committed,  1 nodes.
      Class space:        1.00 GB reserved,       1.62 MB ( <1%) committed,  1 nodes.
             Both:        1.06 GB reserved,      17.50 MB (  2%) committed. 

Chunk freelists:
   Non-Class:  96.00 KB
       Class:  14.41 MB
        Both:  14.50 MB

MaxMetaspaceSize: unlimited
CompressedClassSpaceSize: 1.00 GB
Initial GC threshold: 21.00 MB
Current GC threshold: 21.00 MB
CDS: off
 - commit_granule_bytes: 65536.
 - commit_granule_words: 8192.
 - virtual_space_node_default_size: 8388608.
 - enlarge_chunks_in_place: 1.
 - use_allocation_guard: 0.


Internal statistics:

num_allocs_failed_limit: 0.
num_arena_births: 32.
num_arena_deaths: 0.
num_vsnodes_births: 2.
num_vsnodes_deaths: 0.
num_space_committed: 280.
num_space_uncommitted: 0.
num_chunks_returned_to_freelist: 0.
num_chunks_taken_from_freelist: 367.
num_chunk_merges: 0.
num_chunk_splits: 311.
num_chunks_enlarged: 292.
num_inconsistent_stats: 0.

CodeHeap 'non-profiled nmethods': size=120000Kb used=4743Kb max_used=4743Kb free=115256Kb
 bounds [0x000001ac47bc0000, 0x000001ac48070000, 0x000001ac4f0f0000]
CodeHeap 'profiled nmethods': size=120000Kb used=9847Kb max_used=9847Kb free=110153Kb
 bounds [0x000001ac400f0000, 0x000001ac40a90000, 0x000001ac47620000]
CodeHeap 'non-nmethods': size=5760Kb used=1362Kb max_used=1480Kb free=4397Kb
 bounds [0x000001ac47620000, 0x000001ac47890000, 0x000001ac47bc0000]
 total_blobs=4438 nmethods=3960 adapters=382
 compilation: enabled
              stopped_count=0, restarted_count=0
 full_count=0

Compilation events (20 events):
Event: 9.136 Thread 0x000001ac5b0fb150 nmethod 3958 0x000001ac4805a490 code [0x000001ac4805a620, 0x000001ac4805a6d0]
Event: 9.158 Thread 0x000001ac5b0fb150 3959       4       kotlin.metadata.internal.metadata.ProtoBuf$TypeAlias$1::parsePartialFrom (11 bytes)
Event: 9.158 Thread 0x000001ac5bea9320 3960   !   4       kotlin.metadata.internal.metadata.ProtoBuf$TypeAlias::<init> (995 bytes)
Event: 9.158 Thread 0x000001ac5daea3f0 3961       4       kotlin.metadata.internal.metadata.ProtoBuf$TypeAlias$1::parsePartialFrom (7 bytes)
Event: 9.160 Thread 0x000001ac5daea3f0 nmethod 3961 0x000001ac4805a790 code [0x000001ac4805a920, 0x000001ac4805aa68]
Event: 9.160 Thread 0x000001ac5b0fb150 nmethod 3959 0x000001ac4805ab90 code [0x000001ac4805ad20, 0x000001ac4805ae68]
Event: 9.160 Thread 0x000001ac5daea3f0 3962       4       kotlin.metadata.internal.metadata.ProtoBuf$TypeAlias::isInitialized (203 bytes)
Event: 9.160 Thread 0x000001ac5b0fb150 3963       4       kotlinx.metadata.klib.impl.KlibMetadataExtensions::readTypeAliasExtensions (60 bytes)
Event: 9.170 Thread 0x000001ac5daea3f0 nmethod 3962 0x000001ac4805af90 code [0x000001ac4805b1e0, 0x000001ac4805b8e0]
Event: 9.170 Thread 0x000001ac5daea3f0 3964       4       org.jetbrains.kotlin.commonizer.tree.deserializer.CirTreeTypeAliasDeserializer::invoke (68 bytes)
Event: 9.184 Thread 0x000001ac5b0fb150 nmethod 3963 0x000001ac4805c010 code [0x000001ac4805c2e0, 0x000001ac4805d280]
Event: 9.191 Thread 0x000001ac5daea3f0 nmethod 3964 0x000001ac4805e310 code [0x000001ac4805e5a0, 0x000001ac4805f3c8]
Event: 9.197 Thread 0x000001ac5daea3f0 3965       4       org.jetbrains.kotlin.commonizer.cir.CirConstantValue$ArrayValue::equals (39 bytes)
Event: 9.197 Thread 0x000001ac5b0fb150 3966       4       org.jetbrains.kotlin.commonizer.cir.CirConstantValue$EnumValue::equals (55 bytes)
Event: 9.198 Thread 0x000001ac5daea3f0 nmethod 3965 0x000001ac4805fc90 code [0x000001ac4805fe20, 0x000001ac4805ff78]
Event: 9.208 Thread 0x000001ac5b0fb150 nmethod 3966 0x000001ac48060110 code [0x000001ac480602e0, 0x000001ac48060a08]
Event: 9.208 Thread 0x000001ac5b0fb150 3967       4       org.jetbrains.kotlin.commonizer.metadata.CirDeserializers$propertySetter$1::get (11 bytes)
Event: 9.217 Thread 0x000001ac5b0fb150 nmethod 3967 0x000001ac48060e90 code [0x000001ac48061080, 0x000001ac48061510]
Event: 9.229 Thread 0x000001ac5daea3f0 3968       4       org.jetbrains.kotlin.library.impl.MetadataLibraryAccess::getLayout (8 bytes)
Event: 9.230 Thread 0x000001ac5daea3f0 nmethod 3968 0x000001ac48061a90 code [0x000001ac48061c20, 0x000001ac48061cb0]

GC Heap History (20 events):
Event: 2.803 GC heap after
{Heap after GC invocations=4 (full 0):
 garbage-first heap   total 391168K, used 16665K [0x0000000700000000, 0x0000000800000000)
  region size 2048K, 6 young (12288K), 6 survivors (12288K)
 Metaspace       used 13461K, committed 13632K, reserved 1114112K
  class space    used 1141K, committed 1216K, reserved 1048576K
}
Event: 3.196 GC heap before
{Heap before GC invocations=4 (full 0):
 garbage-first heap   total 391168K, used 237849K [0x0000000700000000, 0x0000000800000000)
  region size 2048K, 114 young (233472K), 6 survivors (12288K)
 Metaspace       used 13464K, committed 13632K, reserved 1114112K
  class space    used 1141K, committed 1216K, reserved 1048576K
}
Event: 3.206 GC heap after
{Heap after GC invocations=5 (full 0):
 garbage-first heap   total 391168K, used 19997K [0x0000000700000000, 0x0000000800000000)
  region size 2048K, 8 young (16384K), 8 survivors (16384K)
 Metaspace       used 13464K, committed 13632K, reserved 1114112K
  class space    used 1141K, committed 1216K, reserved 1048576K
}
Event: 3.489 GC heap before
{Heap before GC invocations=5 (full 0):
 garbage-first heap   total 391168K, used 237085K [0x0000000700000000, 0x0000000800000000)
  region size 2048K, 114 young (233472K), 8 survivors (16384K)
 Metaspace       used 13470K, committed 13632K, reserved 1114112K
  class space    used 1141K, committed 1216K, reserved 1048576K
}
Event: 3.529 GC heap after
{Heap after GC invocations=6 (full 0):
 garbage-first heap   total 391168K, used 61069K [0x0000000700000000, 0x0000000800000000)
  region size 2048K, 15 young (30720K), 15 survivors (30720K)
 Metaspace       used 13470K, committed 13632K, reserved 1114112K
  class space    used 1141K, committed 1216K, reserved 1048576K
}
Event: 3.747 GC heap before
{Heap before GC invocations=6 (full 0):
 garbage-first heap   total 391168K, used 263821K [0x0000000700000000, 0x0000000800000000)
  region size 2048K, 114 young (233472K), 15 survivors (30720K)
 Metaspace       used 13487K, committed 13632K, reserved 1114112K
  class space    used 1141K, committed 1216K, reserved 1048576K
}
Event: 3.769 GC heap after
{Heap after GC invocations=7 (full 0):
 garbage-first heap   total 391168K, used 52702K [0x0000000700000000, 0x0000000800000000)
  region size 2048K, 3 young (6144K), 3 survivors (6144K)
 Metaspace       used 13487K, committed 13632K, reserved 1114112K
  class space    used 1141K, committed 1216K, reserved 1048576K
}
Event: 4.074 GC heap before
{Heap before GC invocations=7 (full 0):
 garbage-first heap   total 391168K, used 277982K [0x0000000700000000, 0x0000000800000000)
  region size 2048K, 114 young (233472K), 3 survivors (6144K)
 Metaspace       used 13487K, committed 13632K, reserved 1114112K
  class space    used 1141K, committed 1216K, reserved 1048576K
}
Event: 4.091 GC heap after
{Heap after GC invocations=8 (full 0):
 garbage-first heap   total 649216K, used 74258K [0x0000000700000000, 0x0000000800000000)
  region size 2048K, 14 young (28672K), 14 survivors (28672K)
 Metaspace       used 13487K, committed 13632K, reserved 1114112K
  class space    used 1141K, committed 1216K, reserved 1048576K
}
Event: 5.571 GC heap before
{Heap before GC invocations=8 (full 0):
 garbage-first heap   total 649216K, used 434706K [0x0000000700000000, 0x0000000800000000)
  region size 2048K, 190 young (389120K), 14 survivors (28672K)
 Metaspace       used 17452K, committed 17664K, reserved 1114112K
  class space    used 1539K, committed 1664K, reserved 1048576K
}
Event: 5.581 GC heap after
{Heap after GC invocations=9 (full 0):
 garbage-first heap   total 649216K, used 57027K [0x0000000700000000, 0x0000000800000000)
  region size 2048K, 4 young (8192K), 4 survivors (8192K)
 Metaspace       used 17452K, committed 17664K, reserved 1114112K
  class space    used 1539K, committed 1664K, reserved 1048576K
}
Event: 6.756 GC heap before
{Heap before GC invocations=9 (full 0):
 garbage-first heap   total 649216K, used 437955K [0x0000000700000000, 0x0000000800000000)
  region size 2048K, 190 young (389120K), 4 survivors (8192K)
 Metaspace       used 17660K, committed 17792K, reserved 1114112K
  class space    used 1557K, committed 1664K, reserved 1048576K
}
Event: 6.775 GC heap after
{Heap after GC invocations=10 (full 0):
 garbage-first heap   total 649216K, used 70402K [0x0000000700000000, 0x0000000800000000)
  region size 2048K, 11 young (22528K), 11 survivors (22528K)
 Metaspace       used 17660K, committed 17792K, reserved 1114112K
  class space    used 1557K, committed 1664K, reserved 1048576K
}
Event: 7.517 GC heap before
{Heap before GC invocations=10 (full 0):
 garbage-first heap   total 649216K, used 436994K [0x0000000700000000, 0x0000000800000000)
  region size 2048K, 190 young (389120K), 11 survivors (22528K)
 Metaspace       used 17715K, committed 17856K, reserved 1114112K
  class space    used 1558K, committed 1664K, reserved 1048576K
}
Event: 7.555 GC heap after
{Heap after GC invocations=11 (full 0):
 garbage-first heap   total 649216K, used 98489K [0x0000000700000000, 0x0000000800000000)
  region size 2048K, 24 young (49152K), 24 survivors (49152K)
 Metaspace       used 17715K, committed 17856K, reserved 1114112K
  class space    used 1558K, committed 1664K, reserved 1048576K
}
Event: 8.190 GC heap before
{Heap before GC invocations=11 (full 0):
 garbage-first heap   total 649216K, used 438457K [0x0000000700000000, 0x0000000800000000)
  region size 2048K, 190 young (389120K), 24 survivors (49152K)
 Metaspace       used 17730K, committed 17856K, reserved 1114112K
  class space    used 1558K, committed 1664K, reserved 1048576K
}
Event: 8.224 GC heap after
{Heap after GC invocations=12 (full 0):
 garbage-first heap   total 649216K, used 89305K [0x0000000700000000, 0x0000000800000000)
  region size 2048K, 8 young (16384K), 8 survivors (16384K)
 Metaspace       used 17730K, committed 17856K, reserved 1114112K
  class space    used 1558K, committed 1664K, reserved 1048576K
}
Event: 8.711 GC heap before
{Heap before GC invocations=12 (full 0):
 garbage-first heap   total 649216K, used 459993K [0x0000000700000000, 0x0000000800000000)
  region size 2048K, 190 young (389120K), 8 survivors (16384K)
 Metaspace       used 17739K, committed 17920K, reserved 1114112K
  class space    used 1558K, committed 1664K, reserved 1048576K
}
Event: 8.753 GC heap after
{Heap after GC invocations=13 (full 0):
 garbage-first heap   total 649216K, used 131836K [0x0000000700000000, 0x0000000800000000)
  region size 2048K, 24 young (49152K), 24 survivors (49152K)
 Metaspace       used 17739K, committed 17920K, reserved 1114112K
  class space    used 1558K, committed 1664K, reserved 1048576K
}
Event: 9.267 GC heap before
{Heap before GC invocations=13 (full 0):
 garbage-first heap   total 649216K, used 471804K [0x0000000700000000, 0x0000000800000000)
  region size 2048K, 190 young (389120K), 24 survivors (49152K)
 Metaspace       used 17751K, committed 17920K, reserved 1114112K
  class space    used 1558K, committed 1664K, reserved 1048576K
}

Dll operation events (3 events):
Event: 0.017 Loaded shared library C:\Program Files\Android\Android Studio1\jbr\bin\java.dll
Event: 0.027 Loaded shared library C:\Program Files\Android\Android Studio1\jbr\bin\zip.dll
Event: 1.398 Loaded shared library C:\Program Files\Android\Android Studio1\jbr\bin\verify.dll

Deoptimization events (20 events):
Event: 7.066 Thread 0x000001ac39f122d0 Uncommon trap: trap_request=0xffffffde fr.pc=0x000001ac47edff9c relative=0x0000000000000f7c
Event: 7.066 Thread 0x000001ac39f122d0 Uncommon trap: reason=class_check action=maybe_recompile pc=0x000001ac47edff9c method=org.jetbrains.kotlin.commonizer.metadata.CirTypeAliasExpander.expandTypeAliasType(Lorg/jetbrains/kotlin/commonizer/metadata/CirTypeAliasExpansion;Lorg/jetbrains/kotlin/c
Event: 7.066 Thread 0x000001ac39f122d0 DEOPT PACKING pc=0x000001ac47edff9c sp=0x0000008f219fdc10
Event: 7.066 Thread 0x000001ac39f122d0 DEOPT UNPACKING pc=0x000001ac476746a2 sp=0x0000008f219fdb40 mode 2
Event: 7.737 Thread 0x000001ac39f122d0 DEOPT PACKING pc=0x000001ac40935591 sp=0x0000008f219fdd10
Event: 7.738 Thread 0x000001ac39f122d0 DEOPT UNPACKING pc=0x000001ac47674e42 sp=0x0000008f219fd2d0 mode 0
Event: 7.879 Thread 0x000001ac39f122d0 DEOPT PACKING pc=0x000001ac408ee454 sp=0x0000008f219fddc0
Event: 7.879 Thread 0x000001ac39f122d0 DEOPT UNPACKING pc=0x000001ac47674e42 sp=0x0000008f219fd2d8 mode 0
Event: 7.922 Thread 0x000001ac39f122d0 DEOPT PACKING pc=0x000001ac408efab2 sp=0x0000008f219fe1e0
Event: 7.922 Thread 0x000001ac39f122d0 DEOPT UNPACKING pc=0x000001ac47674e42 sp=0x0000008f219fd690 mode 0
Event: 8.557 Thread 0x000001ac39f122d0 DEOPT PACKING pc=0x000001ac4098b36d sp=0x0000008f219fddb0
Event: 8.557 Thread 0x000001ac39f122d0 DEOPT UNPACKING pc=0x000001ac47674e42 sp=0x0000008f219fd2d0 mode 0
Event: 8.666 Thread 0x000001ac39f122d0 DEOPT PACKING pc=0x000001ac4098b36d sp=0x0000008f219fddb0
Event: 8.666 Thread 0x000001ac39f122d0 DEOPT UNPACKING pc=0x000001ac47674e42 sp=0x0000008f219fd2d0 mode 0
Event: 8.826 Thread 0x000001ac39f122d0 DEOPT PACKING pc=0x000001ac40932d6d sp=0x0000008f219fe1e0
Event: 8.826 Thread 0x000001ac39f122d0 DEOPT UNPACKING pc=0x000001ac47674e42 sp=0x0000008f219fd690 mode 0
Event: 8.945 Thread 0x000001ac39f122d0 Uncommon trap: trap_request=0xffffff45 fr.pc=0x000001ac47f52dcc relative=0x00000000000001ac
Event: 8.945 Thread 0x000001ac39f122d0 Uncommon trap: reason=unstable_if action=reinterpret pc=0x000001ac47f52dcc method=org.jetbrains.kotlin.commonizer.cir.CirConstantValue$StringValue.equals(Ljava/lang/Object;)Z @ 32 c2
Event: 8.945 Thread 0x000001ac39f122d0 DEOPT PACKING pc=0x000001ac47f52dcc sp=0x0000008f219fdee0
Event: 8.945 Thread 0x000001ac39f122d0 DEOPT UNPACKING pc=0x000001ac476746a2 sp=0x0000008f219fde78 mode 2

Classes loaded (20 events):
Event: 4.370 Loading class java/util/ServiceLoader$Provider done
Event: 4.370 Loading class java/util/ServiceLoader$ProviderImpl done
Event: 4.372 Loading class java/lang/InstantiationException
Event: 4.372 Loading class java/lang/InstantiationException done
Event: 4.385 Loading class java/util/regex/Pattern$GroupTail
Event: 4.385 Loading class java/util/regex/Pattern$GroupTail done
Event: 4.455 Loading class java/util/concurrent/atomic/AtomicReferenceFieldUpdater
Event: 4.456 Loading class java/util/concurrent/atomic/AtomicReferenceFieldUpdater done
Event: 4.456 Loading class java/util/concurrent/atomic/AtomicReferenceFieldUpdater$AtomicReferenceFieldUpdaterImpl
Event: 4.456 Loading class java/util/concurrent/atomic/AtomicReferenceFieldUpdater$AtomicReferenceFieldUpdaterImpl done
Event: 4.456 Loading class java/util/concurrent/atomic/AtomicReferenceFieldUpdater$AtomicReferenceFieldUpdaterImpl$1
Event: 4.456 Loading class java/util/concurrent/atomic/AtomicReferenceFieldUpdater$AtomicReferenceFieldUpdaterImpl$1 done
Event: 4.456 Loading class sun/reflect/misc/ReflectUtil
Event: 4.456 Loading class sun/reflect/misc/ReflectUtil done
Event: 4.935 Loading class java/util/AbstractMap$SimpleImmutableEntry
Event: 4.936 Loading class java/util/AbstractMap$SimpleImmutableEntry done
Event: 5.670 Loading class java/lang/Byte$ByteCache
Event: 5.670 Loading class java/lang/Byte$ByteCache done
Event: 5.688 Loading class java/util/function/IntFunction
Event: 5.688 Loading class java/util/function/IntFunction done

Classes unloaded (0 events):
No events

Classes redefined (0 events):
No events

Internal exceptions (20 events):
Event: 1.283 Thread 0x000001ac39f122d0 Exception <a 'sun/nio/fs/WindowsException'{0x00000007161fd2e0}> (0x00000007161fd2e0) 
thrown [s\src\hotspot\share\prims\jni.cpp, line 535]
Event: 1.284 Thread 0x000001ac39f122d0 Exception <a 'sun/nio/fs/WindowsException'{0x0000000715e14a30}> (0x0000000715e14a30) 
thrown [s\src\hotspot\share\prims\jni.cpp, line 535]
Event: 1.285 Thread 0x000001ac39f122d0 Exception <a 'sun/nio/fs/WindowsException'{0x0000000715e25e20}> (0x0000000715e25e20) 
thrown [s\src\hotspot\share\prims\jni.cpp, line 535]
Event: 1.286 Thread 0x000001ac39f122d0 Exception <a 'sun/nio/fs/WindowsException'{0x0000000715e36148}> (0x0000000715e36148) 
thrown [s\src\hotspot\share\prims\jni.cpp, line 535]
Event: 1.288 Thread 0x000001ac39f122d0 Exception <a 'sun/nio/fs/WindowsException'{0x0000000715e474f8}> (0x0000000715e474f8) 
thrown [s\src\hotspot\share\prims\jni.cpp, line 535]
Event: 1.289 Thread 0x000001ac39f122d0 Exception <a 'sun/nio/fs/WindowsException'{0x0000000715e59ea0}> (0x0000000715e59ea0) 
thrown [s\src\hotspot\share\prims\jni.cpp, line 535]
Event: 1.291 Thread 0x000001ac39f122d0 Exception <a 'sun/nio/fs/WindowsException'{0x0000000715e72970}> (0x0000000715e72970) 
thrown [s\src\hotspot\share\prims\jni.cpp, line 535]
Event: 1.292 Thread 0x000001ac39f122d0 Exception <a 'sun/nio/fs/WindowsException'{0x0000000715e82a50}> (0x0000000715e82a50) 
thrown [s\src\hotspot\share\prims\jni.cpp, line 535]
Event: 1.294 Thread 0x000001ac39f122d0 Exception <a 'sun/nio/fs/WindowsException'{0x0000000715e927b0}> (0x0000000715e927b0) 
thrown [s\src\hotspot\share\prims\jni.cpp, line 535]
Event: 1.296 Thread 0x000001ac39f122d0 Exception <a 'sun/nio/fs/WindowsException'{0x0000000715eaa910}> (0x0000000715eaa910) 
thrown [s\src\hotspot\share\prims\jni.cpp, line 535]
Event: 1.297 Thread 0x000001ac39f122d0 Exception <a 'sun/nio/fs/WindowsException'{0x0000000715eba310}> (0x0000000715eba310) 
thrown [s\src\hotspot\share\prims\jni.cpp, line 535]
Event: 1.328 Thread 0x000001ac39f122d0 Exception <a 'java/lang/NoSuchMethodError'{0x0000000715c154c0}: 'int java.lang.invoke.DirectMethodHandle$Holder.invokeVirtual(java.lang.Object, java.lang.Object, java.lang.Object)'> (0x0000000715c154c0) 
thrown [s\src\hotspot\share\interpreter\linkResolver.cpp, line 784]
Event: 1.339 Thread 0x000001ac39f122d0 Exception <a 'java/lang/NoSuchMethodError'{0x0000000715c51d98}: 'void java.lang.invoke.DirectMethodHandle$Holder.invokeStatic(java.lang.Object, java.lang.Object)'> (0x0000000715c51d98) 
thrown [s\src\hotspot\share\interpreter\linkResolver.cpp, line 784]
Event: 1.340 Thread 0x000001ac39f122d0 Exception <a 'java/lang/NoSuchMethodError'{0x0000000715c55090}: 'void java.lang.invoke.DirectMethodHandle$Holder.invokeStaticInit(java.lang.Object, java.lang.Object)'> (0x0000000715c55090) 
thrown [s\src\hotspot\share\interpreter\linkResolver.cpp, line 784]
Event: 1.359 Thread 0x000001ac39f122d0 Exception <a 'java/lang/NoSuchMethodError'{0x0000000715d32358}: 'void java.lang.invoke.DirectMethodHandle$Holder.invokeStatic(java.lang.Object, java.lang.Object, java.lang.Object, java.lang.Object)'> (0x0000000715d32358) 
thrown [s\src\hotspot\share\interpreter\linkResolver.cpp, line 784]
Event: 1.372 Thread 0x000001ac39f122d0 Exception <a 'sun/nio/fs/WindowsException'{0x0000000715dbcea8}> (0x0000000715dbcea8) 
thrown [s\src\hotspot\share\prims\jni.cpp, line 535]
Event: 1.374 Thread 0x000001ac39f122d0 Exception <a 'java/lang/NoSuchMethodError'{0x0000000715dcbcb0}: 'void java.lang.invoke.DirectMethodHandle$Holder.invokeStatic(java.lang.Object, java.lang.Object, java.lang.Object)'> (0x0000000715dcbcb0) 
thrown [s\src\hotspot\share\interpreter\linkResolver.cpp, line 784]
Event: 1.635 Thread 0x000001ac39f122d0 Implicit null exception at 0x000001ac47bf598e to 0x000001ac47bf5a28
Event: 1.713 Thread 0x000001ac39f122d0 Exception <a 'java/lang/NoSuchMethodError'{0x00000007176b8430}: 'java.lang.Object java.lang.invoke.DirectMethodHandle$Holder.newInvokeSpecial(java.lang.Object, java.lang.Object, java.lang.Object, int, java.lang.Object)'> (0x00000007176b8430) 
thrown [s\src\hotspot\share\interpreter\linkResolver.cpp, line 784]
Event: 4.340 Thread 0x000001ac39f122d0 Implicit null exception at 0x000001ac47c0484b to 0x000001ac47c04ddc

ZGC Phase Switch (0 events):
No events

VM Operations (20 events):
Event: 5.286 Executing VM operation: HandshakeAllThreads (Deoptimize) done
Event: 5.401 Executing VM operation: ICBufferFull
Event: 5.402 Executing VM operation: ICBufferFull done
Event: 5.571 Executing VM operation: G1CollectForAllocation (G1 Evacuation Pause)
Event: 5.582 Executing VM operation: G1CollectForAllocation (G1 Evacuation Pause) done
Event: 5.693 Executing VM operation: HandshakeAllThreads (Deoptimize)
Event: 5.693 Executing VM operation: HandshakeAllThreads (Deoptimize) done
Event: 5.694 Executing VM operation: HandshakeAllThreads (Deoptimize)
Event: 5.694 Executing VM operation: HandshakeAllThreads (Deoptimize) done
Event: 6.697 Executing VM operation: Cleanup
Event: 6.698 Executing VM operation: Cleanup done
Event: 6.756 Executing VM operation: G1CollectForAllocation (G1 Evacuation Pause)
Event: 6.775 Executing VM operation: G1CollectForAllocation (G1 Evacuation Pause) done
Event: 7.517 Executing VM operation: G1CollectForAllocation (G1 Evacuation Pause)
Event: 7.555 Executing VM operation: G1CollectForAllocation (G1 Evacuation Pause) done
Event: 8.189 Executing VM operation: G1CollectForAllocation (G1 Evacuation Pause)
Event: 8.224 Executing VM operation: G1CollectForAllocation (G1 Evacuation Pause) done
Event: 8.711 Executing VM operation: G1CollectForAllocation (G1 Evacuation Pause)
Event: 8.753 Executing VM operation: G1CollectForAllocation (G1 Evacuation Pause) done
Event: 9.267 Executing VM operation: G1CollectForAllocation (G1 Evacuation Pause)

Memory protections (0 events):
No events

Nmethod flushes (0 events):
No events

Events (20 events):
Event: 0.106 Thread 0x000001ac39f122d0 Thread added: 0x000001ac5b0d9650
Event: 0.106 Thread 0x000001ac39f122d0 Thread added: 0x000001ac5b0eda20
Event: 0.106 Thread 0x000001ac39f122d0 Thread added: 0x000001ac5b0ee470
Event: 0.106 Thread 0x000001ac39f122d0 Thread added: 0x000001ac5b0eeec0
Event: 0.106 Thread 0x000001ac39f122d0 Thread added: 0x000001ac5b0fb150
Event: 0.107 Thread 0x000001ac39f122d0 Thread added: 0x000001ac5b11fd30
Event: 0.158 Thread 0x000001ac39f122d0 Thread added: 0x000001ac5b2c5400
Event: 0.164 Thread 0x000001ac39f122d0 Thread added: 0x000001ac39f15d70
Event: 0.187 Loaded shared library C:\Program Files\Android\Android Studio1\jbr\bin\net.dll
Event: 0.192 Loaded shared library C:\Program Files\Android\Android Studio1\jbr\bin\nio.dll
Event: 0.207 Loaded shared library C:\Program Files\Android\Android Studio1\jbr\bin\zip.dll
Event: 0.230 Thread 0x000001ac5b0fb150 Thread added: 0x000001ac5b3419e0
Event: 1.492 Thread 0x000001ac5b3419e0 Thread exited: 0x000001ac5b3419e0
Event: 1.702 Thread 0x000001ac5b11fd30 Thread added: 0x000001ac5bea9320
Event: 1.743 Thread 0x000001ac5b11fd30 Thread added: 0x000001ac5be83b20
Event: 4.002 Thread 0x000001ac5be83b20 Thread exited: 0x000001ac5be83b20
Event: 4.157 Thread 0x000001ac5bea9320 Thread exited: 0x000001ac5bea9320
Event: 4.244 Thread 0x000001ac5b11fd30 Thread added: 0x000001ac5bea9320
Event: 4.348 Loaded shared library C:\Program Files\Android\Android Studio1\jbr\bin\jimage.dll
Event: 4.515 Thread 0x000001ac5bea9320 Thread added: 0x000001ac5daea3f0


Dynamic libraries:
0x00007ff642dd0000 - 0x00007ff642dda000 	C:\Program Files\Android\Android Studio1\jbr\bin\java.exe
0x00007ffd17bf0000 - 0x00007ffd17e07000 	C:\WINDOWS\SYSTEM32\ntdll.dll
0x00007ffd16e60000 - 0x00007ffd16f24000 	C:\WINDOWS\System32\KERNEL32.DLL
0x00007ffd15230000 - 0x00007ffd155e7000 	C:\WINDOWS\System32\KERNELBASE.dll
0x00007ffd0f160000 - 0x00007ffd0f23b000 	C:\Program Files\Bitdefender\Endpoint Security\bdhkm\dlls_267043759192506747\bdhkm64.dll
0x00007ffca27d0000 - 0x00007ffca2994000 	C:\Program Files\Bitdefender\Endpoint Security\atcuf\dlls_267806003856596795\atcuf64.dll
0x00007ffd0f6f0000 - 0x00007ffd0f787000 	C:\WINDOWS\SYSTEM32\apphelp.dll
0x00007ffd15740000 - 0x00007ffd15851000 	C:\WINDOWS\System32\ucrtbase.dll
0x00007ffd0c890000 - 0x00007ffd0c8a8000 	C:\Program Files\Android\Android Studio1\jbr\bin\jli.dll
0x00007ffd16ad0000 - 0x00007ffd16c7f000 	C:\WINDOWS\System32\USER32.dll
0x00007ffd15660000 - 0x00007ffd15686000 	C:\WINDOWS\System32\win32u.dll
0x00007ffd15ab0000 - 0x00007ffd15ad9000 	C:\WINDOWS\System32\GDI32.dll
0x00007ffd14fa0000 - 0x00007ffd150b8000 	C:\WINDOWS\System32\gdi32full.dll
0x00007ffd14f00000 - 0x00007ffd14f9a000 	C:\WINDOWS\System32\msvcp_win.dll
0x00007ffd0cf70000 - 0x00007ffd0cf8b000 	C:\Program Files\Android\Android Studio1\jbr\bin\VCRUNTIME140.dll
0x00007ffcf1780000 - 0x00007ffcf1a13000 	C:\WINDOWS\WinSxS\amd64_microsoft.windows.common-controls_6595b64144ccf1df_6.0.22621.3672_none_2713b9d173822955\COMCTL32.dll
0x00007ffd17070000 - 0x00007ffd17117000 	C:\WINDOWS\System32\msvcrt.dll
0x00007ffd15ae0000 - 0x00007ffd15b11000 	C:\WINDOWS\System32\IMM32.DLL
0x00007ffd0f400000 - 0x00007ffd0f40c000 	C:\Program Files\Android\Android Studio1\jbr\bin\vcruntime140_1.dll
0x00007ffd0b9b0000 - 0x00007ffd0ba3d000 	C:\Program Files\Android\Android Studio1\jbr\bin\msvcp140.dll
0x00007ffcb1a20000 - 0x00007ffcb26ab000 	C:\Program Files\Android\Android Studio1\jbr\bin\server\jvm.dll
0x00007ffd17af0000 - 0x00007ffd17ba2000 	C:\WINDOWS\System32\ADVAPI32.dll
0x00007ffd16470000 - 0x00007ffd16518000 	C:\WINDOWS\System32\sechost.dll
0x00007ffd15690000 - 0x00007ffd156b8000 	C:\WINDOWS\System32\bcrypt.dll
0x00007ffd17950000 - 0x00007ffd17a64000 	C:\WINDOWS\System32\RPCRT4.dll
0x00007ffd15b20000 - 0x00007ffd15b91000 	C:\WINDOWS\System32\WS2_32.dll
0x00007ffd14dd0000 - 0x00007ffd14e1d000 	C:\WINDOWS\SYSTEM32\POWRPROF.dll
0x00007ffd0eea0000 - 0x00007ffd0eed4000 	C:\WINDOWS\SYSTEM32\WINMM.dll
0x00007ffd0f640000 - 0x00007ffd0f64a000 	C:\WINDOWS\SYSTEM32\VERSION.dll
0x00007ffd14db0000 - 0x00007ffd14dc3000 	C:\WINDOWS\SYSTEM32\UMPDC.dll
0x00007ffd13f10000 - 0x00007ffd13f28000 	C:\WINDOWS\SYSTEM32\kernel.appcore.dll
0x00007ffd0f380000 - 0x00007ffd0f38a000 	C:\Program Files\Android\Android Studio1\jbr\bin\jimage.dll
0x00007ffd12810000 - 0x00007ffd12a42000 	C:\WINDOWS\SYSTEM32\DBGHELP.DLL
0x00007ffd175c0000 - 0x00007ffd1794e000 	C:\WINDOWS\System32\combase.dll
0x00007ffd16f90000 - 0x00007ffd17067000 	C:\WINDOWS\System32\OLEAUT32.dll
0x00007ffcf1af0000 - 0x00007ffcf1b22000 	C:\WINDOWS\SYSTEM32\dbgcore.DLL
0x00007ffd156c0000 - 0x00007ffd1573b000 	C:\WINDOWS\System32\bcryptPrimitives.dll
0x00007ffd0ced0000 - 0x00007ffd0cef0000 	C:\Program Files\Android\Android Studio1\jbr\bin\java.dll
0x00007ffd0ccd0000 - 0x00007ffd0cce8000 	C:\Program Files\Android\Android Studio1\jbr\bin\zip.dll
0x00007ffd15c00000 - 0x00007ffd16469000 	C:\WINDOWS\System32\SHELL32.dll
0x00007ffd12e20000 - 0x00007ffd1371f000 	C:\WINDOWS\SYSTEM32\windows.storage.dll
0x00007ffd12ce0000 - 0x00007ffd12e1f000 	C:\WINDOWS\SYSTEM32\wintypes.dll
0x00007ffd17140000 - 0x00007ffd17239000 	C:\WINDOWS\System32\SHCORE.dll
0x00007ffd15ba0000 - 0x00007ffd15bfe000 	C:\WINDOWS\System32\shlwapi.dll
0x00007ffd14e30000 - 0x00007ffd14e57000 	C:\WINDOWS\SYSTEM32\profapi.dll
0x00007ffd0e500000 - 0x00007ffd0e510000 	C:\Program Files\Android\Android Studio1\jbr\bin\net.dll
0x00007ffd0d020000 - 0x00007ffd0d156000 	C:\WINDOWS\SYSTEM32\WINHTTP.dll
0x00007ffd14370000 - 0x00007ffd143d9000 	C:\WINDOWS\system32\mswsock.dll
0x00007ffd0ccb0000 - 0x00007ffd0ccc6000 	C:\Program Files\Android\Android Studio1\jbr\bin\nio.dll
0x00007ffd0cc90000 - 0x00007ffd0cca0000 	C:\Program Files\Android\Android Studio1\jbr\bin\verify.dll

dbghelp: loaded successfully - version: 4.0.5 - missing functions: none
symbol engine: initialized successfully - sym options: 0x614 - pdb path: .;C:\Program Files\Android\Android Studio1\jbr\bin;C:\WINDOWS\SYSTEM32;C:\Program Files\Bitdefender\Endpoint Security\bdhkm\dlls_267043759192506747;C:\Program Files\Bitdefender\Endpoint Security\atcuf\dlls_267806003856596795;C:\WINDOWS\WinSxS\amd64_microsoft.windows.common-controls_6595b64144ccf1df_6.0.22621.3672_none_2713b9d173822955;C:\Program Files\Android\Android Studio1\jbr\bin\server

VM Arguments:
jvm_args: -Dast.loading.filter=false -Dfile.separator=\ -Dide.hide.excluded.files=false -Didea.active=true -Didea.gradle.download.sources=true -Didea.ignore.disabled.plugins=true -Didea.io.use.nio2=true -Didea.plugins.compatible.build=999.SNAPSHOT -Didea.resolveSourceSetDependencies=true -Didea.sync.active=true -Didea.vendor.name=Google -Didea.version=2024.3 -Dintellij.os.virtualization=none -Djava.awt.headless=true -Djava.class.version=65.0 -Djava.home=C:\Program Files\Android\Android Studio1\jbr -Djava.library.path=C:\Program Files\Android\Android Studio1\jbr\bin;C:\WINDOWS\Sun\Java\bin;C:\WINDOWS\system32;C:\WINDOWS;C:\Program Files\Common Files\Oracle\Java\javapath;C:\WINDOWS\system32;C:\WINDOWS;C:\WINDOWS\System32\Wbem;C:\WINDOWS\System32\WindowsPowerShell\v1.0\;C:\WINDOWS\System32\OpenSSH\;C:\Program Files (x86)\Intel\Intel(R) Management Engine Components\DAL;C:\Program Files\Intel\Intel(R) Management Engine Components\DAL;C:\Program Files\Git\cmd;C:\Program Files\Java\jdk-17\bin;C:\Users\Anees Ahmed\AppData\Local\Android\Sdk\platform-tools;C:\Program Files\nodejs\;C:\Users\Anees Ahmed\AppData\Roaming\npm;C:\Program Files\Cloudflare\Cloudflare WARP\;C:\Users\Anees Ahmed\AppData\Local\Microsoft\WindowsApps;C:\Users\Anees Ahmed\AppData\Local\Programs\Microsoft VS Code\bin;"D:\Tools\flutter\bin";C:\Users\Anees Ahmed\AppData\Local\JetBrains\Toolbox\scripts;C:\Users\Anees Ahmed\AppData\Local\Programs\cursor\resources\app\bin;C:\Users\Anees Ahmed\AppData\Roaming\npm;. -Djava.runtime.name=OpenJDK Runtime Environment -Djava.runtime.version=21.0.6+-13355223-b631.42 -Djava.specification.name=Java Platform API Specification -Djava.specification.vendor=Oracle Corporation -Djava.specification.version=21 -Djava.vendor=JetBrains s.r.o. -Djava.vendor.url=https://openjdk.org/ -Djava.vendor.url.bug=https://bugreport.java.com/bugreport/ -Djava.version=21.0.6 -Djava.version.date=2025-01-21 -Djava.vm.compressedOopsMode=32-bit -Djava.vm.info=mixed mode -Djava.vm.name=OpenJDK 64-Bit Server VM -Djava.vm.specification.name=Java Virtual Machine Specification -Djava.vm.specification.vendor=Oracle Corporation -Djava.vm.specification.version=21 -Djava.vm.vendor=JetBrains s.r.o. -Djava.vm.version=21.0.6+-13355223-b631.42 -Djbr.virtualization.information=Hyper-V role -Djdk.debug=release -Dlibrary.jansi.path=C:\Users\Anees Ahmed\AndroidStudioProjects\GamingSDKDemo\native\jansi\1.18\windows64 -Dline.separator=
 -Dnative.encoding=Cp1252 -Dorg.gradle.internal.GradleProjectBuilderOptions=omit_all_tasks -Dos.arch=amd64 -Dos.name=Windows 11 -Dos.version=10.0 -Dpath.separator=; -Dproject.structure.add.tools.jar.to.new.jdk=false -Dpsi.incremental.reparse.depth.limit=1000 -Dpsi.track.invalidation=true -Dstderr.encoding=Cp1252 -Dstdout.encoding=Cp1252 -Dsun.arch.data.model=64 -Dsun.boot.library.path=C:\Program Files\Android\Android Studio1\jbr\bin -Dsun.cpu.endian=little -Dsun.cpu.isalist=amd64 -Dsun.io.unicode.encoding=UnicodeLittle -Dsun.jnu.encoding=Cp1252 -Dsun.management.compiler=HotSpot 64-Bit Tiered Compilers -Dsun.os.patch.level -Duser.home=C:\Users\Anees Ahmed -Duser.name=Anees Ahmed -Duser.script -Duser.timezone=Asia/Karachi -Xmx4g -Dfile.encoding=UTF-8 -Djava.io.tmpdir=C:\Users\ANEESA~1\AppData\Local\Temp\ -Duser.country=US -Duser.language=en -Duser.variant -ea 
java_command: org.jetbrains.kotlin.commonizer.cli.CommonizerCLI @C:\Users\ANEESA~1\AppData\Local\Temp\kotlinc-native-args1892230677666083234.lst
java_class_path (initial): C:\Users\Anees Ahmed\AndroidStudioProjects\GamingSDKDemo\caches\modules-2\files-2.1\org.jetbrains.kotlin\kotlin-klib-commonizer-embeddable\2.1.20\bda026211b3f2350ec74c20a094e9eccefc67d5e\kotlin-klib-commonizer-embeddable-2.1.20.jar;C:\Users\Anees Ahmed\AndroidStudioProjects\GamingSDKDemo\caches\modules-2\files-2.1\org.jetbrains.kotlin\kotlin-compiler-embeddable\2.1.20\4ef56b3316798316bfac7a0ae443391c9e900ea1\kotlin-compiler-embeddable-2.1.20.jar;C:\Users\Anees Ahmed\AndroidStudioProjects\GamingSDKDemo\caches\modules-2\files-2.1\org.jetbrains.kotlin\kotlin-stdlib\2.1.20\aa8ca79cd50578314f6d1180c47cbe14c0fee567\kotlin-stdlib-2.1.20.jar;C:\Users\Anees Ahmed\AndroidStudioProjects\GamingSDKDemo\caches\modules-2\files-2.1\org.jetbrains\annotations\13.0\919f0dfe192fb4e063e7dacadee7f8bb9a2672a9\annotations-13.0.jar;C:\Users\Anees Ahmed\AndroidStudioProjects\GamingSDKDemo\caches\modules-2\files-2.1\org.jetbrains.kotlin\kotlin-script-runtime\2.1.20\f7c623d7f7bdb01f5ccd6b437bc0a937fcd7c57e\kotlin-script-runtime-2.1.20.jar;C:\Users\Anees Ahmed\AndroidStudioProjects\GamingSDKDemo\caches\modules-2\files-2.1\org.jetbrains.kotlin\kotlin-reflect\1.6.10\1cbe9c92c12a94eea200d23c2bbaedaf3daf5132\kotlin-reflect-1.6.10.jar;C:\Users\Anees Ahmed\AndroidStudioProjects\GamingSDKDemo\caches\modules-2\files-2.1\org.jetbrains.kotlin\kotlin-daemon-embeddable\2.1.20\95670fce77befd02a70a0bc3abe8ee4533521334\kotlin-daemon-embeddable-2.1.20.jar;C:\Users\Anees Ahmed\AndroidStudioProjects\GamingSDKDemo\caches\modules-2\files-2.1\org.jetbrains.intellij.deps\trove4j\1.0.20200330\3afb14d5f9ceb459d724e907a21145e8ff394f02\trove4j-1.0.20200330.jar;C:\Users\Anees Ahmed\AndroidStudioProjects\GamingSDKDemo\caches\modules-2\files-2.1\org.jetbrains.kotlinx\kotlinx-coroutines-core-jvm\1.8.0\ac1dc37a30a93150b704022f8d895ee1bd3a36b3\kotlinx-coroutines-core-jvm-1.8.0.jar
Launcher Type: SUN_STANDARD

[Global flags]
     intx CICompilerCount                          = 4                                         {product} {ergonomic}
     uint ConcGCThreads                            = 2                                         {product} {ergonomic}
     uint G1ConcRefinementThreads                  = 8                                         {product} {ergonomic}
   size_t G1HeapRegionSize                         = 2097152                                   {product} {ergonomic}
    uintx GCDrainStackTargetSize                   = 64                                        {product} {ergonomic}
   size_t InitialHeapSize                          = 400556032                                 {product} {ergonomic}
   size_t MarkStackSize                            = 4194304                                   {product} {ergonomic}
   size_t MaxHeapSize                              = 4294967296                                {product} {command line}
   size_t MaxNewSize                               = 2575302656                                {product} {ergonomic}
   size_t MinHeapDeltaBytes                        = 2097152                                   {product} {ergonomic}
   size_t MinHeapSize                              = 8388608                                   {product} {ergonomic}
    uintx NonNMethodCodeHeapSize                   = 5839372                                {pd product} {ergonomic}
    uintx NonProfiledCodeHeapSize                  = 122909434                              {pd product} {ergonomic}
    uintx ProfiledCodeHeapSize                     = 122909434                              {pd product} {ergonomic}
    uintx ReservedCodeCacheSize                    = 251658240                              {pd product} {ergonomic}
     bool SegmentedCodeCache                       = true                                      {product} {ergonomic}
   size_t SoftMaxHeapSize                          = 4294967296                             {manageable} {ergonomic}
     bool UseCompressedOops                        = true                           {product lp64_product} {ergonomic}
     bool UseG1GC                                  = true                                      {product} {ergonomic}
     bool UseLargePagesIndividualAllocation        = false                                  {pd product} {ergonomic}

Logging:
Log output configuration:
 #0: stdout all=warning uptime,level,tags foldmultilines=false
 #1: stderr all=off uptime,level,tags foldmultilines=false

Environment Variables:
JAVA_HOME=C:\Program Files\Java\jdk-17
PATH=C:\Program Files\Common Files\Oracle\Java\javapath;C:\WINDOWS\system32;C:\WINDOWS;C:\WINDOWS\System32\Wbem;C:\WINDOWS\System32\WindowsPowerShell\v1.0\;C:\WINDOWS\System32\OpenSSH\;C:\Program Files (x86)\Intel\Intel(R) Management Engine Components\DAL;C:\Program Files\Intel\Intel(R) Management Engine Components\DAL;C:\Program Files\Git\cmd;C:\Program Files\Java\jdk-17\bin;C:\Users\Anees Ahmed\AppData\Local\Android\Sdk\platform-tools;C:\Program Files\nodejs\;C:\Users\Anees Ahmed\AppData\Roaming\npm;C:\Program Files\Cloudflare\Cloudflare WARP\;C:\Users\Anees Ahmed\AppData\Local\Microsoft\WindowsApps;C:\Users\Anees Ahmed\AppData\Local\Programs\Microsoft VS Code\bin;"D:\Tools\flutter\bin";C:\Users\Anees Ahmed\AppData\Local\JetBrains\Toolbox\scripts;C:\Users\Anees Ahmed\AppData\Local\Programs\cursor\resources\app\bin;C:\Users\Anees Ahmed\AppData\Roaming\npm
USERNAME=Anees Ahmed
OS=Windows_NT
PROCESSOR_IDENTIFIER=Intel64 Family 6 Model 142 Stepping 10, GenuineIntel
TMP=C:\Users\ANEESA~1\AppData\Local\Temp
TEMP=C:\Users\ANEESA~1\AppData\Local\Temp




Periodic native trim disabled

JNI global refs:
JNI global refs: 10, weak refs: 0

JNI global refs memory usage: 835, weak refs: 833

Process memory usage:
Resident Set Size: 734700K (2% of 25005268K total physical memory with 2830064K free physical memory)

OOME stack traces (most recent first):
Classloader memory used:
Loader jdk.internal.loader.ClassLoaders$AppClassLoader                                 : 9158K
Loader bootstrap                                                                       : 8593K

---------------  S Y S T E M  ---------------

OS:
 Windows 11 , 64 bit Build 22621 (10.0.22621.3958)
OS uptime: 40 days 14:29 hours
Hyper-V role detected

CPU: total 8 (initial active 8) (4 cores per cpu, 2 threads per core) family 6 model 142 stepping 10 microcode 0xf6, cx8, cmov, fxsr, ht, mmx, 3dnowpref, sse, sse2, sse3, ssse3, sse4.1, sse4.2, popcnt, lzcnt, tsc, tscinvbit, avx, avx2, aes, erms, clmul, bmi1, bmi2, rtm, adx, fma, vzeroupper, clflush, clflushopt, hv, rdtscp, f16c
Processor Information for the first 8 processors :
  Max Mhz: 2112, Current Mhz: 1910, Mhz Limit: 1900

Memory: 4k page, system-wide physical 24419M (2763M free)
TotalPageFile size 44287M (AvailPageFile size 229M)
current process WorkingSet (physical memory assigned to process): 717M, peak: 717M
current process commit charge ("private bytes"): 800M, peak: 1079M

vm_info: OpenJDK 64-Bit Server VM (21.0.6+-13355223-b631.42) for windows-amd64 JRE (21.0.6+-13355223-b631.42), built on 2025-04-14T18:21:23Z by "builder" with MS VC++ 16.10 / 16.11 (VS2019)

END.
