#
# There is insufficient memory for the Java Runtime Environment to continue.
# Native memory allocation (mmap) failed to map 423624704 bytes. Error detail: G1 virtual space
# Possible reasons:
#   The system is out of physical RAM or swap space
#   This process is running with CompressedOops enabled, and the Java Heap may be blocking the growth of the native heap
# Possible solutions:
#   Reduce memory load on the system
#   Increase physical memory or swap space
#   Check if swap backing store is full
#   Decrease Java heap size (-Xmx/-Xms)
#   Decrease number of Java threads
#   Decrease Java thread stack sizes (-Xss)
#   Set larger code cache with -XX:ReservedCodeCacheSize=
#   JVM is running with Zero Based Compressed Oops mode in which the Java heap is
#     placed in the first 32GB address space. The Java Heap base address is the
#     maximum limit for the native heap growth. Please use -XX:HeapBaseMinAddress
#     to set the Java Heap base and to place the Java Heap above 32GB virtual address.
# This output file may be truncated or incomplete.
#
#  Out of Memory Error (os_windows.cpp:3898), pid=35836, tid=24216
#
# JRE version: OpenJDK Runtime Environment (21.0.6) (build 21.0.6+-13355223-b631.42)
# Java VM: OpenJDK 64-Bit Server VM (21.0.6+-13355223-b631.42, mixed mode, tiered, compressed oops, compressed class ptrs, g1 gc, windows-amd64)
# No core dump will be written. Minidumps are not enabled by default on client versions of Windows
#

---------------  S U M M A R Y ------------

Command Line: -Dfile.separator=\ -Didea.active=true -Didea.gradle.download.sources=true -Didea.resolveSourceSetDependencies=true -Didea.sync.active=true -Didea.vendor.name=Google -Didea.version=2024.3 -Dintellij.os.virtualization=none -Djava.awt.headless=true -Djava.class.version=65.0 -Djava.home=C:\Program Files\Android\Android Studio1\jbr -Djava.library.path=C:\Program Files\Android\Android Studio1\jbr\bin;C:\WINDOWS\Sun\Java\bin;C:\WINDOWS\system32;C:\WINDOWS;C:\Program Files\Common Files\Oracle\Java\javapath;C:\WINDOWS\system32;C:\WINDOWS;C:\WINDOWS\System32\Wbem;C:\WINDOWS\System32\WindowsPowerShell\v1.0\;C:\WINDOWS\System32\OpenSSH\;C:\Program Files (x86)\Intel\Intel(R) Management Engine Components\DAL;C:\Program Files\Intel\Intel(R) Management Engine Components\DAL;C:\Program Files\Git\cmd;C:\Program Files\Java\jdk-17\bin;C:\Users\Anees Ahmed\AppData\Local\Android\Sdk\platform-tools;C:\Program Files\nodejs\;C:\Users\Anees Ahmed\AppData\Roaming\npm;C:\Program Files\Cloudflare\Cloudflare WARP\;C:\Users\Anees Ahmed\AppData\Local\Microsoft\WindowsApps;C:\Users\Anees Ahmed\AppData\Local\Programs\Microsoft VS Code\bin;"D:\Tools\flutter\bin";C:\Users\Anees Ahmed\AppData\Local\JetBrains\Toolbox\scripts;C:\Users\Anees Ahmed\AppData\Local\Programs\cursor\resources\app\bin;C:\Users\Anees Ahmed\AppData\Roaming\npm;. -Djava.runtime.name=OpenJDK Runtime Environment -Djava.runtime.version=21.0.6+-13355223-b631.42 -Djava.specification.name=Java Platform API Specification -Djava.specification.vendor=Oracle Corporation -Djava.specification.version=21 -Djava.vendor=JetBrains s.r.o. -Djava.vendor.url=https://openjdk.org/ -Djava.vendor.url.bug=https://bugreport.java.com/bugreport/ -Djava.version=21.0.6 -Djava.version.date=2025-01-21 -Djava.vm.compressedOopsMode=32-bit -Djava.vm.info=mixed mode -Djava.vm.name=OpenJDK 64-Bit Server VM -Djava.vm.specification.name=Java Virtual Machine Specification -Djava.vm.specification.vendor=Oracle Corporation -Djava.vm.specification.version=21 -Djava.vm.vendor=JetBrains s.r.o. -Djava.vm.version=21.0.6+-13355223-b631.42 -Djbr.virtualization.information=Hyper-V role -Djdk.debug=release -Dlibrary.jansi.path=C:\Users\Anees Ahmed\AndroidStudioProjects\GamingSDKDemo\native\jansi\1.18\windows64 -Dline.separator=
 -Dnative.encoding=Cp1252 -Dorg.gradle.internal.GradleProjectBuilderOptions=omit_all_tasks -Dos.arch=amd64 -Dos.name=Windows 11 -Dos.version=10.0 -Dpath.separator=; -Dstderr.encoding=Cp1252 -Dstdout.encoding=Cp1252 -Dsun.arch.data.model=64 -Dsun.boot.library.path=C:\Program Files\Android\Android Studio1\jbr\bin -Dsun.cpu.endian=little -Dsun.cpu.isalist=amd64 -Dsun.io.unicode.encoding=UnicodeLittle -Dsun.jnu.encoding=Cp1252 -Dsun.management.compiler=HotSpot 64-Bit Tiered Compilers -Dsun.os.patch.level -Duser.home=C:\Users\Anees Ahmed -Duser.name=Anees Ahmed -Duser.script -Duser.timezone=Asia/Karachi -Xmx4g -Dfile.encoding=UTF-8 -Djava.io.tmpdir=C:\Users\ANEESA~1\AppData\Local\Temp\ -Duser.country=US -Duser.language=en -Duser.variant -ea org.jetbrains.kotlin.commonizer.cli.CommonizerCLI @C:\Users\ANEESA~1\AppData\Local\Temp\kotlinc-native-args10442414519980981995.lst

Host: Intel(R) Core(TM) i7-8650U CPU @ 1.90GHz, 8 cores, 23G,  Windows 11 , 64 bit Build 22621 (10.0.22621.3958)
Time: Mon May  5 13:39:14 2025 Pakistan Standard Time elapsed time: 13.483024 seconds (0d 0h 0m 13s)

---------------  T H R E A D  ---------------

Current thread (0x000001b15e04d3c0):  VMThread "VM Thread"          [id=24216, stack(0x000000af4c600000,0x000000af4c700000) (1024K)]

Stack: [0x000000af4c600000,0x000000af4c700000]
Native frames: (J=compiled Java code, j=interpreted, Vv=VM code, C=native code)
V  [jvm.dll+0x6d05a9]
V  [jvm.dll+0x85ea73]
V  [jvm.dll+0x860fce]
V  [jvm.dll+0x8616b3]
V  [jvm.dll+0x27e6e6]
V  [jvm.dll+0x6ccf45]
V  [jvm.dll+0x6c09fa]
V  [jvm.dll+0x35535b]
V  [jvm.dll+0x35cfb6]
V  [jvm.dll+0x3aef46]
V  [jvm.dll+0x3af218]
V  [jvm.dll+0x327a2c]
V  [jvm.dll+0x327ab7]
V  [jvm.dll+0x36d90c]
V  [jvm.dll+0x36c0be]
V  [jvm.dll+0x327181]
V  [jvm.dll+0x36b7d0]
V  [jvm.dll+0x867438]
V  [jvm.dll+0x8687b4]
V  [jvm.dll+0x868cf0]
V  [jvm.dll+0x868f83]
V  [jvm.dll+0x806e48]
V  [jvm.dll+0x6cee7d]
C  [ucrtbase.dll+0x29333]
C  [KERNEL32.DLL+0x1257d]
C  [ntdll.dll+0x5af08]

VM_Operation (0x000000af4bffda30): G1CollectForAllocation, mode: safepoint, requested by thread 0x000001b13ce21820


---------------  P R O C E S S  ---------------

Threads class SMR info:
_java_thread_list=0x000001b1626f7990, length=13, elements={
0x000001b13ce21820, 0x000001b15e0da990, 0x000001b15e0db7a0, 0x000001b15e0fb6f0,
0x000001b15e0fc140, 0x000001b15e0fcb90, 0x000001b15e1055f0, 0x000001b15e106370,
0x000001b15e106e00, 0x000001b15e29cb20, 0x000001b15e2a27c0, 0x000001b15eb4d7e0,
0x000001b161ea1d50
}

Java Threads: ( => current thread )
  0x000001b13ce21820 JavaThread "main"                              [_thread_blocked, id=14264, stack(0x000000af4bf00000,0x000000af4c000000) (1024K)]
  0x000001b15e0da990 JavaThread "Reference Handler"          daemon [_thread_blocked, id=19724, stack(0x000000af4c700000,0x000000af4c800000) (1024K)]
  0x000001b15e0db7a0 JavaThread "Finalizer"                  daemon [_thread_blocked, id=31968, stack(0x000000af4c800000,0x000000af4c900000) (1024K)]
  0x000001b15e0fb6f0 JavaThread "Signal Dispatcher"          daemon [_thread_blocked, id=8572, stack(0x000000af4c900000,0x000000af4ca00000) (1024K)]
  0x000001b15e0fc140 JavaThread "Attach Listener"            daemon [_thread_blocked, id=20176, stack(0x000000af4ca00000,0x000000af4cb00000) (1024K)]
  0x000001b15e0fcb90 JavaThread "Service Thread"             daemon [_thread_blocked, id=41728, stack(0x000000af4cb00000,0x000000af4cc00000) (1024K)]
  0x000001b15e1055f0 JavaThread "Monitor Deflation Thread"   daemon [_thread_blocked, id=3928, stack(0x000000af4cc00000,0x000000af4cd00000) (1024K)]
  0x000001b15e106370 JavaThread "C2 CompilerThread0"         daemon [_thread_blocked, id=596, stack(0x000000af4cd00000,0x000000af4ce00000) (1024K)]
  0x000001b15e106e00 JavaThread "C1 CompilerThread0"         daemon [_thread_blocked, id=21240, stack(0x000000af4ce00000,0x000000af4cf00000) (1024K)]
  0x000001b15e29cb20 JavaThread "Notification Thread"        daemon [_thread_blocked, id=22872, stack(0x000000af4cf00000,0x000000af4d000000) (1024K)]
  0x000001b15e2a27c0 JavaThread "Common-Cleaner"             daemon [_thread_blocked, id=12996, stack(0x000000af4d000000,0x000000af4d100000) (1024K)]
  0x000001b15eb4d7e0 JavaThread "C2 CompilerThread1"         daemon [_thread_blocked, id=4480, stack(0x000000af4d100000,0x000000af4d200000) (1024K)]
  0x000001b161ea1d50 JavaThread "C2 CompilerThread2"         daemon [_thread_blocked, id=24784, stack(0x000000af4d900000,0x000000af4da00000) (1024K)]
Total: 13

Other Threads:
=>0x000001b15e04d3c0 VMThread "VM Thread"                           [id=24216, stack(0x000000af4c600000,0x000000af4c700000) (1024K)]
  0x000001b159aa0e10 WatcherThread "VM Periodic Task Thread"        [id=1884, stack(0x000000af4c500000,0x000000af4c600000) (1024K)]
  0x000001b13fe5bb50 WorkerThread "GC Thread#0"                     [id=26808, stack(0x000000af4c000000,0x000000af4c100000) (1024K)]
  0x000001b15e7a8bb0 WorkerThread "GC Thread#1"                     [id=41828, stack(0x000000af4d200000,0x000000af4d300000) (1024K)]
  0x000001b15e7a8f50 WorkerThread "GC Thread#2"                     [id=32552, stack(0x000000af4d300000,0x000000af4d400000) (1024K)]
  0x000001b15e881a20 WorkerThread "GC Thread#3"                     [id=38968, stack(0x000000af4d400000,0x000000af4d500000) (1024K)]
  0x000001b15e881dc0 WorkerThread "GC Thread#4"                     [id=16060, stack(0x000000af4d500000,0x000000af4d600000) (1024K)]
  0x000001b15e884980 WorkerThread "GC Thread#5"                     [id=8344, stack(0x000000af4d600000,0x000000af4d700000) (1024K)]
  0x000001b15e884d20 WorkerThread "GC Thread#6"                     [id=30748, stack(0x000000af4d700000,0x000000af4d800000) (1024K)]
  0x000001b15e80fd70 WorkerThread "GC Thread#7"                     [id=40444, stack(0x000000af4d800000,0x000000af4d900000) (1024K)]
  0x000001b13fe6da50 ConcurrentGCThread "G1 Main Marker"            [id=18816, stack(0x000000af4c100000,0x000000af4c200000) (1024K)]
  0x000001b13fe6e5d0 WorkerThread "G1 Conc#0"                       [id=36588, stack(0x000000af4c200000,0x000000af4c300000) (1024K)]
  0x000001b1599745d0 ConcurrentGCThread "G1 Refine#0"               [id=35072, stack(0x000000af4c300000,0x000000af4c400000) (1024K)]
  0x000001b159975050 ConcurrentGCThread "G1 Service"                [id=15664, stack(0x000000af4c400000,0x000000af4c500000) (1024K)]
Total: 14

Threads with active compile tasks:
C2 CompilerThread2  13544 4077       4       org.jetbrains.kotlin.metadata.ProtoBuf$PackageFragment::isInitialized (121 bytes)
Total: 1

VM state: at safepoint (normal execution)

VM Mutex/Monitor currently owned by a thread:  ([mutex/lock_event])
[0x00007ffcb25ce3a0] Threads_lock - owner thread: 0x000001b15e04d3c0
[0x00007ffcb25ce4a0] Heap_lock - owner thread: 0x000001b13ce21820

Heap address: 0x0000000700000000, size: 4096 MB, Compressed Oops mode: Zero based, Oop shift amount: 3

CDS archive(s) not mapped
Compressed class space mapped at: 0x0000000800000000-0x0000000840000000, reserved size: 1073741824
Narrow klass base: 0x0000000800000000, Narrow klass shift: 0, Narrow klass range: 0x40000000

GC Precious Log:
 CardTable entry size: 512
 Card Set container configuration: InlinePtr #cards 4 size 8 Array Of Cards #cards 16 size 48 Howl #buckets 8 coarsen threshold 3686 Howl Bitmap #cards 512 size 80 coarsen threshold 460 Card regions per heap region 1 cards per card region 4096
 CPUs: 8 total, 8 available
 Memory: 24419M
 Large Page Support: Disabled
 NUMA Support: Disabled
 Compressed Oops: Enabled (Zero based)
 Heap Region Size: 2M
 Heap Min Capacity: 8M
 Heap Initial Capacity: 382M
 Heap Max Capacity: 4G
 Pre-touch: Disabled
 Parallel Workers: 8
 Concurrent Workers: 2
 Concurrent Refinement Workers: 8
 Periodic GC: Disabled

Heap:
 garbage-first heap   total 729088K, used 193205K [0x0000000700000000, 0x0000000800000000)
  region size 2048K, 27 young (55296K), 27 survivors (55296K)
 Metaspace       used 17788K, committed 17984K, reserved 1114112K
  class space    used 1559K, committed 1664K, reserved 1048576K

Heap Regions: E=young(eden), S=young(survivor), O=old, HS=humongous(starts), HC=humongous(continues), CS=collection set, F=free, TAMS=top-at-mark-start, PB=parsable bottom
|   0|0x0000000700000000, 0x0000000700200000, 0x0000000700200000|100%|HS|  |TAMS 0x0000000700000000| PB 0x0000000700000000| Complete 
|   1|0x0000000700200000, 0x0000000700400000, 0x0000000700400000|100%|HC|  |TAMS 0x0000000700200000| PB 0x0000000700200000| Complete 
|   2|0x0000000700400000, 0x0000000700600000, 0x0000000700600000|100%| O|  |TAMS 0x0000000700400000| PB 0x0000000700400000| Untracked 
|   3|0x0000000700600000, 0x0000000700800000, 0x0000000700800000|100%| O|  |TAMS 0x0000000700600000| PB 0x0000000700600000| Untracked 
|   4|0x0000000700800000, 0x0000000700a00000, 0x0000000700a00000|100%| O|  |TAMS 0x0000000700800000| PB 0x0000000700800000| Untracked 
|   5|0x0000000700a00000, 0x0000000700c00000, 0x0000000700c00000|100%| O|  |TAMS 0x0000000700a00000| PB 0x0000000700a00000| Untracked 
|   6|0x0000000700c00000, 0x0000000700e00000, 0x0000000700e00000|100%| O|  |TAMS 0x0000000700c00000| PB 0x0000000700c00000| Untracked 
|   7|0x0000000700e00000, 0x0000000701000000, 0x0000000701000000|100%| O|  |TAMS 0x0000000700e00000| PB 0x0000000700e00000| Untracked 
|   8|0x0000000701000000, 0x0000000701200000, 0x0000000701200000|100%| O|  |TAMS 0x0000000701000000| PB 0x0000000701000000| Untracked 
|   9|0x0000000701200000, 0x0000000701400000, 0x0000000701400000|100%| O|  |TAMS 0x0000000701200000| PB 0x0000000701200000| Untracked 
|  10|0x0000000701400000, 0x0000000701600000, 0x0000000701600000|100%| O|  |TAMS 0x0000000701400000| PB 0x0000000701400000| Untracked 
|  11|0x0000000701600000, 0x0000000701800000, 0x0000000701800000|100%| O|  |TAMS 0x0000000701600000| PB 0x0000000701600000| Untracked 
|  12|0x0000000701800000, 0x0000000701a00000, 0x0000000701a00000|100%| O|  |TAMS 0x0000000701800000| PB 0x0000000701800000| Untracked 
|  13|0x0000000701a00000, 0x0000000701c00000, 0x0000000701c00000|100%| O|  |TAMS 0x0000000701a00000| PB 0x0000000701a00000| Untracked 
|  14|0x0000000701c00000, 0x0000000701e00000, 0x0000000701e00000|100%| O|  |TAMS 0x0000000701c00000| PB 0x0000000701c00000| Untracked 
|  15|0x0000000701e00000, 0x0000000702000000, 0x0000000702000000|100%| O|  |TAMS 0x0000000701e00000| PB 0x0000000701e00000| Untracked 
|  16|0x0000000702000000, 0x0000000702200000, 0x0000000702200000|100%| O|  |TAMS 0x0000000702000000| PB 0x0000000702000000| Untracked 
|  17|0x0000000702200000, 0x0000000702400000, 0x0000000702400000|100%| O|  |TAMS 0x0000000702200000| PB 0x0000000702200000| Untracked 
|  18|0x0000000702400000, 0x0000000702600000, 0x0000000702600000|100%| O|  |TAMS 0x0000000702400000| PB 0x0000000702400000| Untracked 
|  19|0x0000000702600000, 0x0000000702800000, 0x0000000702800000|100%| O|  |TAMS 0x0000000702600000| PB 0x0000000702600000| Untracked 
|  20|0x0000000702800000, 0x0000000702a00000, 0x0000000702a00000|100%| O|  |TAMS 0x0000000702800000| PB 0x0000000702800000| Untracked 
|  21|0x0000000702a00000, 0x0000000702c00000, 0x0000000702c00000|100%| O|  |TAMS 0x0000000702a00000| PB 0x0000000702a00000| Untracked 
|  22|0x0000000702c00000, 0x0000000702e00000, 0x0000000702e00000|100%| O|  |TAMS 0x0000000702c00000| PB 0x0000000702c00000| Untracked 
|  23|0x0000000702e00000, 0x0000000703000000, 0x0000000703000000|100%| O|  |TAMS 0x0000000702e00000| PB 0x0000000702e00000| Untracked 
|  24|0x0000000703000000, 0x0000000703200000, 0x0000000703200000|100%| O|  |TAMS 0x0000000703000000| PB 0x0000000703000000| Untracked 
|  25|0x0000000703200000, 0x0000000703400000, 0x0000000703400000|100%| O|  |TAMS 0x0000000703200000| PB 0x0000000703200000| Untracked 
|  26|0x0000000703400000, 0x0000000703600000, 0x0000000703600000|100%| O|  |TAMS 0x0000000703400000| PB 0x0000000703400000| Untracked 
|  27|0x0000000703600000, 0x0000000703800000, 0x0000000703800000|100%| O|  |TAMS 0x0000000703600000| PB 0x0000000703600000| Untracked 
|  28|0x0000000703800000, 0x0000000703a00000, 0x0000000703a00000|100%| O|  |TAMS 0x0000000703800000| PB 0x0000000703800000| Untracked 
|  29|0x0000000703a00000, 0x0000000703c00000, 0x0000000703c00000|100%| O|  |TAMS 0x0000000703a00000| PB 0x0000000703a00000| Untracked 
|  30|0x0000000703c00000, 0x0000000703e00000, 0x0000000703e00000|100%| O|  |TAMS 0x0000000703c00000| PB 0x0000000703c00000| Untracked 
|  31|0x0000000703e00000, 0x0000000704000000, 0x0000000704000000|100%| O|  |TAMS 0x0000000703e00000| PB 0x0000000703e00000| Untracked 
|  32|0x0000000704000000, 0x0000000704200000, 0x0000000704200000|100%| O|  |TAMS 0x0000000704000000| PB 0x0000000704000000| Untracked 
|  33|0x0000000704200000, 0x0000000704400000, 0x0000000704400000|100%| O|  |TAMS 0x0000000704200000| PB 0x0000000704200000| Untracked 
|  34|0x0000000704400000, 0x0000000704600000, 0x0000000704600000|100%| O|  |TAMS 0x0000000704400000| PB 0x0000000704400000| Untracked 
|  35|0x0000000704600000, 0x0000000704800000, 0x0000000704800000|100%| O|  |TAMS 0x0000000704600000| PB 0x0000000704600000| Untracked 
|  36|0x0000000704800000, 0x0000000704a00000, 0x0000000704a00000|100%| O|  |TAMS 0x0000000704800000| PB 0x0000000704800000| Untracked 
|  37|0x0000000704a00000, 0x0000000704c00000, 0x0000000704c00000|100%| O|  |TAMS 0x0000000704a00000| PB 0x0000000704a00000| Untracked 
|  38|0x0000000704c00000, 0x0000000704e00000, 0x0000000704e00000|100%| O|  |TAMS 0x0000000704c00000| PB 0x0000000704c00000| Untracked 
|  39|0x0000000704e00000, 0x0000000705000000, 0x0000000705000000|100%| O|  |TAMS 0x0000000704e00000| PB 0x0000000704e00000| Untracked 
|  40|0x0000000705000000, 0x0000000705200000, 0x0000000705200000|100%| O|  |TAMS 0x0000000705000000| PB 0x0000000705000000| Untracked 
|  41|0x0000000705200000, 0x0000000705400000, 0x0000000705400000|100%| O|  |TAMS 0x0000000705200000| PB 0x0000000705200000| Untracked 
|  42|0x0000000705400000, 0x0000000705600000, 0x0000000705600000|100%| O|  |TAMS 0x0000000705400000| PB 0x0000000705400000| Untracked 
|  43|0x0000000705600000, 0x0000000705800000, 0x0000000705800000|100%| O|  |TAMS 0x0000000705600000| PB 0x0000000705600000| Untracked 
|  44|0x0000000705800000, 0x0000000705a00000, 0x0000000705a00000|100%| O|  |TAMS 0x0000000705800000| PB 0x0000000705800000| Untracked 
|  45|0x0000000705a00000, 0x0000000705c00000, 0x0000000705c00000|100%| O|  |TAMS 0x0000000705a00000| PB 0x0000000705a00000| Untracked 
|  46|0x0000000705c00000, 0x0000000705e00000, 0x0000000705e00000|100%| O|  |TAMS 0x0000000705c00000| PB 0x0000000705c00000| Untracked 
|  47|0x0000000705e00000, 0x0000000706000000, 0x0000000706000000|100%| O|  |TAMS 0x0000000705e00000| PB 0x0000000705e00000| Untracked 
|  48|0x0000000706000000, 0x0000000706200000, 0x0000000706200000|100%|HS|  |TAMS 0x0000000706000000| PB 0x0000000706000000| Complete 
|  49|0x0000000706200000, 0x0000000706400000, 0x0000000706400000|100%| O|  |TAMS 0x0000000706200000| PB 0x0000000706200000| Untracked 
|  50|0x0000000706400000, 0x0000000706600000, 0x0000000706600000|100%| O|  |TAMS 0x0000000706400000| PB 0x0000000706400000| Untracked 
|  51|0x0000000706600000, 0x0000000706800000, 0x0000000706800000|100%| O|  |TAMS 0x0000000706600000| PB 0x0000000706600000| Untracked 
|  52|0x0000000706800000, 0x0000000706a00000, 0x0000000706a00000|100%| O|  |TAMS 0x0000000706800000| PB 0x0000000706800000| Untracked 
|  53|0x0000000706a00000, 0x0000000706c00000, 0x0000000706c00000|100%| O|  |TAMS 0x0000000706a00000| PB 0x0000000706a00000| Untracked 
|  54|0x0000000706c00000, 0x0000000706e00000, 0x0000000706e00000|100%| O|  |TAMS 0x0000000706c00000| PB 0x0000000706c00000| Untracked 
|  55|0x0000000706e00000, 0x0000000707000000, 0x0000000707000000|100%| O|  |TAMS 0x0000000706e00000| PB 0x0000000706e00000| Untracked 
|  56|0x0000000707000000, 0x0000000707200000, 0x0000000707200000|100%| O|  |TAMS 0x0000000707000000| PB 0x0000000707000000| Untracked 
|  57|0x0000000707200000, 0x0000000707400000, 0x0000000707400000|100%| O|  |TAMS 0x0000000707200000| PB 0x0000000707200000| Untracked 
|  58|0x0000000707400000, 0x0000000707600000, 0x0000000707600000|100%| O|  |TAMS 0x0000000707400000| PB 0x0000000707400000| Untracked 
|  59|0x0000000707600000, 0x0000000707800000, 0x0000000707800000|100%| O|  |TAMS 0x0000000707600000| PB 0x0000000707600000| Untracked 
|  60|0x0000000707800000, 0x0000000707a00000, 0x0000000707a00000|100%| O|  |TAMS 0x0000000707800000| PB 0x0000000707800000| Untracked 
|  61|0x0000000707a00000, 0x0000000707c00000, 0x0000000707c00000|100%| O|  |TAMS 0x0000000707a00000| PB 0x0000000707a00000| Untracked 
|  62|0x0000000707c00000, 0x0000000707e00000, 0x0000000707e00000|100%| O|  |TAMS 0x0000000707c00000| PB 0x0000000707c00000| Untracked 
|  63|0x0000000707e00000, 0x0000000708000000, 0x0000000708000000|100%| O|  |TAMS 0x0000000707e00000| PB 0x0000000707e00000| Untracked 
|  64|0x0000000708000000, 0x0000000708200000, 0x0000000708200000|100%| O|  |TAMS 0x0000000708000000| PB 0x0000000708000000| Untracked 
|  65|0x0000000708200000, 0x0000000708400000, 0x0000000708400000|100%| O|  |TAMS 0x0000000708200000| PB 0x0000000708200000| Untracked 
|  66|0x0000000708400000, 0x0000000708600000, 0x0000000708600000|100%| O|  |TAMS 0x0000000708400000| PB 0x0000000708400000| Untracked 
|  67|0x0000000708600000, 0x00000007086ad628, 0x0000000708800000| 33%| O|  |TAMS 0x0000000708600000| PB 0x0000000708600000| Untracked 
|  68|0x0000000708800000, 0x0000000708800000, 0x0000000708a00000|  0%| F|  |TAMS 0x0000000708800000| PB 0x0000000708800000| Untracked 
|  69|0x0000000708a00000, 0x0000000708a00000, 0x0000000708c00000|  0%| F|  |TAMS 0x0000000708a00000| PB 0x0000000708a00000| Untracked 
|  70|0x0000000708c00000, 0x0000000708c00000, 0x0000000708e00000|  0%| F|  |TAMS 0x0000000708c00000| PB 0x0000000708c00000| Untracked 
|  71|0x0000000708e00000, 0x0000000708e00000, 0x0000000709000000|  0%| F|  |TAMS 0x0000000708e00000| PB 0x0000000708e00000| Untracked 
|  72|0x0000000709000000, 0x0000000709000000, 0x0000000709200000|  0%| F|  |TAMS 0x0000000709000000| PB 0x0000000709000000| Untracked 
|  73|0x0000000709200000, 0x0000000709200000, 0x0000000709400000|  0%| F|  |TAMS 0x0000000709200000| PB 0x0000000709200000| Untracked 
|  74|0x0000000709400000, 0x0000000709400000, 0x0000000709600000|  0%| F|  |TAMS 0x0000000709400000| PB 0x0000000709400000| Untracked 
|  75|0x0000000709600000, 0x0000000709600000, 0x0000000709800000|  0%| F|  |TAMS 0x0000000709600000| PB 0x0000000709600000| Untracked 
|  76|0x0000000709800000, 0x0000000709800000, 0x0000000709a00000|  0%| F|  |TAMS 0x0000000709800000| PB 0x0000000709800000| Untracked 
|  77|0x0000000709a00000, 0x0000000709a00000, 0x0000000709c00000|  0%| F|  |TAMS 0x0000000709a00000| PB 0x0000000709a00000| Untracked 
|  78|0x0000000709c00000, 0x0000000709c00000, 0x0000000709e00000|  0%| F|  |TAMS 0x0000000709c00000| PB 0x0000000709c00000| Untracked 
|  79|0x0000000709e00000, 0x0000000709e00000, 0x000000070a000000|  0%| F|  |TAMS 0x0000000709e00000| PB 0x0000000709e00000| Untracked 
|  80|0x000000070a000000, 0x000000070a000000, 0x000000070a200000|  0%| F|  |TAMS 0x000000070a000000| PB 0x000000070a000000| Untracked 
|  81|0x000000070a200000, 0x000000070a200000, 0x000000070a400000|  0%| F|  |TAMS 0x000000070a200000| PB 0x000000070a200000| Untracked 
|  82|0x000000070a400000, 0x000000070a400000, 0x000000070a600000|  0%| F|  |TAMS 0x000000070a400000| PB 0x000000070a400000| Untracked 
|  83|0x000000070a600000, 0x000000070a600000, 0x000000070a800000|  0%| F|  |TAMS 0x000000070a600000| PB 0x000000070a600000| Untracked 
|  84|0x000000070a800000, 0x000000070a800000, 0x000000070aa00000|  0%| F|  |TAMS 0x000000070a800000| PB 0x000000070a800000| Untracked 
|  85|0x000000070aa00000, 0x000000070aa00000, 0x000000070ac00000|  0%| F|  |TAMS 0x000000070aa00000| PB 0x000000070aa00000| Untracked 
|  86|0x000000070ac00000, 0x000000070ac00000, 0x000000070ae00000|  0%| F|  |TAMS 0x000000070ac00000| PB 0x000000070ac00000| Untracked 
|  87|0x000000070ae00000, 0x000000070ae00000, 0x000000070b000000|  0%| F|  |TAMS 0x000000070ae00000| PB 0x000000070ae00000| Untracked 
|  88|0x000000070b000000, 0x000000070b000000, 0x000000070b200000|  0%| F|  |TAMS 0x000000070b000000| PB 0x000000070b000000| Untracked 
|  89|0x000000070b200000, 0x000000070b200000, 0x000000070b400000|  0%| F|  |TAMS 0x000000070b200000| PB 0x000000070b200000| Untracked 
|  90|0x000000070b400000, 0x000000070b400000, 0x000000070b600000|  0%| F|  |TAMS 0x000000070b400000| PB 0x000000070b400000| Untracked 
|  91|0x000000070b600000, 0x000000070b600000, 0x000000070b800000|  0%| F|  |TAMS 0x000000070b600000| PB 0x000000070b600000| Untracked 
|  92|0x000000070b800000, 0x000000070b800000, 0x000000070ba00000|  0%| F|  |TAMS 0x000000070b800000| PB 0x000000070b800000| Untracked 
|  93|0x000000070ba00000, 0x000000070ba00000, 0x000000070bc00000|  0%| F|  |TAMS 0x000000070ba00000| PB 0x000000070ba00000| Untracked 
|  94|0x000000070bc00000, 0x000000070bc00000, 0x000000070be00000|  0%| F|  |TAMS 0x000000070bc00000| PB 0x000000070bc00000| Untracked 
|  95|0x000000070be00000, 0x000000070be00000, 0x000000070c000000|  0%| F|  |TAMS 0x000000070be00000| PB 0x000000070be00000| Untracked 
|  96|0x000000070c000000, 0x000000070c000000, 0x000000070c200000|  0%| F|  |TAMS 0x000000070c000000| PB 0x000000070c000000| Untracked 
|  97|0x000000070c200000, 0x000000070c200000, 0x000000070c400000|  0%| F|  |TAMS 0x000000070c200000| PB 0x000000070c200000| Untracked 
|  98|0x000000070c400000, 0x000000070c400000, 0x000000070c600000|  0%| F|  |TAMS 0x000000070c400000| PB 0x000000070c400000| Untracked 
|  99|0x000000070c600000, 0x000000070c600000, 0x000000070c800000|  0%| F|  |TAMS 0x000000070c600000| PB 0x000000070c600000| Untracked 
| 100|0x000000070c800000, 0x000000070c800000, 0x000000070ca00000|  0%| F|  |TAMS 0x000000070c800000| PB 0x000000070c800000| Untracked 
| 101|0x000000070ca00000, 0x000000070ca00000, 0x000000070cc00000|  0%| F|  |TAMS 0x000000070ca00000| PB 0x000000070ca00000| Untracked 
| 102|0x000000070cc00000, 0x000000070cc00000, 0x000000070ce00000|  0%| F|  |TAMS 0x000000070cc00000| PB 0x000000070cc00000| Untracked 
| 103|0x000000070ce00000, 0x000000070ce00000, 0x000000070d000000|  0%| F|  |TAMS 0x000000070ce00000| PB 0x000000070ce00000| Untracked 
| 104|0x000000070d000000, 0x000000070d000000, 0x000000070d200000|  0%| F|  |TAMS 0x000000070d000000| PB 0x000000070d000000| Untracked 
| 105|0x000000070d200000, 0x000000070d200000, 0x000000070d400000|  0%| F|  |TAMS 0x000000070d200000| PB 0x000000070d200000| Untracked 
| 106|0x000000070d400000, 0x000000070d400000, 0x000000070d600000|  0%| F|  |TAMS 0x000000070d400000| PB 0x000000070d400000| Untracked 
| 107|0x000000070d600000, 0x000000070d600000, 0x000000070d800000|  0%| F|  |TAMS 0x000000070d600000| PB 0x000000070d600000| Untracked 
| 108|0x000000070d800000, 0x000000070d800000, 0x000000070da00000|  0%| F|  |TAMS 0x000000070d800000| PB 0x000000070d800000| Untracked 
| 109|0x000000070da00000, 0x000000070da00000, 0x000000070dc00000|  0%| F|  |TAMS 0x000000070da00000| PB 0x000000070da00000| Untracked 
| 110|0x000000070dc00000, 0x000000070dc00000, 0x000000070de00000|  0%| F|  |TAMS 0x000000070dc00000| PB 0x000000070dc00000| Untracked 
| 111|0x000000070de00000, 0x000000070de00000, 0x000000070e000000|  0%| F|  |TAMS 0x000000070de00000| PB 0x000000070de00000| Untracked 
| 112|0x000000070e000000, 0x000000070e000000, 0x000000070e200000|  0%| F|  |TAMS 0x000000070e000000| PB 0x000000070e000000| Untracked 
| 113|0x000000070e200000, 0x000000070e200000, 0x000000070e400000|  0%| F|  |TAMS 0x000000070e200000| PB 0x000000070e200000| Untracked 
| 114|0x000000070e400000, 0x000000070e400000, 0x000000070e600000|  0%| F|  |TAMS 0x000000070e400000| PB 0x000000070e400000| Untracked 
| 115|0x000000070e600000, 0x000000070e600000, 0x000000070e800000|  0%| F|  |TAMS 0x000000070e600000| PB 0x000000070e600000| Untracked 
| 116|0x000000070e800000, 0x000000070ea00000, 0x000000070ea00000|100%| S|CS|TAMS 0x000000070e800000| PB 0x000000070e800000| Complete 
| 117|0x000000070ea00000, 0x000000070ec00000, 0x000000070ec00000|100%| S|CS|TAMS 0x000000070ea00000| PB 0x000000070ea00000| Complete 
| 118|0x000000070ec00000, 0x000000070ee00000, 0x000000070ee00000|100%| S|CS|TAMS 0x000000070ec00000| PB 0x000000070ec00000| Complete 
| 119|0x000000070ee00000, 0x000000070f000000, 0x000000070f000000|100%| S|CS|TAMS 0x000000070ee00000| PB 0x000000070ee00000| Complete 
| 120|0x000000070f000000, 0x000000070f200000, 0x000000070f200000|100%| S|CS|TAMS 0x000000070f000000| PB 0x000000070f000000| Complete 
| 121|0x000000070f200000, 0x000000070f400000, 0x000000070f400000|100%| S|CS|TAMS 0x000000070f200000| PB 0x000000070f200000| Complete 
| 122|0x000000070f400000, 0x000000070f600000, 0x000000070f600000|100%| S|CS|TAMS 0x000000070f400000| PB 0x000000070f400000| Complete 
| 123|0x000000070f600000, 0x000000070f800000, 0x000000070f800000|100%| S|CS|TAMS 0x000000070f600000| PB 0x000000070f600000| Complete 
| 124|0x000000070f800000, 0x000000070fa00000, 0x000000070fa00000|100%| S|CS|TAMS 0x000000070f800000| PB 0x000000070f800000| Complete 
| 125|0x000000070fa00000, 0x000000070fc00000, 0x000000070fc00000|100%| S|CS|TAMS 0x000000070fa00000| PB 0x000000070fa00000| Complete 
| 126|0x000000070fc00000, 0x000000070fe00000, 0x000000070fe00000|100%| S|CS|TAMS 0x000000070fc00000| PB 0x000000070fc00000| Complete 
| 127|0x000000070fe00000, 0x0000000710000000, 0x0000000710000000|100%| S|CS|TAMS 0x000000070fe00000| PB 0x000000070fe00000| Complete 
| 128|0x0000000710000000, 0x0000000710200000, 0x0000000710200000|100%| S|CS|TAMS 0x0000000710000000| PB 0x0000000710000000| Complete 
| 129|0x0000000710200000, 0x0000000710400000, 0x0000000710400000|100%| S|CS|TAMS 0x0000000710200000| PB 0x0000000710200000| Complete 
| 130|0x0000000710400000, 0x0000000710600000, 0x0000000710600000|100%| S|CS|TAMS 0x0000000710400000| PB 0x0000000710400000| Complete 
| 131|0x0000000710600000, 0x0000000710600000, 0x0000000710800000|  0%| F|  |TAMS 0x0000000710600000| PB 0x0000000710600000| Untracked 
| 132|0x0000000710800000, 0x0000000710800000, 0x0000000710a00000|  0%| F|  |TAMS 0x0000000710800000| PB 0x0000000710800000| Untracked 
| 133|0x0000000710a00000, 0x0000000710a00000, 0x0000000710c00000|  0%| F|  |TAMS 0x0000000710a00000| PB 0x0000000710a00000| Untracked 
| 134|0x0000000710c00000, 0x0000000710c00000, 0x0000000710e00000|  0%| F|  |TAMS 0x0000000710c00000| PB 0x0000000710c00000| Untracked 
| 135|0x0000000710e00000, 0x0000000710e00000, 0x0000000711000000|  0%| F|  |TAMS 0x0000000710e00000| PB 0x0000000710e00000| Untracked 
| 136|0x0000000711000000, 0x0000000711000000, 0x0000000711200000|  0%| F|  |TAMS 0x0000000711000000| PB 0x0000000711000000| Untracked 
| 137|0x0000000711200000, 0x0000000711200000, 0x0000000711400000|  0%| F|  |TAMS 0x0000000711200000| PB 0x0000000711200000| Untracked 
| 138|0x0000000711400000, 0x0000000711400000, 0x0000000711600000|  0%| F|  |TAMS 0x0000000711400000| PB 0x0000000711400000| Untracked 
| 139|0x0000000711600000, 0x0000000711600000, 0x0000000711800000|  0%| F|  |TAMS 0x0000000711600000| PB 0x0000000711600000| Untracked 
| 140|0x0000000711800000, 0x0000000711800000, 0x0000000711a00000|  0%| F|  |TAMS 0x0000000711800000| PB 0x0000000711800000| Untracked 
| 141|0x0000000711a00000, 0x0000000711a00000, 0x0000000711c00000|  0%| F|  |TAMS 0x0000000711a00000| PB 0x0000000711a00000| Untracked 
| 142|0x0000000711c00000, 0x0000000711c00000, 0x0000000711e00000|  0%| F|  |TAMS 0x0000000711c00000| PB 0x0000000711c00000| Untracked 
| 143|0x0000000711e00000, 0x0000000712000000, 0x0000000712000000|100%| S|CS|TAMS 0x0000000711e00000| PB 0x0000000711e00000| Complete 
| 144|0x0000000712000000, 0x0000000712200000, 0x0000000712200000|100%| S|CS|TAMS 0x0000000712000000| PB 0x0000000712000000| Complete 
| 145|0x0000000712200000, 0x0000000712400000, 0x0000000712400000|100%| S|CS|TAMS 0x0000000712200000| PB 0x0000000712200000| Complete 
| 146|0x0000000712400000, 0x0000000712600000, 0x0000000712600000|100%| S|CS|TAMS 0x0000000712400000| PB 0x0000000712400000| Complete 
| 147|0x0000000712600000, 0x0000000712800000, 0x0000000712800000|100%| S|CS|TAMS 0x0000000712600000| PB 0x0000000712600000| Complete 
| 148|0x0000000712800000, 0x0000000712a00000, 0x0000000712a00000|100%| S|CS|TAMS 0x0000000712800000| PB 0x0000000712800000| Complete 
| 149|0x0000000712a00000, 0x0000000712c00000, 0x0000000712c00000|100%| S|CS|TAMS 0x0000000712a00000| PB 0x0000000712a00000| Complete 
| 150|0x0000000712c00000, 0x0000000712e00000, 0x0000000712e00000|100%| S|CS|TAMS 0x0000000712c00000| PB 0x0000000712c00000| Complete 
| 151|0x0000000712e00000, 0x0000000713000000, 0x0000000713000000|100%| S|CS|TAMS 0x0000000712e00000| PB 0x0000000712e00000| Complete 
| 152|0x0000000713000000, 0x0000000713200000, 0x0000000713200000|100%| S|CS|TAMS 0x0000000713000000| PB 0x0000000713000000| Complete 
| 153|0x0000000713200000, 0x0000000713400000, 0x0000000713400000|100%| S|CS|TAMS 0x0000000713200000| PB 0x0000000713200000| Complete 
| 154|0x0000000713400000, 0x0000000713600000, 0x0000000713600000|100%| S|CS|TAMS 0x0000000713400000| PB 0x0000000713400000| Complete 
| 155|0x0000000713600000, 0x0000000713600000, 0x0000000713800000|  0%| F|  |TAMS 0x0000000713600000| PB 0x0000000713600000| Untracked 
| 156|0x0000000713800000, 0x0000000713800000, 0x0000000713a00000|  0%| F|  |TAMS 0x0000000713800000| PB 0x0000000713800000| Untracked 
| 157|0x0000000713a00000, 0x0000000713a00000, 0x0000000713c00000|  0%| F|  |TAMS 0x0000000713a00000| PB 0x0000000713a00000| Untracked 
| 158|0x0000000713c00000, 0x0000000713c00000, 0x0000000713e00000|  0%| F|  |TAMS 0x0000000713c00000| PB 0x0000000713c00000| Untracked 
| 159|0x0000000713e00000, 0x0000000713e00000, 0x0000000714000000|  0%| F|  |TAMS 0x0000000713e00000| PB 0x0000000713e00000| Untracked 
| 160|0x0000000714000000, 0x0000000714000000, 0x0000000714200000|  0%| F|  |TAMS 0x0000000714000000| PB 0x0000000714000000| Untracked 
| 161|0x0000000714200000, 0x0000000714200000, 0x0000000714400000|  0%| F|  |TAMS 0x0000000714200000| PB 0x0000000714200000| Untracked 
| 162|0x0000000714400000, 0x0000000714400000, 0x0000000714600000|  0%| F|  |TAMS 0x0000000714400000| PB 0x0000000714400000| Untracked 
| 163|0x0000000714600000, 0x0000000714600000, 0x0000000714800000|  0%| F|  |TAMS 0x0000000714600000| PB 0x0000000714600000| Untracked 
| 164|0x0000000714800000, 0x0000000714800000, 0x0000000714a00000|  0%| F|  |TAMS 0x0000000714800000| PB 0x0000000714800000| Untracked 
| 165|0x0000000714a00000, 0x0000000714a00000, 0x0000000714c00000|  0%| F|  |TAMS 0x0000000714a00000| PB 0x0000000714a00000| Untracked 
| 166|0x0000000714c00000, 0x0000000714c00000, 0x0000000714e00000|  0%| F|  |TAMS 0x0000000714c00000| PB 0x0000000714c00000| Untracked 
| 167|0x0000000714e00000, 0x0000000714e00000, 0x0000000715000000|  0%| F|  |TAMS 0x0000000714e00000| PB 0x0000000714e00000| Untracked 
| 168|0x0000000715000000, 0x0000000715000000, 0x0000000715200000|  0%| F|  |TAMS 0x0000000715000000| PB 0x0000000715000000| Untracked 
| 169|0x0000000715200000, 0x0000000715200000, 0x0000000715400000|  0%| F|  |TAMS 0x0000000715200000| PB 0x0000000715200000| Untracked 
| 170|0x0000000715400000, 0x0000000715400000, 0x0000000715600000|  0%| F|  |TAMS 0x0000000715400000| PB 0x0000000715400000| Untracked 
| 171|0x0000000715600000, 0x0000000715600000, 0x0000000715800000|  0%| F|  |TAMS 0x0000000715600000| PB 0x0000000715600000| Untracked 
| 172|0x0000000715800000, 0x0000000715800000, 0x0000000715a00000|  0%| F|  |TAMS 0x0000000715800000| PB 0x0000000715800000| Untracked 
| 173|0x0000000715a00000, 0x0000000715a00000, 0x0000000715c00000|  0%| F|  |TAMS 0x0000000715a00000| PB 0x0000000715a00000| Untracked 
| 174|0x0000000715c00000, 0x0000000715c00000, 0x0000000715e00000|  0%| F|  |TAMS 0x0000000715c00000| PB 0x0000000715c00000| Untracked 
| 175|0x0000000715e00000, 0x0000000715e00000, 0x0000000716000000|  0%| F|  |TAMS 0x0000000715e00000| PB 0x0000000715e00000| Untracked 
| 176|0x0000000716000000, 0x0000000716000000, 0x0000000716200000|  0%| F|  |TAMS 0x0000000716000000| PB 0x0000000716000000| Untracked 
| 177|0x0000000716200000, 0x0000000716200000, 0x0000000716400000|  0%| F|  |TAMS 0x0000000716200000| PB 0x0000000716200000| Untracked 
| 178|0x0000000716400000, 0x0000000716400000, 0x0000000716600000|  0%| F|  |TAMS 0x0000000716400000| PB 0x0000000716400000| Untracked 
| 179|0x0000000716600000, 0x0000000716600000, 0x0000000716800000|  0%| F|  |TAMS 0x0000000716600000| PB 0x0000000716600000| Untracked 
| 180|0x0000000716800000, 0x0000000716800000, 0x0000000716a00000|  0%| F|  |TAMS 0x0000000716800000| PB 0x0000000716800000| Untracked 
| 181|0x0000000716a00000, 0x0000000716a00000, 0x0000000716c00000|  0%| F|  |TAMS 0x0000000716a00000| PB 0x0000000716a00000| Untracked 
| 182|0x0000000716c00000, 0x0000000716c00000, 0x0000000716e00000|  0%| F|  |TAMS 0x0000000716c00000| PB 0x0000000716c00000| Untracked 
| 183|0x0000000716e00000, 0x0000000716e00000, 0x0000000717000000|  0%| F|  |TAMS 0x0000000716e00000| PB 0x0000000716e00000| Untracked 
| 184|0x0000000717000000, 0x0000000717000000, 0x0000000717200000|  0%| F|  |TAMS 0x0000000717000000| PB 0x0000000717000000| Untracked 
| 185|0x0000000717200000, 0x0000000717200000, 0x0000000717400000|  0%| F|  |TAMS 0x0000000717200000| PB 0x0000000717200000| Untracked 
| 186|0x0000000717400000, 0x0000000717400000, 0x0000000717600000|  0%| F|  |TAMS 0x0000000717400000| PB 0x0000000717400000| Untracked 
| 187|0x0000000717600000, 0x0000000717600000, 0x0000000717800000|  0%| F|  |TAMS 0x0000000717600000| PB 0x0000000717600000| Untracked 
| 188|0x0000000717800000, 0x0000000717800000, 0x0000000717a00000|  0%| F|  |TAMS 0x0000000717800000| PB 0x0000000717800000| Untracked 
| 189|0x0000000717a00000, 0x0000000717a00000, 0x0000000717c00000|  0%| F|  |TAMS 0x0000000717a00000| PB 0x0000000717a00000| Untracked 
| 190|0x0000000717c00000, 0x0000000717c00000, 0x0000000717e00000|  0%| F|  |TAMS 0x0000000717c00000| PB 0x0000000717c00000| Untracked 
| 191|0x0000000717e00000, 0x0000000717e00000, 0x0000000718000000|  0%| F|  |TAMS 0x0000000717e00000| PB 0x0000000717e00000| Untracked 
| 192|0x0000000718000000, 0x0000000718000000, 0x0000000718200000|  0%| F|  |TAMS 0x0000000718000000| PB 0x0000000718000000| Untracked 
| 193|0x0000000718200000, 0x0000000718200000, 0x0000000718400000|  0%| F|  |TAMS 0x0000000718200000| PB 0x0000000718200000| Untracked 
| 194|0x0000000718400000, 0x0000000718400000, 0x0000000718600000|  0%| F|  |TAMS 0x0000000718400000| PB 0x0000000718400000| Untracked 
| 195|0x0000000718600000, 0x0000000718600000, 0x0000000718800000|  0%| F|  |TAMS 0x0000000718600000| PB 0x0000000718600000| Untracked 
| 196|0x0000000718800000, 0x0000000718800000, 0x0000000718a00000|  0%| F|  |TAMS 0x0000000718800000| PB 0x0000000718800000| Untracked 
| 197|0x0000000718a00000, 0x0000000718a00000, 0x0000000718c00000|  0%| F|  |TAMS 0x0000000718a00000| PB 0x0000000718a00000| Untracked 
| 198|0x0000000718c00000, 0x0000000718c00000, 0x0000000718e00000|  0%| F|  |TAMS 0x0000000718c00000| PB 0x0000000718c00000| Untracked 
| 199|0x0000000718e00000, 0x0000000718e00000, 0x0000000719000000|  0%| F|  |TAMS 0x0000000718e00000| PB 0x0000000718e00000| Untracked 
| 200|0x0000000719000000, 0x0000000719000000, 0x0000000719200000|  0%| F|  |TAMS 0x0000000719000000| PB 0x0000000719000000| Untracked 
| 201|0x0000000719200000, 0x0000000719200000, 0x0000000719400000|  0%| F|  |TAMS 0x0000000719200000| PB 0x0000000719200000| Untracked 
| 202|0x0000000719400000, 0x0000000719400000, 0x0000000719600000|  0%| F|  |TAMS 0x0000000719400000| PB 0x0000000719400000| Untracked 
| 203|0x0000000719600000, 0x0000000719600000, 0x0000000719800000|  0%| F|  |TAMS 0x0000000719600000| PB 0x0000000719600000| Untracked 
| 204|0x0000000719800000, 0x0000000719800000, 0x0000000719a00000|  0%| F|  |TAMS 0x0000000719800000| PB 0x0000000719800000| Untracked 
| 205|0x0000000719a00000, 0x0000000719a00000, 0x0000000719c00000|  0%| F|  |TAMS 0x0000000719a00000| PB 0x0000000719a00000| Untracked 
| 206|0x0000000719c00000, 0x0000000719c00000, 0x0000000719e00000|  0%| F|  |TAMS 0x0000000719c00000| PB 0x0000000719c00000| Untracked 
| 207|0x0000000719e00000, 0x0000000719e00000, 0x000000071a000000|  0%| F|  |TAMS 0x0000000719e00000| PB 0x0000000719e00000| Untracked 
| 208|0x000000071a000000, 0x000000071a000000, 0x000000071a200000|  0%| F|  |TAMS 0x000000071a000000| PB 0x000000071a000000| Untracked 
| 209|0x000000071a200000, 0x000000071a200000, 0x000000071a400000|  0%| F|  |TAMS 0x000000071a200000| PB 0x000000071a200000| Untracked 
| 210|0x000000071a400000, 0x000000071a400000, 0x000000071a600000|  0%| F|  |TAMS 0x000000071a400000| PB 0x000000071a400000| Untracked 
| 211|0x000000071a600000, 0x000000071a600000, 0x000000071a800000|  0%| F|  |TAMS 0x000000071a600000| PB 0x000000071a600000| Untracked 
| 212|0x000000071a800000, 0x000000071a800000, 0x000000071aa00000|  0%| F|  |TAMS 0x000000071a800000| PB 0x000000071a800000| Untracked 
| 213|0x000000071aa00000, 0x000000071aa00000, 0x000000071ac00000|  0%| F|  |TAMS 0x000000071aa00000| PB 0x000000071aa00000| Untracked 
| 214|0x000000071ac00000, 0x000000071ac00000, 0x000000071ae00000|  0%| F|  |TAMS 0x000000071ac00000| PB 0x000000071ac00000| Untracked 
| 215|0x000000071ae00000, 0x000000071ae00000, 0x000000071b000000|  0%| F|  |TAMS 0x000000071ae00000| PB 0x000000071ae00000| Untracked 
| 216|0x000000071b000000, 0x000000071b000000, 0x000000071b200000|  0%| F|  |TAMS 0x000000071b000000| PB 0x000000071b000000| Untracked 
| 217|0x000000071b200000, 0x000000071b200000, 0x000000071b400000|  0%| F|  |TAMS 0x000000071b200000| PB 0x000000071b200000| Untracked 
| 218|0x000000071b400000, 0x000000071b400000, 0x000000071b600000|  0%| F|  |TAMS 0x000000071b400000| PB 0x000000071b400000| Untracked 
| 219|0x000000071b600000, 0x000000071b600000, 0x000000071b800000|  0%| F|  |TAMS 0x000000071b600000| PB 0x000000071b600000| Untracked 
| 220|0x000000071b800000, 0x000000071b800000, 0x000000071ba00000|  0%| F|  |TAMS 0x000000071b800000| PB 0x000000071b800000| Untracked 
| 221|0x000000071ba00000, 0x000000071ba00000, 0x000000071bc00000|  0%| F|  |TAMS 0x000000071ba00000| PB 0x000000071ba00000| Untracked 
| 222|0x000000071bc00000, 0x000000071bc00000, 0x000000071be00000|  0%| F|  |TAMS 0x000000071bc00000| PB 0x000000071bc00000| Untracked 
| 223|0x000000071be00000, 0x000000071be00000, 0x000000071c000000|  0%| F|  |TAMS 0x000000071be00000| PB 0x000000071be00000| Untracked 
| 224|0x000000071c000000, 0x000000071c000000, 0x000000071c200000|  0%| F|  |TAMS 0x000000071c000000| PB 0x000000071c000000| Untracked 
| 225|0x000000071c200000, 0x000000071c200000, 0x000000071c400000|  0%| F|  |TAMS 0x000000071c200000| PB 0x000000071c200000| Untracked 
| 226|0x000000071c400000, 0x000000071c400000, 0x000000071c600000|  0%| F|  |TAMS 0x000000071c400000| PB 0x000000071c400000| Untracked 
| 227|0x000000071c600000, 0x000000071c600000, 0x000000071c800000|  0%| F|  |TAMS 0x000000071c600000| PB 0x000000071c600000| Untracked 
| 228|0x000000071c800000, 0x000000071c800000, 0x000000071ca00000|  0%| F|  |TAMS 0x000000071c800000| PB 0x000000071c800000| Untracked 
| 229|0x000000071ca00000, 0x000000071ca00000, 0x000000071cc00000|  0%| F|  |TAMS 0x000000071ca00000| PB 0x000000071ca00000| Untracked 
| 230|0x000000071cc00000, 0x000000071cc00000, 0x000000071ce00000|  0%| F|  |TAMS 0x000000071cc00000| PB 0x000000071cc00000| Untracked 
| 231|0x000000071ce00000, 0x000000071ce00000, 0x000000071d000000|  0%| F|  |TAMS 0x000000071ce00000| PB 0x000000071ce00000| Untracked 
| 232|0x000000071d000000, 0x000000071d000000, 0x000000071d200000|  0%| F|  |TAMS 0x000000071d000000| PB 0x000000071d000000| Untracked 
| 233|0x000000071d200000, 0x000000071d200000, 0x000000071d400000|  0%| F|  |TAMS 0x000000071d200000| PB 0x000000071d200000| Untracked 
| 234|0x000000071d400000, 0x000000071d400000, 0x000000071d600000|  0%| F|  |TAMS 0x000000071d400000| PB 0x000000071d400000| Untracked 
| 235|0x000000071d600000, 0x000000071d600000, 0x000000071d800000|  0%| F|  |TAMS 0x000000071d600000| PB 0x000000071d600000| Untracked 
| 236|0x000000071d800000, 0x000000071d800000, 0x000000071da00000|  0%| F|  |TAMS 0x000000071d800000| PB 0x000000071d800000| Untracked 
| 237|0x000000071da00000, 0x000000071da00000, 0x000000071dc00000|  0%| F|  |TAMS 0x000000071da00000| PB 0x000000071da00000| Untracked 
| 238|0x000000071dc00000, 0x000000071dc00000, 0x000000071de00000|  0%| F|  |TAMS 0x000000071dc00000| PB 0x000000071dc00000| Untracked 
| 239|0x000000071de00000, 0x000000071de00000, 0x000000071e000000|  0%| F|  |TAMS 0x000000071de00000| PB 0x000000071de00000| Untracked 
| 240|0x000000071e000000, 0x000000071e000000, 0x000000071e200000|  0%| F|  |TAMS 0x000000071e000000| PB 0x000000071e000000| Untracked 
| 241|0x000000071e200000, 0x000000071e200000, 0x000000071e400000|  0%| F|  |TAMS 0x000000071e200000| PB 0x000000071e200000| Untracked 
| 242|0x000000071e400000, 0x000000071e400000, 0x000000071e600000|  0%| F|  |TAMS 0x000000071e400000| PB 0x000000071e400000| Untracked 
| 243|0x000000071e600000, 0x000000071e600000, 0x000000071e800000|  0%| F|  |TAMS 0x000000071e600000| PB 0x000000071e600000| Untracked 
| 244|0x000000071e800000, 0x000000071e800000, 0x000000071ea00000|  0%| F|  |TAMS 0x000000071e800000| PB 0x000000071e800000| Untracked 
| 245|0x000000071ea00000, 0x000000071ea00000, 0x000000071ec00000|  0%| F|  |TAMS 0x000000071ea00000| PB 0x000000071ea00000| Untracked 
| 246|0x000000071ec00000, 0x000000071ec00000, 0x000000071ee00000|  0%| F|  |TAMS 0x000000071ec00000| PB 0x000000071ec00000| Untracked 
| 247|0x000000071ee00000, 0x000000071ee00000, 0x000000071f000000|  0%| F|  |TAMS 0x000000071ee00000| PB 0x000000071ee00000| Untracked 
| 248|0x000000071f000000, 0x000000071f000000, 0x000000071f200000|  0%| F|  |TAMS 0x000000071f000000| PB 0x000000071f000000| Untracked 
| 249|0x000000071f200000, 0x000000071f200000, 0x000000071f400000|  0%| F|  |TAMS 0x000000071f200000| PB 0x000000071f200000| Untracked 
| 250|0x000000071f400000, 0x000000071f400000, 0x000000071f600000|  0%| F|  |TAMS 0x000000071f400000| PB 0x000000071f400000| Untracked 
| 251|0x000000071f600000, 0x000000071f600000, 0x000000071f800000|  0%| F|  |TAMS 0x000000071f600000| PB 0x000000071f600000| Untracked 
| 252|0x000000071f800000, 0x000000071f800000, 0x000000071fa00000|  0%| F|  |TAMS 0x000000071f800000| PB 0x000000071f800000| Untracked 
| 253|0x000000071fa00000, 0x000000071fa00000, 0x000000071fc00000|  0%| F|  |TAMS 0x000000071fa00000| PB 0x000000071fa00000| Untracked 
| 254|0x000000071fc00000, 0x000000071fc00000, 0x000000071fe00000|  0%| F|  |TAMS 0x000000071fc00000| PB 0x000000071fc00000| Untracked 
| 255|0x000000071fe00000, 0x000000071fe00000, 0x0000000720000000|  0%| F|  |TAMS 0x000000071fe00000| PB 0x000000071fe00000| Untracked 
| 256|0x0000000720000000, 0x0000000720000000, 0x0000000720200000|  0%| F|  |TAMS 0x0000000720000000| PB 0x0000000720000000| Untracked 
| 257|0x0000000720200000, 0x0000000720200000, 0x0000000720400000|  0%| F|  |TAMS 0x0000000720200000| PB 0x0000000720200000| Untracked 
| 258|0x0000000720400000, 0x0000000720400000, 0x0000000720600000|  0%| F|  |TAMS 0x0000000720400000| PB 0x0000000720400000| Untracked 
| 259|0x0000000720600000, 0x0000000720600000, 0x0000000720800000|  0%| F|  |TAMS 0x0000000720600000| PB 0x0000000720600000| Untracked 
| 260|0x0000000720800000, 0x0000000720800000, 0x0000000720a00000|  0%| F|  |TAMS 0x0000000720800000| PB 0x0000000720800000| Untracked 
| 261|0x0000000720a00000, 0x0000000720a00000, 0x0000000720c00000|  0%| F|  |TAMS 0x0000000720a00000| PB 0x0000000720a00000| Untracked 
| 262|0x0000000720c00000, 0x0000000720c00000, 0x0000000720e00000|  0%| F|  |TAMS 0x0000000720c00000| PB 0x0000000720c00000| Untracked 
| 263|0x0000000720e00000, 0x0000000720e00000, 0x0000000721000000|  0%| F|  |TAMS 0x0000000720e00000| PB 0x0000000720e00000| Untracked 
| 264|0x0000000721000000, 0x0000000721000000, 0x0000000721200000|  0%| F|  |TAMS 0x0000000721000000| PB 0x0000000721000000| Untracked 
| 265|0x0000000721200000, 0x0000000721200000, 0x0000000721400000|  0%| F|  |TAMS 0x0000000721200000| PB 0x0000000721200000| Untracked 
| 266|0x0000000721400000, 0x0000000721400000, 0x0000000721600000|  0%| F|  |TAMS 0x0000000721400000| PB 0x0000000721400000| Untracked 
| 267|0x0000000721600000, 0x0000000721600000, 0x0000000721800000|  0%| F|  |TAMS 0x0000000721600000| PB 0x0000000721600000| Untracked 
| 268|0x0000000721800000, 0x0000000721800000, 0x0000000721a00000|  0%| F|  |TAMS 0x0000000721800000| PB 0x0000000721800000| Untracked 
| 269|0x0000000721a00000, 0x0000000721a00000, 0x0000000721c00000|  0%| F|  |TAMS 0x0000000721a00000| PB 0x0000000721a00000| Untracked 
| 270|0x0000000721c00000, 0x0000000721c00000, 0x0000000721e00000|  0%| F|  |TAMS 0x0000000721c00000| PB 0x0000000721c00000| Untracked 
| 271|0x0000000721e00000, 0x0000000721e00000, 0x0000000722000000|  0%| F|  |TAMS 0x0000000721e00000| PB 0x0000000721e00000| Untracked 
| 272|0x0000000722000000, 0x0000000722000000, 0x0000000722200000|  0%| F|  |TAMS 0x0000000722000000| PB 0x0000000722000000| Untracked 
| 273|0x0000000722200000, 0x0000000722200000, 0x0000000722400000|  0%| F|  |TAMS 0x0000000722200000| PB 0x0000000722200000| Untracked 
| 274|0x0000000722400000, 0x0000000722400000, 0x0000000722600000|  0%| F|  |TAMS 0x0000000722400000| PB 0x0000000722400000| Untracked 
| 275|0x0000000722600000, 0x0000000722600000, 0x0000000722800000|  0%| F|  |TAMS 0x0000000722600000| PB 0x0000000722600000| Untracked 
| 276|0x0000000722800000, 0x0000000722800000, 0x0000000722a00000|  0%| F|  |TAMS 0x0000000722800000| PB 0x0000000722800000| Untracked 
| 277|0x0000000722a00000, 0x0000000722a00000, 0x0000000722c00000|  0%| F|  |TAMS 0x0000000722a00000| PB 0x0000000722a00000| Untracked 
| 278|0x0000000722c00000, 0x0000000722c00000, 0x0000000722e00000|  0%| F|  |TAMS 0x0000000722c00000| PB 0x0000000722c00000| Untracked 
| 279|0x0000000722e00000, 0x0000000722e00000, 0x0000000723000000|  0%| F|  |TAMS 0x0000000722e00000| PB 0x0000000722e00000| Untracked 
| 280|0x0000000723000000, 0x0000000723000000, 0x0000000723200000|  0%| F|  |TAMS 0x0000000723000000| PB 0x0000000723000000| Untracked 
| 281|0x0000000723200000, 0x0000000723200000, 0x0000000723400000|  0%| F|  |TAMS 0x0000000723200000| PB 0x0000000723200000| Untracked 
| 282|0x0000000723400000, 0x0000000723400000, 0x0000000723600000|  0%| F|  |TAMS 0x0000000723400000| PB 0x0000000723400000| Untracked 
| 283|0x0000000723600000, 0x0000000723600000, 0x0000000723800000|  0%| F|  |TAMS 0x0000000723600000| PB 0x0000000723600000| Untracked 
| 284|0x0000000723800000, 0x0000000723800000, 0x0000000723a00000|  0%| F|  |TAMS 0x0000000723800000| PB 0x0000000723800000| Untracked 
| 285|0x0000000723a00000, 0x0000000723a00000, 0x0000000723c00000|  0%| F|  |TAMS 0x0000000723a00000| PB 0x0000000723a00000| Untracked 
| 286|0x0000000723c00000, 0x0000000723c00000, 0x0000000723e00000|  0%| F|  |TAMS 0x0000000723c00000| PB 0x0000000723c00000| Untracked 
| 287|0x0000000723e00000, 0x0000000723e00000, 0x0000000724000000|  0%| F|  |TAMS 0x0000000723e00000| PB 0x0000000723e00000| Untracked 
| 288|0x0000000724000000, 0x0000000724000000, 0x0000000724200000|  0%| F|  |TAMS 0x0000000724000000| PB 0x0000000724000000| Untracked 
| 289|0x0000000724200000, 0x0000000724200000, 0x0000000724400000|  0%| F|  |TAMS 0x0000000724200000| PB 0x0000000724200000| Untracked 
| 290|0x0000000724400000, 0x0000000724400000, 0x0000000724600000|  0%| F|  |TAMS 0x0000000724400000| PB 0x0000000724400000| Untracked 
| 291|0x0000000724600000, 0x0000000724600000, 0x0000000724800000|  0%| F|  |TAMS 0x0000000724600000| PB 0x0000000724600000| Untracked 
| 292|0x0000000724800000, 0x0000000724800000, 0x0000000724a00000|  0%| F|  |TAMS 0x0000000724800000| PB 0x0000000724800000| Untracked 
| 293|0x0000000724a00000, 0x0000000724a00000, 0x0000000724c00000|  0%| F|  |TAMS 0x0000000724a00000| PB 0x0000000724a00000| Untracked 
| 294|0x0000000724c00000, 0x0000000724c00000, 0x0000000724e00000|  0%| F|  |TAMS 0x0000000724c00000| PB 0x0000000724c00000| Untracked 
| 295|0x0000000724e00000, 0x0000000724e00000, 0x0000000725000000|  0%| F|  |TAMS 0x0000000724e00000| PB 0x0000000724e00000| Untracked 
| 296|0x0000000725000000, 0x0000000725000000, 0x0000000725200000|  0%| F|  |TAMS 0x0000000725000000| PB 0x0000000725000000| Untracked 
| 297|0x0000000725200000, 0x0000000725200000, 0x0000000725400000|  0%| F|  |TAMS 0x0000000725200000| PB 0x0000000725200000| Untracked 
| 298|0x0000000725400000, 0x0000000725400000, 0x0000000725600000|  0%| F|  |TAMS 0x0000000725400000| PB 0x0000000725400000| Untracked 
| 299|0x0000000725600000, 0x0000000725600000, 0x0000000725800000|  0%| F|  |TAMS 0x0000000725600000| PB 0x0000000725600000| Untracked 
| 300|0x0000000725800000, 0x0000000725800000, 0x0000000725a00000|  0%| F|  |TAMS 0x0000000725800000| PB 0x0000000725800000| Untracked 
| 301|0x0000000725a00000, 0x0000000725a00000, 0x0000000725c00000|  0%| F|  |TAMS 0x0000000725a00000| PB 0x0000000725a00000| Untracked 
| 302|0x0000000725c00000, 0x0000000725c00000, 0x0000000725e00000|  0%| F|  |TAMS 0x0000000725c00000| PB 0x0000000725c00000| Untracked 
| 303|0x0000000725e00000, 0x0000000725e00000, 0x0000000726000000|  0%| F|  |TAMS 0x0000000725e00000| PB 0x0000000725e00000| Untracked 
| 304|0x0000000726000000, 0x0000000726000000, 0x0000000726200000|  0%| F|  |TAMS 0x0000000726000000| PB 0x0000000726000000| Untracked 
| 305|0x0000000726200000, 0x0000000726200000, 0x0000000726400000|  0%| F|  |TAMS 0x0000000726200000| PB 0x0000000726200000| Untracked 
| 306|0x0000000726400000, 0x0000000726400000, 0x0000000726600000|  0%| F|  |TAMS 0x0000000726400000| PB 0x0000000726400000| Untracked 
| 307|0x0000000726600000, 0x0000000726600000, 0x0000000726800000|  0%| F|  |TAMS 0x0000000726600000| PB 0x0000000726600000| Untracked 
| 308|0x0000000726800000, 0x0000000726800000, 0x0000000726a00000|  0%| F|  |TAMS 0x0000000726800000| PB 0x0000000726800000| Untracked 
| 309|0x0000000726a00000, 0x0000000726a00000, 0x0000000726c00000|  0%| F|  |TAMS 0x0000000726a00000| PB 0x0000000726a00000| Untracked 
| 310|0x0000000726c00000, 0x0000000726c00000, 0x0000000726e00000|  0%| F|  |TAMS 0x0000000726c00000| PB 0x0000000726c00000| Untracked 
| 311|0x0000000726e00000, 0x0000000726e00000, 0x0000000727000000|  0%| F|  |TAMS 0x0000000726e00000| PB 0x0000000726e00000| Untracked 
| 312|0x0000000727000000, 0x0000000727000000, 0x0000000727200000|  0%| F|  |TAMS 0x0000000727000000| PB 0x0000000727000000| Untracked 
| 313|0x0000000727200000, 0x0000000727200000, 0x0000000727400000|  0%| F|  |TAMS 0x0000000727200000| PB 0x0000000727200000| Untracked 
| 314|0x0000000727400000, 0x0000000727400000, 0x0000000727600000|  0%| F|  |TAMS 0x0000000727400000| PB 0x0000000727400000| Untracked 
| 315|0x0000000727600000, 0x0000000727600000, 0x0000000727800000|  0%| F|  |TAMS 0x0000000727600000| PB 0x0000000727600000| Untracked 
| 316|0x0000000727800000, 0x0000000727800000, 0x0000000727a00000|  0%| F|  |TAMS 0x0000000727800000| PB 0x0000000727800000| Untracked 
| 317|0x0000000727a00000, 0x0000000727a00000, 0x0000000727c00000|  0%| F|  |TAMS 0x0000000727a00000| PB 0x0000000727a00000| Untracked 
| 318|0x0000000727c00000, 0x0000000727c00000, 0x0000000727e00000|  0%| F|  |TAMS 0x0000000727c00000| PB 0x0000000727c00000| Untracked 
| 319|0x0000000727e00000, 0x0000000727e00000, 0x0000000728000000|  0%| F|  |TAMS 0x0000000727e00000| PB 0x0000000727e00000| Untracked 
| 320|0x0000000728000000, 0x0000000728000000, 0x0000000728200000|  0%| F|  |TAMS 0x0000000728000000| PB 0x0000000728000000| Untracked 
| 321|0x0000000728200000, 0x0000000728200000, 0x0000000728400000|  0%| F|  |TAMS 0x0000000728200000| PB 0x0000000728200000| Untracked 
| 322|0x0000000728400000, 0x0000000728400000, 0x0000000728600000|  0%| F|  |TAMS 0x0000000728400000| PB 0x0000000728400000| Untracked 
| 323|0x0000000728600000, 0x0000000728600000, 0x0000000728800000|  0%| F|  |TAMS 0x0000000728600000| PB 0x0000000728600000| Untracked 
| 324|0x0000000728800000, 0x0000000728800000, 0x0000000728a00000|  0%| F|  |TAMS 0x0000000728800000| PB 0x0000000728800000| Untracked 
| 325|0x0000000728a00000, 0x0000000728a00000, 0x0000000728c00000|  0%| F|  |TAMS 0x0000000728a00000| PB 0x0000000728a00000| Untracked 
| 326|0x0000000728c00000, 0x0000000728c00000, 0x0000000728e00000|  0%| F|  |TAMS 0x0000000728c00000| PB 0x0000000728c00000| Untracked 
| 327|0x0000000728e00000, 0x0000000728e00000, 0x0000000729000000|  0%| F|  |TAMS 0x0000000728e00000| PB 0x0000000728e00000| Untracked 
| 328|0x0000000729000000, 0x0000000729000000, 0x0000000729200000|  0%| F|  |TAMS 0x0000000729000000| PB 0x0000000729000000| Untracked 
| 329|0x0000000729200000, 0x0000000729200000, 0x0000000729400000|  0%| F|  |TAMS 0x0000000729200000| PB 0x0000000729200000| Untracked 
| 330|0x0000000729400000, 0x0000000729400000, 0x0000000729600000|  0%| F|  |TAMS 0x0000000729400000| PB 0x0000000729400000| Untracked 
| 331|0x0000000729600000, 0x0000000729600000, 0x0000000729800000|  0%| F|  |TAMS 0x0000000729600000| PB 0x0000000729600000| Untracked 
| 332|0x0000000729800000, 0x0000000729800000, 0x0000000729a00000|  0%| F|  |TAMS 0x0000000729800000| PB 0x0000000729800000| Untracked 
| 333|0x0000000729a00000, 0x0000000729a00000, 0x0000000729c00000|  0%| F|  |TAMS 0x0000000729a00000| PB 0x0000000729a00000| Untracked 
| 334|0x0000000729c00000, 0x0000000729c00000, 0x0000000729e00000|  0%| F|  |TAMS 0x0000000729c00000| PB 0x0000000729c00000| Untracked 
| 335|0x0000000729e00000, 0x0000000729e00000, 0x000000072a000000|  0%| F|  |TAMS 0x0000000729e00000| PB 0x0000000729e00000| Untracked 
| 336|0x000000072a000000, 0x000000072a000000, 0x000000072a200000|  0%| F|  |TAMS 0x000000072a000000| PB 0x000000072a000000| Untracked 
| 337|0x000000072a200000, 0x000000072a200000, 0x000000072a400000|  0%| F|  |TAMS 0x000000072a200000| PB 0x000000072a200000| Untracked 
| 338|0x000000072a400000, 0x000000072a400000, 0x000000072a600000|  0%| F|  |TAMS 0x000000072a400000| PB 0x000000072a400000| Untracked 
| 339|0x000000072a600000, 0x000000072a600000, 0x000000072a800000|  0%| F|  |TAMS 0x000000072a600000| PB 0x000000072a600000| Untracked 
| 340|0x000000072a800000, 0x000000072a800000, 0x000000072aa00000|  0%| F|  |TAMS 0x000000072a800000| PB 0x000000072a800000| Untracked 
| 341|0x000000072aa00000, 0x000000072aa00000, 0x000000072ac00000|  0%| F|  |TAMS 0x000000072aa00000| PB 0x000000072aa00000| Untracked 
| 342|0x000000072ac00000, 0x000000072ac00000, 0x000000072ae00000|  0%| F|  |TAMS 0x000000072ac00000| PB 0x000000072ac00000| Untracked 
| 343|0x000000072ae00000, 0x000000072ae00000, 0x000000072b000000|  0%| F|  |TAMS 0x000000072ae00000| PB 0x000000072ae00000| Untracked 
| 344|0x000000072b000000, 0x000000072b000000, 0x000000072b200000|  0%| F|  |TAMS 0x000000072b000000| PB 0x000000072b000000| Untracked 
| 345|0x000000072b200000, 0x000000072b200000, 0x000000072b400000|  0%| F|  |TAMS 0x000000072b200000| PB 0x000000072b200000| Untracked 
| 346|0x000000072b400000, 0x000000072b400000, 0x000000072b600000|  0%| F|  |TAMS 0x000000072b400000| PB 0x000000072b400000| Untracked 
| 347|0x000000072b600000, 0x000000072b600000, 0x000000072b800000|  0%| F|  |TAMS 0x000000072b600000| PB 0x000000072b600000| Untracked 
| 348|0x000000072b800000, 0x000000072b800000, 0x000000072ba00000|  0%| F|  |TAMS 0x000000072b800000| PB 0x000000072b800000| Untracked 
| 349|0x000000072ba00000, 0x000000072ba00000, 0x000000072bc00000|  0%| F|  |TAMS 0x000000072ba00000| PB 0x000000072ba00000| Untracked 
| 350|0x000000072bc00000, 0x000000072bc00000, 0x000000072be00000|  0%| F|  |TAMS 0x000000072bc00000| PB 0x000000072bc00000| Untracked 
| 351|0x000000072be00000, 0x000000072be00000, 0x000000072c000000|  0%| F|  |TAMS 0x000000072be00000| PB 0x000000072be00000| Untracked 
| 352|0x000000072c000000, 0x000000072c000000, 0x000000072c200000|  0%| F|  |TAMS 0x000000072c000000| PB 0x000000072c000000| Untracked 
| 353|0x000000072c200000, 0x000000072c200000, 0x000000072c400000|  0%| F|  |TAMS 0x000000072c200000| PB 0x000000072c200000| Untracked 
| 354|0x000000072c400000, 0x000000072c400000, 0x000000072c600000|  0%| F|  |TAMS 0x000000072c400000| PB 0x000000072c400000| Untracked 
| 355|0x000000072c600000, 0x000000072c600000, 0x000000072c800000|  0%| F|  |TAMS 0x000000072c600000| PB 0x000000072c600000| Untracked 

Card table byte_map: [0x000001b152a50000,0x000001b153250000] _byte_map_base: 0x000001b14f250000

Marking Bits: (CMBitMap*) 0x000001b13fe5d170
 Bits: [0x000001b153250000, 0x000001b157250000)

Polling page: 0x000001b13d1c0000

Metaspace:

Usage:
  Non-class:     15.85 MB used.
      Class:      1.52 MB used.
       Both:     17.37 MB used.

Virtual space:
  Non-class space:       64.00 MB reserved,      15.94 MB ( 25%) committed,  1 nodes.
      Class space:        1.00 GB reserved,       1.62 MB ( <1%) committed,  1 nodes.
             Both:        1.06 GB reserved,      17.56 MB (  2%) committed. 

Chunk freelists:
   Non-Class:  80.00 KB
       Class:  14.41 MB
        Both:  14.48 MB

MaxMetaspaceSize: unlimited
CompressedClassSpaceSize: 1.00 GB
Initial GC threshold: 21.00 MB
Current GC threshold: 21.00 MB
CDS: off
 - commit_granule_bytes: 65536.
 - commit_granule_words: 8192.
 - virtual_space_node_default_size: 8388608.
 - enlarge_chunks_in_place: 1.
 - use_allocation_guard: 0.


Internal statistics:

num_allocs_failed_limit: 0.
num_arena_births: 32.
num_arena_deaths: 0.
num_vsnodes_births: 2.
num_vsnodes_deaths: 0.
num_space_committed: 281.
num_space_uncommitted: 0.
num_chunks_returned_to_freelist: 0.
num_chunks_taken_from_freelist: 368.
num_chunk_merges: 0.
num_chunk_splits: 311.
num_chunks_enlarged: 292.
num_inconsistent_stats: 0.

CodeHeap 'non-profiled nmethods': size=120000Kb used=5412Kb max_used=5412Kb free=114587Kb
 bounds [0x000001b14a9f0000, 0x000001b14af40000, 0x000001b151f20000]
CodeHeap 'profiled nmethods': size=120000Kb used=10338Kb max_used=10338Kb free=109661Kb
 bounds [0x000001b142f20000, 0x000001b143940000, 0x000001b14a450000]
CodeHeap 'non-nmethods': size=5760Kb used=1365Kb max_used=1511Kb free=4394Kb
 bounds [0x000001b14a450000, 0x000001b14a6c0000, 0x000001b14a9f0000]
 total_blobs=4551 nmethods=4072 adapters=383
 compilation: enabled
              stopped_count=0, restarted_count=0
 full_count=0

Compilation events (20 events):
Event: 13.175 Thread 0x000001b15e106e00 4070       3       org.jetbrains.kotlin.commonizer.mergedtree.CirProvidedClassifiersByModulesKt::access$readModule (6 bytes)
Event: 13.175 Thread 0x000001b15e106e00 nmethod 4070 0x000001b143937c10 code [0x000001b143937dc0, 0x000001b143937ed8]
Event: 13.176 Thread 0x000001b15e106e00 4071       3       org.jetbrains.kotlin.library.impl.MetadataLibraryImpl$moduleHeaderData$2::invoke (5 bytes)
Event: 13.176 Thread 0x000001b15e106e00 nmethod 4071 0x000001b143937f90 code [0x000001b143938160, 0x000001b143938430]
Event: 13.176 Thread 0x000001b15e106e00 4072       3       org.jetbrains.kotlin.library.impl.MetadataLibraryImpl$moduleHeaderData$2::invoke (20 bytes)
Event: 13.177 Thread 0x000001b15e106e00 nmethod 4072 0x000001b143938590 code [0x000001b143938740, 0x000001b1439389a8]
Event: 13.193 Thread 0x000001b15e106370 nmethod 4066 0x000001b14af0cc90 code [0x000001b14af0d3e0, 0x000001b14af14510]
Event: 13.194 Thread 0x000001b15e106370 4068       4       org.jetbrains.kotlin.metadata.deserialization.ProtoTypeTableUtilKt::underlyingType (67 bytes)
Event: 13.195 Thread 0x000001b15e106370 nmethod 4068 0x000001b14af17010 code [0x000001b14af171c0, 0x000001b14af17310]
Event: 13.231 Thread 0x000001b15eb4d7e0 nmethod 4067 0x000001b14af17510 code [0x000001b14af17bc0, 0x000001b14af1ec40]
Event: 13.277 Thread 0x000001b161ea1d50 nmethod 4054 0x000001b14af21390 code [0x000001b14af22f80, 0x000001b14af33380]
Event: 13.280 Thread 0x000001b161ea1d50 4073       4       org.jetbrains.kotlin.library.impl.BaseLibraryAccess::inPlace (67 bytes)
Event: 13.282 Thread 0x000001b161ea1d50 nmethod 4073 0x000001b14af38290 code [0x000001b14af38420, 0x000001b14af38570]
Event: 13.356 Thread 0x000001b161ea1d50 4074       4       org.jetbrains.kotlin.protobuf.CodedInputStream::checkLastTagWas (13 bytes)
Event: 13.356 Thread 0x000001b161ea1d50 nmethod 4074 0x000001b14af38710 code [0x000001b14af388a0, 0x000001b14af38950]
Event: 13.410 Thread 0x000001b161ea1d50 4075       4       org.jetbrains.kotlin.metadata.ProtoBuf$TypeParameter$1::parsePartialFrom (7 bytes)
Event: 13.410 Thread 0x000001b15eb4d7e0 4076       4       org.jetbrains.kotlin.metadata.ProtoBuf$TypeParameter$1::parsePartialFrom (11 bytes)
Event: 13.411 Thread 0x000001b15eb4d7e0 nmethod 4076 0x000001b14af38a10 code [0x000001b14af38ba0, 0x000001b14af38ce0]
Event: 13.411 Thread 0x000001b161ea1d50 nmethod 4075 0x000001b14af38e10 code [0x000001b14af38fa0, 0x000001b14af390e0]
Event: 13.438 Thread 0x000001b161ea1d50 4077       4       org.jetbrains.kotlin.metadata.ProtoBuf$PackageFragment::isInitialized (121 bytes)

GC Heap History (20 events):
Event: 5.642 GC heap after
{Heap after GC invocations=9 (full 0):
 garbage-first heap   total 530432K, used 61015K [0x0000000700000000, 0x0000000800000000)
  region size 2048K, 8 young (16384K), 8 survivors (16384K)
 Metaspace       used 17469K, committed 17664K, reserved 1114112K
  class space    used 1541K, committed 1664K, reserved 1048576K
}
Event: 6.604 GC heap before
{Heap before GC invocations=9 (full 0):
 garbage-first heap   total 530432K, used 362071K [0x0000000700000000, 0x0000000800000000)
  region size 2048K, 155 young (317440K), 8 survivors (16384K)
 Metaspace       used 17652K, committed 17792K, reserved 1114112K
  class space    used 1557K, committed 1664K, reserved 1048576K
}
Event: 6.623 GC heap after
{Heap after GC invocations=10 (full 0):
 garbage-first heap   total 530432K, used 66977K [0x0000000700000000, 0x0000000800000000)
  region size 2048K, 11 young (22528K), 11 survivors (22528K)
 Metaspace       used 17652K, committed 17792K, reserved 1114112K
  class space    used 1557K, committed 1664K, reserved 1048576K
}
Event: 7.325 GC heap before
{Heap before GC invocations=10 (full 0):
 garbage-first heap   total 530432K, used 361889K [0x0000000700000000, 0x0000000800000000)
  region size 2048K, 155 young (317440K), 11 survivors (22528K)
 Metaspace       used 17707K, committed 17856K, reserved 1114112K
  class space    used 1558K, committed 1664K, reserved 1048576K
}
Event: 7.350 GC heap after
{Heap after GC invocations=11 (full 0):
 garbage-first heap   total 530432K, used 79505K [0x0000000700000000, 0x0000000800000000)
  region size 2048K, 17 young (34816K), 17 survivors (34816K)
 Metaspace       used 17707K, committed 17856K, reserved 1114112K
  class space    used 1558K, committed 1664K, reserved 1048576K
}
Event: 7.884 GC heap before
{Heap before GC invocations=11 (full 0):
 garbage-first heap   total 530432K, used 362129K [0x0000000700000000, 0x0000000800000000)
  region size 2048K, 155 young (317440K), 17 survivors (34816K)
 Metaspace       used 17715K, committed 17856K, reserved 1114112K
  class space    used 1558K, committed 1664K, reserved 1048576K
}
Event: 7.913 GC heap after
{Heap after GC invocations=12 (full 0):
 garbage-first heap   total 530432K, used 79380K [0x0000000700000000, 0x0000000800000000)
  region size 2048K, 9 young (18432K), 9 survivors (18432K)
 Metaspace       used 17715K, committed 17856K, reserved 1114112K
  class space    used 1558K, committed 1664K, reserved 1048576K
}
Event: 8.498 GC heap before
{Heap before GC invocations=12 (full 0):
 garbage-first heap   total 530432K, used 378388K [0x0000000700000000, 0x0000000800000000)
  region size 2048K, 155 young (317440K), 9 survivors (18432K)
 Metaspace       used 17727K, committed 17856K, reserved 1114112K
  class space    used 1558K, committed 1664K, reserved 1048576K
}
Event: 8.514 GC heap after
{Heap after GC invocations=13 (full 0):
 garbage-first heap   total 530432K, used 89664K [0x0000000700000000, 0x0000000800000000)
  region size 2048K, 14 young (28672K), 14 survivors (28672K)
 Metaspace       used 17727K, committed 17856K, reserved 1114112K
  class space    used 1558K, committed 1664K, reserved 1048576K
}
Event: 8.806 GC heap before
{Heap before GC invocations=13 (full 0):
 garbage-first heap   total 530432K, used 378432K [0x0000000700000000, 0x0000000800000000)
  region size 2048K, 155 young (317440K), 14 survivors (28672K)
 Metaspace       used 17740K, committed 17920K, reserved 1114112K
  class space    used 1558K, committed 1664K, reserved 1048576K
}
Event: 8.866 GC heap after
{Heap after GC invocations=14 (full 0):
 garbage-first heap   total 729088K, used 138516K [0x0000000700000000, 0x0000000800000000)
  region size 2048K, 20 young (40960K), 20 survivors (40960K)
 Metaspace       used 17740K, committed 17920K, reserved 1114112K
  class space    used 1558K, committed 1664K, reserved 1048576K
}
Event: 9.604 GC heap before
{Heap before GC invocations=14 (full 0):
 garbage-first heap   total 729088K, used 535828K [0x0000000700000000, 0x0000000800000000)
  region size 2048K, 213 young (436224K), 20 survivors (40960K)
 Metaspace       used 17748K, committed 17920K, reserved 1114112K
  class space    used 1558K, committed 1664K, reserved 1048576K
}
Event: 9.631 GC heap after
{Heap after GC invocations=15 (full 0):
 garbage-first heap   total 729088K, used 131834K [0x0000000700000000, 0x0000000800000000)
  region size 2048K, 9 young (18432K), 9 survivors (18432K)
 Metaspace       used 17748K, committed 17920K, reserved 1114112K
  class space    used 1558K, committed 1664K, reserved 1048576K
}
Event: 10.182 GC heap before
{Heap before GC invocations=15 (full 0):
 garbage-first heap   total 729088K, used 549626K [0x0000000700000000, 0x0000000800000000)
  region size 2048K, 213 young (436224K), 9 survivors (18432K)
 Metaspace       used 17756K, committed 17920K, reserved 1114112K
  class space    used 1559K, committed 1664K, reserved 1048576K
}
Event: 10.200 GC heap after
{Heap after GC invocations=16 (full 0):
 garbage-first heap   total 729088K, used 138991K [0x0000000700000000, 0x0000000800000000)
  region size 2048K, 12 young (24576K), 12 survivors (24576K)
 Metaspace       used 17756K, committed 17920K, reserved 1114112K
  class space    used 1559K, committed 1664K, reserved 1048576K
}
Event: 12.205 GC heap before
{Heap before GC invocations=16 (full 0):
 garbage-first heap   total 729088K, used 550639K [0x0000000700000000, 0x0000000800000000)
  region size 2048K, 213 young (436224K), 12 survivors (24576K)
 Metaspace       used 17784K, committed 17984K, reserved 1114112K
  class space    used 1559K, committed 1664K, reserved 1048576K
}
Event: 12.224 GC heap after
{Heap after GC invocations=17 (full 0):
 garbage-first heap   total 729088K, used 149404K [0x0000000700000000, 0x0000000800000000)
  region size 2048K, 17 young (34816K), 17 survivors (34816K)
 Metaspace       used 17784K, committed 17984K, reserved 1114112K
  class space    used 1559K, committed 1664K, reserved 1048576K
}
Event: 12.861 GC heap before
{Heap before GC invocations=17 (full 0):
 garbage-first heap   total 729088K, used 550812K [0x0000000700000000, 0x0000000800000000)
  region size 2048K, 213 young (436224K), 17 survivors (34816K)
 Metaspace       used 17786K, committed 17984K, reserved 1114112K
  class space    used 1559K, committed 1664K, reserved 1048576K
}
Event: 12.897 GC heap after
{Heap after GC invocations=18 (full 0):
 garbage-first heap   total 729088K, used 161944K [0x0000000700000000, 0x0000000800000000)
  region size 2048K, 17 young (34816K), 17 survivors (34816K)
 Metaspace       used 17786K, committed 17984K, reserved 1114112K
  class space    used 1559K, committed 1664K, reserved 1048576K
}
Event: 13.438 GC heap before
{Heap before GC invocations=18 (full 0):
 garbage-first heap   total 729088K, used 563352K [0x0000000700000000, 0x0000000800000000)
  region size 2048K, 213 young (436224K), 17 survivors (34816K)
 Metaspace       used 17788K, committed 17984K, reserved 1114112K
  class space    used 1559K, committed 1664K, reserved 1048576K
}

Dll operation events (3 events):
Event: 0.016 Loaded shared library C:\Program Files\Android\Android Studio1\jbr\bin\java.dll
Event: 0.024 Loaded shared library C:\Program Files\Android\Android Studio1\jbr\bin\zip.dll
Event: 1.210 Loaded shared library C:\Program Files\Android\Android Studio1\jbr\bin\verify.dll

Deoptimization events (20 events):
Event: 12.229 Thread 0x000001b13ce21820 DEOPT PACKING pc=0x000001b14ab5fd0c sp=0x000000af4bffdee0
Event: 12.229 Thread 0x000001b13ce21820 DEOPT UNPACKING pc=0x000001b14a4a46a2 sp=0x000000af4bffde80 mode 2
Event: 12.255 Thread 0x000001b13ce21820 Uncommon trap: trap_request=0xffffffcc fr.pc=0x000001b14ab1d874 relative=0x0000000000000214
Event: 12.255 Thread 0x000001b13ce21820 Uncommon trap: reason=intrinsic_or_type_checked_inlining action=make_not_entrant pc=0x000001b14ab1d874 method=java.util.Arrays.copyOf([Ljava/lang/Object;ILjava/lang/Class;)[Ljava/lang/Object; @ 35 c2
Event: 12.255 Thread 0x000001b13ce21820 DEOPT PACKING pc=0x000001b14ab1d874 sp=0x000000af4bffe5a0
Event: 12.255 Thread 0x000001b13ce21820 DEOPT UNPACKING pc=0x000001b14a4a46a2 sp=0x000000af4bffe558 mode 2
Event: 12.321 Thread 0x000001b13ce21820 DEOPT PACKING pc=0x000001b14329711d sp=0x000000af4bffe140
Event: 12.321 Thread 0x000001b13ce21820 DEOPT UNPACKING pc=0x000001b14a4a4e42 sp=0x000000af4bffd5f0 mode 0
Event: 12.388 Thread 0x000001b13ce21820 DEOPT PACKING pc=0x000001b143903b3e sp=0x000000af4bffddb0
Event: 12.388 Thread 0x000001b13ce21820 DEOPT UNPACKING pc=0x000001b14a4a4e42 sp=0x000000af4bffd370 mode 0
Event: 12.577 Thread 0x000001b13ce21820 DEOPT PACKING pc=0x000001b14329711d sp=0x000000af4bffe140
Event: 12.577 Thread 0x000001b13ce21820 DEOPT UNPACKING pc=0x000001b14a4a4e42 sp=0x000000af4bffd5f0 mode 0
Event: 12.612 Thread 0x000001b13ce21820 DEOPT PACKING pc=0x000001b143903b3e sp=0x000000af4bffddb0
Event: 12.612 Thread 0x000001b13ce21820 DEOPT UNPACKING pc=0x000001b14a4a4e42 sp=0x000000af4bffd370 mode 0
Event: 12.768 Thread 0x000001b13ce21820 DEOPT PACKING pc=0x000001b143903b3e sp=0x000000af4bffddb0
Event: 12.768 Thread 0x000001b13ce21820 DEOPT UNPACKING pc=0x000001b14a4a4e42 sp=0x000000af4bffd370 mode 0
Event: 12.915 Thread 0x000001b13ce21820 DEOPT PACKING pc=0x000001b143903b3e sp=0x000000af4bffddb0
Event: 12.915 Thread 0x000001b13ce21820 DEOPT UNPACKING pc=0x000001b14a4a4e42 sp=0x000000af4bffd370 mode 0
Event: 13.140 Thread 0x000001b13ce21820 DEOPT PACKING pc=0x000001b143903b3e sp=0x000000af4bffddb0
Event: 13.140 Thread 0x000001b13ce21820 DEOPT UNPACKING pc=0x000001b14a4a4e42 sp=0x000000af4bffd370 mode 0

Classes loaded (20 events):
Event: 4.332 Loading class java/lang/InstantiationException
Event: 4.332 Loading class java/lang/InstantiationException done
Event: 4.341 Loading class java/util/regex/Pattern$GroupTail
Event: 4.341 Loading class java/util/regex/Pattern$GroupTail done
Event: 4.403 Loading class java/util/concurrent/atomic/AtomicReferenceFieldUpdater
Event: 4.403 Loading class java/util/concurrent/atomic/AtomicReferenceFieldUpdater done
Event: 4.403 Loading class java/util/concurrent/atomic/AtomicReferenceFieldUpdater$AtomicReferenceFieldUpdaterImpl
Event: 4.403 Loading class java/util/concurrent/atomic/AtomicReferenceFieldUpdater$AtomicReferenceFieldUpdaterImpl done
Event: 4.403 Loading class java/util/concurrent/atomic/AtomicReferenceFieldUpdater$AtomicReferenceFieldUpdaterImpl$1
Event: 4.404 Loading class java/util/concurrent/atomic/AtomicReferenceFieldUpdater$AtomicReferenceFieldUpdaterImpl$1 done
Event: 4.404 Loading class sun/reflect/misc/ReflectUtil
Event: 4.404 Loading class sun/reflect/misc/ReflectUtil done
Event: 4.848 Loading class java/util/AbstractMap$SimpleImmutableEntry
Event: 4.848 Loading class java/util/AbstractMap$SimpleImmutableEntry done
Event: 5.654 Loading class java/lang/Byte$ByteCache
Event: 5.654 Loading class java/lang/Byte$ByteCache done
Event: 5.672 Loading class java/util/function/IntFunction
Event: 5.672 Loading class java/util/function/IntFunction done
Event: 10.306 Loading class java/lang/foreign/MemorySegment
Event: 10.307 Loading class java/lang/foreign/MemorySegment done

Classes unloaded (0 events):
No events

Classes redefined (0 events):
No events

Internal exceptions (20 events):
Event: 1.119 Thread 0x000001b13ce21820 Exception <a 'sun/nio/fs/WindowsException'{0x00000007161e03a0}> (0x00000007161e03a0) 
thrown [s\src\hotspot\share\prims\jni.cpp, line 535]
Event: 1.120 Thread 0x000001b13ce21820 Exception <a 'sun/nio/fs/WindowsException'{0x0000000715e007c8}> (0x0000000715e007c8) 
thrown [s\src\hotspot\share\prims\jni.cpp, line 535]
Event: 1.121 Thread 0x000001b13ce21820 Exception <a 'sun/nio/fs/WindowsException'{0x0000000715e11bb8}> (0x0000000715e11bb8) 
thrown [s\src\hotspot\share\prims\jni.cpp, line 535]
Event: 1.122 Thread 0x000001b13ce21820 Exception <a 'sun/nio/fs/WindowsException'{0x0000000715e21ee0}> (0x0000000715e21ee0) 
thrown [s\src\hotspot\share\prims\jni.cpp, line 535]
Event: 1.123 Thread 0x000001b13ce21820 Exception <a 'sun/nio/fs/WindowsException'{0x0000000715e33190}> (0x0000000715e33190) 
thrown [s\src\hotspot\share\prims\jni.cpp, line 535]
Event: 1.124 Thread 0x000001b13ce21820 Exception <a 'sun/nio/fs/WindowsException'{0x0000000715e45b38}> (0x0000000715e45b38) 
thrown [s\src\hotspot\share\prims\jni.cpp, line 535]
Event: 1.126 Thread 0x000001b13ce21820 Exception <a 'sun/nio/fs/WindowsException'{0x0000000715e5e540}> (0x0000000715e5e540) 
thrown [s\src\hotspot\share\prims\jni.cpp, line 535]
Event: 1.127 Thread 0x000001b13ce21820 Exception <a 'sun/nio/fs/WindowsException'{0x0000000715e6e620}> (0x0000000715e6e620) 
thrown [s\src\hotspot\share\prims\jni.cpp, line 535]
Event: 1.128 Thread 0x000001b13ce21820 Exception <a 'sun/nio/fs/WindowsException'{0x0000000715e7e380}> (0x0000000715e7e380) 
thrown [s\src\hotspot\share\prims\jni.cpp, line 535]
Event: 1.129 Thread 0x000001b13ce21820 Exception <a 'sun/nio/fs/WindowsException'{0x0000000715e964e0}> (0x0000000715e964e0) 
thrown [s\src\hotspot\share\prims\jni.cpp, line 535]
Event: 1.131 Thread 0x000001b13ce21820 Exception <a 'sun/nio/fs/WindowsException'{0x0000000715ea5ee0}> (0x0000000715ea5ee0) 
thrown [s\src\hotspot\share\prims\jni.cpp, line 535]
Event: 1.158 Thread 0x000001b13ce21820 Exception <a 'java/lang/NoSuchMethodError'{0x0000000715ffe650}: 'int java.lang.invoke.DirectMethodHandle$Holder.invokeVirtual(java.lang.Object, java.lang.Object, java.lang.Object)'> (0x0000000715ffe650) 
thrown [s\src\hotspot\share\interpreter\linkResolver.cpp, line 784]
Event: 1.167 Thread 0x000001b13ce21820 Exception <a 'java/lang/NoSuchMethodError'{0x0000000715c3b198}: 'void java.lang.invoke.DirectMethodHandle$Holder.invokeStatic(java.lang.Object, java.lang.Object)'> (0x0000000715c3b198) 
thrown [s\src\hotspot\share\interpreter\linkResolver.cpp, line 784]
Event: 1.167 Thread 0x000001b13ce21820 Exception <a 'java/lang/NoSuchMethodError'{0x0000000715c3e490}: 'void java.lang.invoke.DirectMethodHandle$Holder.invokeStaticInit(java.lang.Object, java.lang.Object)'> (0x0000000715c3e490) 
thrown [s\src\hotspot\share\interpreter\linkResolver.cpp, line 784]
Event: 1.181 Thread 0x000001b13ce21820 Exception <a 'java/lang/NoSuchMethodError'{0x0000000715d1b360}: 'void java.lang.invoke.DirectMethodHandle$Holder.invokeStatic(java.lang.Object, java.lang.Object, java.lang.Object, java.lang.Object)'> (0x0000000715d1b360) 
thrown [s\src\hotspot\share\interpreter\linkResolver.cpp, line 784]
Event: 1.192 Thread 0x000001b13ce21820 Exception <a 'sun/nio/fs/WindowsException'{0x0000000715da6398}> (0x0000000715da6398) 
thrown [s\src\hotspot\share\prims\jni.cpp, line 535]
Event: 1.194 Thread 0x000001b13ce21820 Exception <a 'java/lang/NoSuchMethodError'{0x0000000715db51a0}: 'void java.lang.invoke.DirectMethodHandle$Holder.invokeStatic(java.lang.Object, java.lang.Object, java.lang.Object)'> (0x0000000715db51a0) 
thrown [s\src\hotspot\share\interpreter\linkResolver.cpp, line 784]
Event: 1.419 Thread 0x000001b13ce21820 Implicit null exception at 0x000001b14aa2600e to 0x000001b14aa260a8
Event: 1.502 Thread 0x000001b13ce21820 Exception <a 'java/lang/NoSuchMethodError'{0x000000071769ed28}: 'java.lang.Object java.lang.invoke.DirectMethodHandle$Holder.newInvokeSpecial(java.lang.Object, java.lang.Object, java.lang.Object, int, java.lang.Object)'> (0x000000071769ed28) 
thrown [s\src\hotspot\share\interpreter\linkResolver.cpp, line 784]
Event: 4.305 Thread 0x000001b13ce21820 Implicit null exception at 0x000001b14aa3714b to 0x000001b14aa376dc

ZGC Phase Switch (0 events):
No events

VM Operations (20 events):
Event: 6.623 Executing VM operation: G1CollectForAllocation (G1 Evacuation Pause) done
Event: 7.325 Executing VM operation: G1CollectForAllocation (G1 Evacuation Pause)
Event: 7.350 Executing VM operation: G1CollectForAllocation (G1 Evacuation Pause) done
Event: 7.884 Executing VM operation: G1CollectForAllocation (G1 Evacuation Pause)
Event: 7.913 Executing VM operation: G1CollectForAllocation (G1 Evacuation Pause) done
Event: 8.498 Executing VM operation: G1CollectForAllocation (G1 Evacuation Pause)
Event: 8.514 Executing VM operation: G1CollectForAllocation (G1 Evacuation Pause) done
Event: 8.806 Executing VM operation: G1CollectForAllocation (G1 Evacuation Pause)
Event: 8.866 Executing VM operation: G1CollectForAllocation (G1 Evacuation Pause) done
Event: 9.604 Executing VM operation: G1CollectForAllocation (G1 Evacuation Pause)
Event: 9.631 Executing VM operation: G1CollectForAllocation (G1 Evacuation Pause) done
Event: 10.182 Executing VM operation: G1CollectForAllocation (G1 Evacuation Pause)
Event: 10.200 Executing VM operation: G1CollectForAllocation (G1 Evacuation Pause) done
Event: 11.208 Executing VM operation: Cleanup
Event: 11.208 Executing VM operation: Cleanup done
Event: 12.205 Executing VM operation: G1CollectForAllocation (G1 Evacuation Pause)
Event: 12.224 Executing VM operation: G1CollectForAllocation (G1 Evacuation Pause) done
Event: 12.861 Executing VM operation: G1CollectForAllocation (G1 Evacuation Pause)
Event: 12.897 Executing VM operation: G1CollectForAllocation (G1 Evacuation Pause) done
Event: 13.438 Executing VM operation: G1CollectForAllocation (G1 Evacuation Pause)

Memory protections (0 events):
No events

Nmethod flushes (0 events):
No events

Events (20 events):
Event: 0.131 Thread 0x000001b13ce21820 Thread added: 0x000001b15e29cb20
Event: 0.138 Thread 0x000001b13ce21820 Thread added: 0x000001b15e2a27c0
Event: 0.159 Loaded shared library C:\Program Files\Android\Android Studio1\jbr\bin\net.dll
Event: 0.162 Loaded shared library C:\Program Files\Android\Android Studio1\jbr\bin\nio.dll
Event: 0.172 Loaded shared library C:\Program Files\Android\Android Studio1\jbr\bin\zip.dll
Event: 0.189 Thread 0x000001b15e106370 Thread added: 0x000001b15e313b30
Event: 1.309 Thread 0x000001b15e313b30 Thread exited: 0x000001b15e313b30
Event: 1.473 Thread 0x000001b15e106e00 Thread added: 0x000001b15eb4d7e0
Event: 1.531 Thread 0x000001b15e106e00 Thread added: 0x000001b15ee91340
Event: 3.882 Thread 0x000001b15ee91340 Thread exited: 0x000001b15ee91340
Event: 3.883 Thread 0x000001b15e106e00 Thread added: 0x000001b15eb41660
Event: 4.313 Loaded shared library C:\Program Files\Android\Android Studio1\jbr\bin\jimage.dll
Event: 4.342 Thread 0x000001b15eb41660 Thread exited: 0x000001b15eb41660
Event: 4.467 Thread 0x000001b15e106e00 Thread added: 0x000001b15f167bf0
Event: 9.439 Thread 0x000001b15f167bf0 Thread exited: 0x000001b15f167bf0
Event: 9.654 Thread 0x000001b15eb4d7e0 Thread exited: 0x000001b15eb4d7e0
Event: 9.869 Thread 0x000001b15e106e00 Thread added: 0x000001b15eb4d7e0
Event: 9.980 Thread 0x000001b15e106e00 Thread added: 0x000001b161ea1d50
Event: 12.199 Thread 0x000001b161ea1d50 Thread exited: 0x000001b161ea1d50
Event: 12.251 Thread 0x000001b15e106e00 Thread added: 0x000001b161ea1d50


Dynamic libraries:
0x00007ff642dd0000 - 0x00007ff642dda000 	C:\Program Files\Android\Android Studio1\jbr\bin\java.exe
0x00007ffd17bf0000 - 0x00007ffd17e07000 	C:\WINDOWS\SYSTEM32\ntdll.dll
0x00007ffd16e60000 - 0x00007ffd16f24000 	C:\WINDOWS\System32\KERNEL32.DLL
0x00007ffd15230000 - 0x00007ffd155e7000 	C:\WINDOWS\System32\KERNELBASE.dll
0x00007ffd0f160000 - 0x00007ffd0f23b000 	C:\Program Files\Bitdefender\Endpoint Security\bdhkm\dlls_267043759192506747\bdhkm64.dll
0x00007ffca27d0000 - 0x00007ffca2994000 	C:\Program Files\Bitdefender\Endpoint Security\atcuf\dlls_267806003856596795\atcuf64.dll
0x00007ffd0f6f0000 - 0x00007ffd0f787000 	C:\WINDOWS\SYSTEM32\apphelp.dll
0x00007ffd15740000 - 0x00007ffd15851000 	C:\WINDOWS\System32\ucrtbase.dll
0x00007ffd0c890000 - 0x00007ffd0c8a8000 	C:\Program Files\Android\Android Studio1\jbr\bin\jli.dll
0x00007ffd16ad0000 - 0x00007ffd16c7f000 	C:\WINDOWS\System32\USER32.dll
0x00007ffd15660000 - 0x00007ffd15686000 	C:\WINDOWS\System32\win32u.dll
0x00007ffd15ab0000 - 0x00007ffd15ad9000 	C:\WINDOWS\System32\GDI32.dll
0x00007ffd14fa0000 - 0x00007ffd150b8000 	C:\WINDOWS\System32\gdi32full.dll
0x00007ffd14f00000 - 0x00007ffd14f9a000 	C:\WINDOWS\System32\msvcp_win.dll
0x00007ffd0cf70000 - 0x00007ffd0cf8b000 	C:\Program Files\Android\Android Studio1\jbr\bin\VCRUNTIME140.dll
0x00007ffcf1780000 - 0x00007ffcf1a13000 	C:\WINDOWS\WinSxS\amd64_microsoft.windows.common-controls_6595b64144ccf1df_6.0.22621.3672_none_2713b9d173822955\COMCTL32.dll
0x00007ffd17070000 - 0x00007ffd17117000 	C:\WINDOWS\System32\msvcrt.dll
0x00007ffd15ae0000 - 0x00007ffd15b11000 	C:\WINDOWS\System32\IMM32.DLL
0x00007ffd0f400000 - 0x00007ffd0f40c000 	C:\Program Files\Android\Android Studio1\jbr\bin\vcruntime140_1.dll
0x00007ffd0b9b0000 - 0x00007ffd0ba3d000 	C:\Program Files\Android\Android Studio1\jbr\bin\msvcp140.dll
0x00007ffcb1a20000 - 0x00007ffcb26ab000 	C:\Program Files\Android\Android Studio1\jbr\bin\server\jvm.dll
0x00007ffd17af0000 - 0x00007ffd17ba2000 	C:\WINDOWS\System32\ADVAPI32.dll
0x00007ffd16470000 - 0x00007ffd16518000 	C:\WINDOWS\System32\sechost.dll
0x00007ffd15690000 - 0x00007ffd156b8000 	C:\WINDOWS\System32\bcrypt.dll
0x00007ffd17950000 - 0x00007ffd17a64000 	C:\WINDOWS\System32\RPCRT4.dll
0x00007ffd15b20000 - 0x00007ffd15b91000 	C:\WINDOWS\System32\WS2_32.dll
0x00007ffd14dd0000 - 0x00007ffd14e1d000 	C:\WINDOWS\SYSTEM32\POWRPROF.dll
0x00007ffd0eea0000 - 0x00007ffd0eed4000 	C:\WINDOWS\SYSTEM32\WINMM.dll
0x00007ffd0f640000 - 0x00007ffd0f64a000 	C:\WINDOWS\SYSTEM32\VERSION.dll
0x00007ffd14db0000 - 0x00007ffd14dc3000 	C:\WINDOWS\SYSTEM32\UMPDC.dll
0x00007ffd13f10000 - 0x00007ffd13f28000 	C:\WINDOWS\SYSTEM32\kernel.appcore.dll
0x00007ffd0f380000 - 0x00007ffd0f38a000 	C:\Program Files\Android\Android Studio1\jbr\bin\jimage.dll
0x00007ffd12810000 - 0x00007ffd12a42000 	C:\WINDOWS\SYSTEM32\DBGHELP.DLL
0x00007ffd175c0000 - 0x00007ffd1794e000 	C:\WINDOWS\System32\combase.dll
0x00007ffd16f90000 - 0x00007ffd17067000 	C:\WINDOWS\System32\OLEAUT32.dll
0x00007ffcf1af0000 - 0x00007ffcf1b22000 	C:\WINDOWS\SYSTEM32\dbgcore.DLL
0x00007ffd156c0000 - 0x00007ffd1573b000 	C:\WINDOWS\System32\bcryptPrimitives.dll
0x00007ffd0ced0000 - 0x00007ffd0cef0000 	C:\Program Files\Android\Android Studio1\jbr\bin\java.dll
0x00007ffd0ccd0000 - 0x00007ffd0cce8000 	C:\Program Files\Android\Android Studio1\jbr\bin\zip.dll
0x00007ffd15c00000 - 0x00007ffd16469000 	C:\WINDOWS\System32\SHELL32.dll
0x00007ffd12e20000 - 0x00007ffd1371f000 	C:\WINDOWS\SYSTEM32\windows.storage.dll
0x00007ffd12ce0000 - 0x00007ffd12e1f000 	C:\WINDOWS\SYSTEM32\wintypes.dll
0x00007ffd17140000 - 0x00007ffd17239000 	C:\WINDOWS\System32\SHCORE.dll
0x00007ffd15ba0000 - 0x00007ffd15bfe000 	C:\WINDOWS\System32\shlwapi.dll
0x00007ffd14e30000 - 0x00007ffd14e57000 	C:\WINDOWS\SYSTEM32\profapi.dll
0x00007ffd0e500000 - 0x00007ffd0e510000 	C:\Program Files\Android\Android Studio1\jbr\bin\net.dll
0x00007ffd0d020000 - 0x00007ffd0d156000 	C:\WINDOWS\SYSTEM32\WINHTTP.dll
0x00007ffd14370000 - 0x00007ffd143d9000 	C:\WINDOWS\system32\mswsock.dll
0x00007ffd0ccb0000 - 0x00007ffd0ccc6000 	C:\Program Files\Android\Android Studio1\jbr\bin\nio.dll
0x00007ffd0cc90000 - 0x00007ffd0cca0000 	C:\Program Files\Android\Android Studio1\jbr\bin\verify.dll

dbghelp: loaded successfully - version: 4.0.5 - missing functions: none
symbol engine: initialized successfully - sym options: 0x614 - pdb path: .;C:\Program Files\Android\Android Studio1\jbr\bin;C:\WINDOWS\SYSTEM32;C:\Program Files\Bitdefender\Endpoint Security\bdhkm\dlls_267043759192506747;C:\Program Files\Bitdefender\Endpoint Security\atcuf\dlls_267806003856596795;C:\WINDOWS\WinSxS\amd64_microsoft.windows.common-controls_6595b64144ccf1df_6.0.22621.3672_none_2713b9d173822955;C:\Program Files\Android\Android Studio1\jbr\bin\server

VM Arguments:
jvm_args: -Dfile.separator=\ -Didea.active=true -Didea.gradle.download.sources=true -Didea.resolveSourceSetDependencies=true -Didea.sync.active=true -Didea.vendor.name=Google -Didea.version=2024.3 -Dintellij.os.virtualization=none -Djava.awt.headless=true -Djava.class.version=65.0 -Djava.home=C:\Program Files\Android\Android Studio1\jbr -Djava.library.path=C:\Program Files\Android\Android Studio1\jbr\bin;C:\WINDOWS\Sun\Java\bin;C:\WINDOWS\system32;C:\WINDOWS;C:\Program Files\Common Files\Oracle\Java\javapath;C:\WINDOWS\system32;C:\WINDOWS;C:\WINDOWS\System32\Wbem;C:\WINDOWS\System32\WindowsPowerShell\v1.0\;C:\WINDOWS\System32\OpenSSH\;C:\Program Files (x86)\Intel\Intel(R) Management Engine Components\DAL;C:\Program Files\Intel\Intel(R) Management Engine Components\DAL;C:\Program Files\Git\cmd;C:\Program Files\Java\jdk-17\bin;C:\Users\Anees Ahmed\AppData\Local\Android\Sdk\platform-tools;C:\Program Files\nodejs\;C:\Users\Anees Ahmed\AppData\Roaming\npm;C:\Program Files\Cloudflare\Cloudflare WARP\;C:\Users\Anees Ahmed\AppData\Local\Microsoft\WindowsApps;C:\Users\Anees Ahmed\AppData\Local\Programs\Microsoft VS Code\bin;"D:\Tools\flutter\bin";C:\Users\Anees Ahmed\AppData\Local\JetBrains\Toolbox\scripts;C:\Users\Anees Ahmed\AppData\Local\Programs\cursor\resources\app\bin;C:\Users\Anees Ahmed\AppData\Roaming\npm;. -Djava.runtime.name=OpenJDK Runtime Environment -Djava.runtime.version=21.0.6+-13355223-b631.42 -Djava.specification.name=Java Platform API Specification -Djava.specification.vendor=Oracle Corporation -Djava.specification.version=21 -Djava.vendor=JetBrains s.r.o. -Djava.vendor.url=https://openjdk.org/ -Djava.vendor.url.bug=https://bugreport.java.com/bugreport/ -Djava.version=21.0.6 -Djava.version.date=2025-01-21 -Djava.vm.compressedOopsMode=32-bit -Djava.vm.info=mixed mode -Djava.vm.name=OpenJDK 64-Bit Server VM -Djava.vm.specification.name=Java Virtual Machine Specification -Djava.vm.specification.vendor=Oracle Corporation -Djava.vm.specification.version=21 -Djava.vm.vendor=JetBrains s.r.o. -Djava.vm.version=21.0.6+-13355223-b631.42 -Djbr.virtualization.information=Hyper-V role -Djdk.debug=release -Dlibrary.jansi.path=C:\Users\Anees Ahmed\AndroidStudioProjects\GamingSDKDemo\native\jansi\1.18\windows64 -Dline.separator=
 -Dnative.encoding=Cp1252 -Dorg.gradle.internal.GradleProjectBuilderOptions=omit_all_tasks -Dos.arch=amd64 -Dos.name=Windows 11 -Dos.version=10.0 -Dpath.separator=; -Dstderr.encoding=Cp1252 -Dstdout.encoding=Cp1252 -Dsun.arch.data.model=64 -Dsun.boot.library.path=C:\Program Files\Android\Android Studio1\jbr\bin -Dsun.cpu.endian=little -Dsun.cpu.isalist=amd64 -Dsun.io.unicode.encoding=UnicodeLittle -Dsun.jnu.encoding=Cp1252 -Dsun.management.compiler=HotSpot 64-Bit Tiered Compilers -Dsun.os.patch.level -Duser.home=C:\Users\Anees Ahmed -Duser.name=Anees Ahmed -Duser.script -Duser.timezone=Asia/Karachi -Xmx4g -Dfile.encoding=UTF-8 -Djava.io.tmpdir=C:\Users\ANEESA~1\AppData\Local\Temp\ -Duser.country=US -Duser.language=en -Duser.variant -ea 
java_command: org.jetbrains.kotlin.commonizer.cli.CommonizerCLI @C:\Users\ANEESA~1\AppData\Local\Temp\kotlinc-native-args10442414519980981995.lst
java_class_path (initial): C:\Users\Anees Ahmed\AndroidStudioProjects\GamingSDKDemo\caches\modules-2\files-2.1\org.jetbrains.kotlin\kotlin-klib-commonizer-embeddable\2.1.20\bda026211b3f2350ec74c20a094e9eccefc67d5e\kotlin-klib-commonizer-embeddable-2.1.20.jar;C:\Users\Anees Ahmed\AndroidStudioProjects\GamingSDKDemo\caches\modules-2\files-2.1\org.jetbrains.kotlin\kotlin-compiler-embeddable\2.1.20\4ef56b3316798316bfac7a0ae443391c9e900ea1\kotlin-compiler-embeddable-2.1.20.jar;C:\Users\Anees Ahmed\AndroidStudioProjects\GamingSDKDemo\caches\modules-2\files-2.1\org.jetbrains.kotlin\kotlin-stdlib\2.1.20\aa8ca79cd50578314f6d1180c47cbe14c0fee567\kotlin-stdlib-2.1.20.jar;C:\Users\Anees Ahmed\AndroidStudioProjects\GamingSDKDemo\caches\modules-2\files-2.1\org.jetbrains\annotations\13.0\919f0dfe192fb4e063e7dacadee7f8bb9a2672a9\annotations-13.0.jar;C:\Users\Anees Ahmed\AndroidStudioProjects\GamingSDKDemo\caches\modules-2\files-2.1\org.jetbrains.kotlin\kotlin-script-runtime\2.1.20\f7c623d7f7bdb01f5ccd6b437bc0a937fcd7c57e\kotlin-script-runtime-2.1.20.jar;C:\Users\Anees Ahmed\AndroidStudioProjects\GamingSDKDemo\caches\modules-2\files-2.1\org.jetbrains.kotlin\kotlin-reflect\1.6.10\1cbe9c92c12a94eea200d23c2bbaedaf3daf5132\kotlin-reflect-1.6.10.jar;C:\Users\Anees Ahmed\AndroidStudioProjects\GamingSDKDemo\caches\modules-2\files-2.1\org.jetbrains.kotlin\kotlin-daemon-embeddable\2.1.20\95670fce77befd02a70a0bc3abe8ee4533521334\kotlin-daemon-embeddable-2.1.20.jar;C:\Users\Anees Ahmed\AndroidStudioProjects\GamingSDKDemo\caches\modules-2\files-2.1\org.jetbrains.intellij.deps\trove4j\1.0.20200330\3afb14d5f9ceb459d724e907a21145e8ff394f02\trove4j-1.0.20200330.jar;C:\Users\Anees Ahmed\AndroidStudioProjects\GamingSDKDemo\caches\modules-2\files-2.1\org.jetbrains.kotlinx\kotlinx-coroutines-core-jvm\1.8.0\ac1dc37a30a93150b704022f8d895ee1bd3a36b3\kotlinx-coroutines-core-jvm-1.8.0.jar
Launcher Type: SUN_STANDARD

[Global flags]
     intx CICompilerCount                          = 4                                         {product} {ergonomic}
     uint ConcGCThreads                            = 2                                         {product} {ergonomic}
     uint G1ConcRefinementThreads                  = 8                                         {product} {ergonomic}
   size_t G1HeapRegionSize                         = 2097152                                   {product} {ergonomic}
    uintx GCDrainStackTargetSize                   = 64                                        {product} {ergonomic}
   size_t InitialHeapSize                          = 400556032                                 {product} {ergonomic}
   size_t MarkStackSize                            = 4194304                                   {product} {ergonomic}
   size_t MaxHeapSize                              = 4294967296                                {product} {command line}
   size_t MaxNewSize                               = 2575302656                                {product} {ergonomic}
   size_t MinHeapDeltaBytes                        = 2097152                                   {product} {ergonomic}
   size_t MinHeapSize                              = 8388608                                   {product} {ergonomic}
    uintx NonNMethodCodeHeapSize                   = 5839372                                {pd product} {ergonomic}
    uintx NonProfiledCodeHeapSize                  = 122909434                              {pd product} {ergonomic}
    uintx ProfiledCodeHeapSize                     = 122909434                              {pd product} {ergonomic}
    uintx ReservedCodeCacheSize                    = 251658240                              {pd product} {ergonomic}
     bool SegmentedCodeCache                       = true                                      {product} {ergonomic}
   size_t SoftMaxHeapSize                          = 4294967296                             {manageable} {ergonomic}
     bool UseCompressedOops                        = true                           {product lp64_product} {ergonomic}
     bool UseG1GC                                  = true                                      {product} {ergonomic}
     bool UseLargePagesIndividualAllocation        = false                                  {pd product} {ergonomic}

Logging:
Log output configuration:
 #0: stdout all=warning uptime,level,tags foldmultilines=false
 #1: stderr all=off uptime,level,tags foldmultilines=false

Environment Variables:
JAVA_HOME=C:\Program Files\Java\jdk-17
PATH=C:\Program Files\Common Files\Oracle\Java\javapath;C:\WINDOWS\system32;C:\WINDOWS;C:\WINDOWS\System32\Wbem;C:\WINDOWS\System32\WindowsPowerShell\v1.0\;C:\WINDOWS\System32\OpenSSH\;C:\Program Files (x86)\Intel\Intel(R) Management Engine Components\DAL;C:\Program Files\Intel\Intel(R) Management Engine Components\DAL;C:\Program Files\Git\cmd;C:\Program Files\Java\jdk-17\bin;C:\Users\Anees Ahmed\AppData\Local\Android\Sdk\platform-tools;C:\Program Files\nodejs\;C:\Users\Anees Ahmed\AppData\Roaming\npm;C:\Program Files\Cloudflare\Cloudflare WARP\;C:\Users\Anees Ahmed\AppData\Local\Microsoft\WindowsApps;C:\Users\Anees Ahmed\AppData\Local\Programs\Microsoft VS Code\bin;"D:\Tools\flutter\bin";C:\Users\Anees Ahmed\AppData\Local\JetBrains\Toolbox\scripts;C:\Users\Anees Ahmed\AppData\Local\Programs\cursor\resources\app\bin;C:\Users\Anees Ahmed\AppData\Roaming\npm
USERNAME=Anees Ahmed
OS=Windows_NT
PROCESSOR_IDENTIFIER=Intel64 Family 6 Model 142 Stepping 10, GenuineIntel
TMP=C:\Users\ANEESA~1\AppData\Local\Temp
TEMP=C:\Users\ANEESA~1\AppData\Local\Temp




Periodic native trim disabled

JNI global refs:
JNI global refs: 10, weak refs: 0

JNI global refs memory usage: 835, weak refs: 833

Process memory usage:
Resident Set Size: 863052K (3% of 25005268K total physical memory with 2828128K free physical memory)

OOME stack traces (most recent first):
Classloader memory used:
Loader jdk.internal.loader.ClassLoaders$AppClassLoader                                 : 9175K
Loader bootstrap                                                                       : 8612K

---------------  S Y S T E M  ---------------

OS:
 Windows 11 , 64 bit Build 22621 (10.0.22621.3958)
OS uptime: 40 days 14:39 hours
Hyper-V role detected

CPU: total 8 (initial active 8) (4 cores per cpu, 2 threads per core) family 6 model 142 stepping 10 microcode 0xf6, cx8, cmov, fxsr, ht, mmx, 3dnowpref, sse, sse2, sse3, ssse3, sse4.1, sse4.2, popcnt, lzcnt, tsc, tscinvbit, avx, avx2, aes, erms, clmul, bmi1, bmi2, rtm, adx, fma, vzeroupper, clflush, clflushopt, hv, rdtscp, f16c
Processor Information for the first 8 processors :
  Max Mhz: 2112, Current Mhz: 1910, Mhz Limit: 1900

Memory: 4k page, system-wide physical 24419M (2761M free)
TotalPageFile size 44287M (AvailPageFile size 181M)
current process WorkingSet (physical memory assigned to process): 842M, peak: 867M
current process commit charge ("private bytes"): 900M, peak: 1305M

vm_info: OpenJDK 64-Bit Server VM (21.0.6+-13355223-b631.42) for windows-amd64 JRE (21.0.6+-13355223-b631.42), built on 2025-04-14T18:21:23Z by "builder" with MS VC++ 16.10 / 16.11 (VS2019)

END.
