#
# There is insufficient memory for the Java Runtime Environment to continue.
# Native memory allocation (mmap) failed to map 402653184 bytes for G1 virtual space
# Possible reasons:
#   The system is out of physical RAM or swap space
#   The process is running with CompressedOops enabled, and the Java Heap may be blocking the growth of the native heap
# Possible solutions:
#   Reduce memory load on the system
#   Increase physical memory or swap space
#   Check if swap backing store is full
#   Decrease Java heap size (-Xmx/-Xms)
#   Decrease number of Java threads
#   Decrease Java thread stack sizes (-Xss)
#   Set larger code cache with -XX:ReservedCodeCacheSize=
#   JVM is running with Zero Based Compressed Oops mode in which the Java heap is
#     placed in the first 32GB address space. The Java Heap base address is the
#     maximum limit for the native heap growth. Please use -XX:HeapBaseMinAddress
#     to set the Java Heap base and to place the Java Heap above 32GB virtual address.
# This output file may be truncated or incomplete.
#
#  Out of Memory Error (os_windows.cpp:3548), pid=30376, tid=30216
#
# JRE version:  (17.0.12+8) (build )
# Java VM: Java HotSpot(TM) 64-Bit Server VM (17.0.12+8-LTS-286, mixed mode, sharing, tiered, compressed oops, compressed class ptrs, g1 gc, windows-amd64)
# No core dump will be written. Minidumps are not enabled by default on client versions of Windows
#

---------------  S U M M A R Y ------------

Command Line: -Dcompose.application.configure.swing.globals=true -Dcompose.application.resources.dir=C:\Users\Anees Ahmed\AndroidStudioProjects\FirstKMPApp\composeApp\build\compose\tmp\prepareAppResources -Dfile.encoding=UTF-8 -Duser.country=US -Duser.language=en -Duser.variant org.cmp.firstkmpapp.MainKt

Host: Intel(R) Core(TM) i7-8650U CPU @ 1.90GHz, 8 cores, 23G,  Windows 11 , 64 bit Build 22621 (10.0.22621.3958)
Time: Mon May  5 16:52:17 2025 Pakistan Standard Time elapsed time: 0.022821 seconds (0d 0h 0m 0s)

---------------  T H R E A D  ---------------

Current thread (0x0000020f592dcf20):  JavaThread "Unknown thread" [_thread_in_vm, id=30216, stack(0x000000433bd00000,0x000000433be00000)]

Stack: [0x000000433bd00000,0x000000433be00000]
Native frames: (J=compiled Java code, j=interpreted, Vv=VM code, C=native code)
V  [jvm.dll+0x67a04a]
V  [jvm.dll+0x7da4ed]
V  [jvm.dll+0x7dbe33]
V  [jvm.dll+0x7dc4a3]
V  [jvm.dll+0x24508f]
V  [jvm.dll+0x677089]
V  [jvm.dll+0x66bd32]
V  [jvm.dll+0x301fa6]
V  [jvm.dll+0x309546]
V  [jvm.dll+0x359d2e]
V  [jvm.dll+0x359f5f]
V  [jvm.dll+0x2d9078]
V  [jvm.dll+0x2d9fe4]
V  [jvm.dll+0x7aca21]
V  [jvm.dll+0x367591]
V  [jvm.dll+0x78b999]
V  [jvm.dll+0x3ec83f]
V  [jvm.dll+0x3ee471]
C  [jli.dll+0x5297]
C  [ucrtbase.dll+0x29333]
C  [KERNEL32.DLL+0x1257d]
C  [ntdll.dll+0x5af08]


---------------  P R O C E S S  ---------------

Threads class SMR info:
_java_thread_list=0x00007ffc9cef7a18, length=0, elements={
}

Java Threads: ( => current thread )

Other Threads:
  0x0000020f59364c50 GCTaskThread "GC Thread#0" [stack: 0x000000433be00000,0x000000433bf00000] [id=34020]
  0x0000020f59371980 ConcurrentGCThread "G1 Main Marker" [stack: 0x000000433bf00000,0x000000433c000000] [id=28836]
  0x0000020f59374a60 ConcurrentGCThread "G1 Conc#0" [stack: 0x000000433c000000,0x000000433c100000] [id=34712]

[error occurred during error reporting (printing all threads), id 0xc0000005, EXCEPTION_ACCESS_VIOLATION (0xc0000005) at pc=0x00007ffc9c729b67]

VM state: not at safepoint (not fully initialized)

VM Mutex/Monitor currently owned by a thread:  ([mutex/lock_event])
[0x0000020f592d9380] Heap_lock - owner thread: 0x0000020f592dcf20

Heap address: 0x0000000682400000, size: 6108 MB, Compressed Oops mode: Zero based, Oop shift amount: 3

CDS archive(s) mapped at: [0x0000000000000000-0x0000000000000000-0x0000000000000000), size 0, SharedBaseAddress: 0x0000000800000000, ArchiveRelocationMode: 1.
Narrow klass base: 0x0000000000000000, Narrow klass shift: 0, Narrow klass range: 0x0

GC Precious Log:
<Empty>

Heap:
 garbage-first heap   total 0K, used 0K [0x0000000682400000, 0x0000000800000000)
  region size 4096K, 0 young (0K), 0 survivors (0K)

[error occurred during error reporting (printing heap information), id 0xc0000005, EXCEPTION_ACCESS_VIOLATION (0xc0000005) at pc=0x00007ffc9cb13859]

GC Heap History (0 events):
No events

Deoptimization events (0 events):
No events

Classes unloaded (0 events):
No events

Classes redefined (0 events):
No events

Internal exceptions (0 events):
No events

VM Operations (0 events):
No events

Events (1 events):
Event: 0.014 Loaded shared library C:\Program Files\Java\jdk-17\bin\java.dll


Dynamic libraries:
0x00007ff7c36d0000 - 0x00007ff7c36e0000 	C:\Program Files\Java\jdk-17\bin\java.exe
0x00007ffd17bf0000 - 0x00007ffd17e07000 	C:\WINDOWS\SYSTEM32\ntdll.dll
0x00007ffd16e60000 - 0x00007ffd16f24000 	C:\WINDOWS\System32\KERNEL32.DLL
0x00007ffd15230000 - 0x00007ffd155e7000 	C:\WINDOWS\System32\KERNELBASE.dll
0x00007ffd15740000 - 0x00007ffd15851000 	C:\WINDOWS\System32\ucrtbase.dll
0x00007ffd0c920000 - 0x00007ffd0c939000 	C:\Program Files\Java\jdk-17\bin\jli.dll
0x00007ffd0c940000 - 0x00007ffd0c95b000 	C:\Program Files\Java\jdk-17\bin\VCRUNTIME140.dll
0x00007ffd17af0000 - 0x00007ffd17ba2000 	C:\WINDOWS\System32\ADVAPI32.dll
0x00007ffd17070000 - 0x00007ffd17117000 	C:\WINDOWS\System32\msvcrt.dll
0x00007ffd16470000 - 0x00007ffd16518000 	C:\WINDOWS\System32\sechost.dll
0x00007ffd15690000 - 0x00007ffd156b8000 	C:\WINDOWS\System32\bcrypt.dll
0x00007ffd17950000 - 0x00007ffd17a64000 	C:\WINDOWS\System32\RPCRT4.dll
0x00007ffd16ad0000 - 0x00007ffd16c7f000 	C:\WINDOWS\System32\USER32.dll
0x00007ffd15660000 - 0x00007ffd15686000 	C:\WINDOWS\System32\win32u.dll
0x00007ffcf1780000 - 0x00007ffcf1a13000 	C:\WINDOWS\WinSxS\amd64_microsoft.windows.common-controls_6595b64144ccf1df_6.0.22621.3672_none_2713b9d173822955\COMCTL32.dll
0x00007ffd15ab0000 - 0x00007ffd15ad9000 	C:\WINDOWS\System32\GDI32.dll
0x00007ffd14fa0000 - 0x00007ffd150b8000 	C:\WINDOWS\System32\gdi32full.dll
0x00007ffd14f00000 - 0x00007ffd14f9a000 	C:\WINDOWS\System32\msvcp_win.dll
0x00007ffd0f640000 - 0x00007ffd0f64a000 	C:\WINDOWS\SYSTEM32\VERSION.dll
0x00007ffd15ae0000 - 0x00007ffd15b11000 	C:\WINDOWS\System32\IMM32.DLL
0x00007ffd0cef0000 - 0x00007ffd0cefc000 	C:\Program Files\Java\jdk-17\bin\vcruntime140_1.dll
0x00007ffd0b080000 - 0x00007ffd0b10e000 	C:\Program Files\Java\jdk-17\bin\msvcp140.dll
0x00007ffc9c440000 - 0x00007ffc9d020000 	C:\Program Files\Java\jdk-17\bin\server\jvm.dll
0x00007ffd0eea0000 - 0x00007ffd0eed4000 	C:\WINDOWS\SYSTEM32\WINMM.dll
0x00007ffcfe140000 - 0x00007ffcfe149000 	C:\WINDOWS\SYSTEM32\WSOCK32.dll
0x00007ffd165e0000 - 0x00007ffd165e8000 	C:\WINDOWS\System32\PSAPI.DLL
0x00007ffd15b20000 - 0x00007ffd15b91000 	C:\WINDOWS\System32\WS2_32.dll
0x00007ffd13f10000 - 0x00007ffd13f28000 	C:\WINDOWS\SYSTEM32\kernel.appcore.dll
0x00007ffd0cdf0000 - 0x00007ffd0cdfa000 	C:\Program Files\Java\jdk-17\bin\jimage.dll
0x00007ffd12810000 - 0x00007ffd12a42000 	C:\WINDOWS\SYSTEM32\DBGHELP.DLL
0x00007ffd175c0000 - 0x00007ffd1794e000 	C:\WINDOWS\System32\combase.dll
0x00007ffd16f90000 - 0x00007ffd17067000 	C:\WINDOWS\System32\OLEAUT32.dll
0x00007ffcf1af0000 - 0x00007ffcf1b22000 	C:\WINDOWS\SYSTEM32\dbgcore.DLL
0x00007ffd156c0000 - 0x00007ffd1573b000 	C:\WINDOWS\System32\bcryptPrimitives.dll
0x00007ffd0c210000 - 0x00007ffd0c235000 	C:\Program Files\Java\jdk-17\bin\java.dll

dbghelp: loaded successfully - version: 4.0.5 - missing functions: none
symbol engine: initialized successfully - sym options: 0x614 - pdb path: .;C:\Program Files\Java\jdk-17\bin;C:\WINDOWS\SYSTEM32;C:\WINDOWS\WinSxS\amd64_microsoft.windows.common-controls_6595b64144ccf1df_6.0.22621.3672_none_2713b9d173822955;C:\Program Files\Java\jdk-17\bin\server

VM Arguments:
jvm_args: -Dcompose.application.configure.swing.globals=true -Dcompose.application.resources.dir=C:\Users\Anees Ahmed\AndroidStudioProjects\FirstKMPApp\composeApp\build\compose\tmp\prepareAppResources -Dfile.encoding=UTF-8 -Duser.country=US -Duser.language=en -Duser.variant 
java_command: org.cmp.firstkmpapp.MainKt
java_class_path (initial): C:\Users\Anees Ahmed\AndroidStudioProjects\FirstKMPApp\composeApp\build\libs\composeApp-desktop.jar;C:\Users\Anees Ahmed\.gradle\caches\modules-2\files-2.1\org.jetbrains.compose.desktop\desktop-jvm\1.7.3\128a1262fd72c68277ebadf308a07ff086206f8e\desktop-jvm-1.7.3.jar;C:\Users\Anees Ahmed\.gradle\caches\modules-2\files-2.1\org.jetbrains.compose.material\material-desktop\1.7.3\e87876e0c6f36990f13cedb09d820469fd6cc371\material-desktop-1.7.3.jar;C:\Users\Anees Ahmed\.gradle\caches\modules-2\files-2.1\org.jetbrains.compose.components\components-resources-desktop\1.7.3\aeb1cd8677ec680fcf716aecbaf1a2aafc217622\library-desktop-1.7.3.jar;C:\Users\Anees Ahmed\.gradle\caches\modules-2\files-2.1\org.jetbrains.compose.material\material-ripple-desktop\1.7.3\42b03965266ad123672e8a87f98d914dc8c072bf\material-ripple-desktop-1.7.3.jar;C:\Users\Anees Ahmed\.gradle\caches\modules-2\files-2.1\org.jetbrains.compose.foundation\foundation-desktop\1.7.3\77da4f0c26d63177315b3dce06c48177c5d49704\foundation-desktop-1.7.3.jar;C:\Users\Anees Ahmed\.gradle\caches\modules-2\files-2.1\org.jetbrains.compose.animation\animation-desktop\1.7.3\c1fec150a3d1eadfe4643a550cbc9c83d106ef98\animation-desktop-1.7.3.jar;C:\Users\Anees Ahmed\.gradle\caches\modules-2\files-2.1\org.jetbrains.compose.foundation\foundation-layout-desktop\1.7.3\99ee09906c30143ece1a7e9d1ab25db99ca65876\foundation-layout-desktop-1.7.3.jar;C:\Users\Anees Ahmed\.gradle\caches\modules-2\files-2.1\org.jetbrains.compose.animation\animation-core-desktop\1.7.3\bd53e84498bdf06232c08e6fe11a64d46c9ca7b0\animation-core-desktop-1.7.3.jar;C:\Users\Anees Ahmed\.gradle\caches\modules-2\files-2.1\org.jetbrains.compose.material\material-icons-core-desktop\1.7.3\414b3096050fe647b0638832eace80f22c06b85c\material-icons-core-desktop-1.7.3.jar;C:\Users\Anees Ahmed\.gradle\caches\modules-2\files-2.1\org.jetbrains.compose.ui\ui-desktop\1.7.3\22a701ef59ec9421266c8785986f781516e76ef5\ui-desktop-1.7.3.jar;C:\Users\Anees Ahmed\.gradle\
Launcher Type: SUN_STANDARD

[Global flags]
     intx CICompilerCount                          = 4                                         {product} {ergonomic}
     uint ConcGCThreads                            = 2                                         {product} {ergonomic}
     uint G1ConcRefinementThreads                  = 8                                         {product} {ergonomic}
   size_t G1HeapRegionSize                         = 4194304                                   {product} {ergonomic}
    uintx GCDrainStackTargetSize                   = 64                                        {product} {ergonomic}
   size_t InitialHeapSize                          = 402653184                                 {product} {ergonomic}
   size_t MarkStackSize                            = 4194304                                   {product} {ergonomic}
   size_t MaxHeapSize                              = 6404702208                                {product} {ergonomic}
   size_t MinHeapDeltaBytes                        = 4194304                                   {product} {ergonomic}
   size_t MinHeapSize                              = 8388608                                   {product} {ergonomic}
    uintx NonNMethodCodeHeapSize                   = 5839372                                {pd product} {ergonomic}
    uintx NonProfiledCodeHeapSize                  = 122909434                              {pd product} {ergonomic}
    uintx ProfiledCodeHeapSize                     = 122909434                              {pd product} {ergonomic}
    uintx ReservedCodeCacheSize                    = 251658240                              {pd product} {ergonomic}
     bool SegmentedCodeCache                       = true                                      {product} {ergonomic}
   size_t SoftMaxHeapSize                          = 6404702208                             {manageable} {ergonomic}
     bool UseCompressedClassPointers               = true                           {product lp64_product} {ergonomic}
     bool UseCompressedOops                        = true                           {product lp64_product} {ergonomic}
     bool UseG1GC                                  = true                                      {product} {ergonomic}
     bool UseLargePagesIndividualAllocation        = false                                  {pd product} {ergonomic}

Logging:
Log output configuration:
 #0: stdout all=warning uptime,level,tags
 #1: stderr all=off uptime,level,tags

Environment Variables:
JAVA_HOME=C:\Program Files\Java\jdk-17
CLASSPATH=C:\Users\Anees Ahmed\AndroidStudioProjects\FirstKMPApp\\gradle\wrapper\gradle-wrapper.jar
PATH=C:\Program Files\Common Files\Oracle\Java\javapath;C:\WINDOWS\system32;C:\WINDOWS;C:\WINDOWS\System32\Wbem;C:\WINDOWS\System32\WindowsPowerShell\v1.0\;C:\WINDOWS\System32\OpenSSH\;C:\Program Files (x86)\Intel\Intel(R) Management Engine Components\DAL;C:\Program Files\Intel\Intel(R) Management Engine Components\DAL;C:\Program Files\Git\cmd;C:\Program Files\Java\jdk-17\bin;C:\Users\Anees Ahmed\AppData\Local\Android\Sdk\platform-tools;C:\Program Files\nodejs\;C:\Users\Anees Ahmed\AppData\Roaming\npm;C:\Program Files\Cloudflare\Cloudflare WARP\;C:\Users\Anees Ahmed\AppData\Local\Microsoft\WindowsApps;C:\Users\Anees Ahmed\AppData\Local\Programs\Microsoft VS Code\bin;"D:\Tools\flutter\bin";C:\Users\Anees Ahmed\AppData\Local\JetBrains\Toolbox\scripts;C:\Users\Anees Ahmed\AppData\Local\Programs\cursor\resources\app\bin;C:\Users\Anees Ahmed\AppData\Roaming\npm
USERNAME=Anees Ahmed
OS=Windows_NT
PROCESSOR_IDENTIFIER=Intel64 Family 6 Model 142 Stepping 10, GenuineIntel



---------------  S Y S T E M  ---------------

OS:
 Windows 11 , 64 bit Build 22621 (10.0.22621.3958)
OS uptime: 40 days 17:52 hours
Hyper-V role detected

CPU: total 8 (initial active 8) (4 cores per cpu, 2 threads per core) family 6 model 142 stepping 10 microcode 0xf6, cx8, cmov, fxsr, ht, mmx, 3dnowpref, sse, sse2, sse3, ssse3, sse4.1, sse4.2, popcnt, lzcnt, tsc, tscinvbit, avx, avx2, aes, erms, clmul, bmi1, bmi2, rtm, adx, fma, vzeroupper, clflush, clflushopt, hv

Memory: 4k page, system-wide physical 24419M (2452M free)
TotalPageFile size 44287M (AvailPageFile size 88M)
current process WorkingSet (physical memory assigned to process): 12M, peak: 12M
current process commit charge ("private bytes"): 60M, peak: 444M

vm_info: Java HotSpot(TM) 64-Bit Server VM (17.0.12+8-LTS-286) for windows-amd64 JRE (17.0.12+8-LTS-286), built on Jun  5 2024 06:46:59 by "mach5one" with MS VC++ 17.6 (VS2022)

END.
