#
# There is insufficient memory for the Java Runtime Environment to continue.
# Native memory allocation (mmap) failed to map 402653184 bytes. Error detail: G1 virtual space
# Possible reasons:
#   The system is out of physical RAM or swap space
#   This process is running with CompressedOops enabled, and the Java Heap may be blocking the growth of the native heap
# Possible solutions:
#   Reduce memory load on the system
#   Increase physical memory or swap space
#   Check if swap backing store is full
#   Decrease Java heap size (-Xmx/-Xms)
#   Decrease number of Java threads
#   Decrease Java thread stack sizes (-Xss)
#   Set larger code cache with -XX:ReservedCodeCacheSize=
#   JVM is running with Zero Based Compressed Oops mode in which the Java heap is
#     placed in the first 32GB address space. The Java Heap base address is the
#     maximum limit for the native heap growth. Please use -XX:HeapBaseMinAddress
#     to set the Java Heap base and to place the Java Heap above 32GB virtual address.
# This output file may be truncated or incomplete.
#
#  Out of Memory Error (os_windows.cpp:3898), pid=36268, tid=32104
#
# JRE version:  (21.0.6) (build )
# Java VM: OpenJDK 64-Bit Server VM (21.0.6+-13355223-b631.42, mixed mode, sharing, tiered, compressed oops, compressed class ptrs, g1 gc, windows-amd64)
# No core dump will be written. Minidumps are not enabled by default on client versions of Windows
#

---------------  S U M M A R Y ------------

Command Line: -Dfile.encoding=UTF-8 -Duser.country=US -Duser.language=en -Duser.variant org.cmp.firstkmpapp.MainKt

Host: Intel(R) Core(TM) i7-8650U CPU @ 1.90GHz, 8 cores, 23G,  Windows 11 , 64 bit Build 22621 (10.0.22621.3958)
Time: Mon May  5 16:52:31 2025 Pakistan Standard Time elapsed time: 0.026810 seconds (0d 0h 0m 0s)

---------------  T H R E A D  ---------------

Current thread (0x00000232b8a24f50):  JavaThread "Unknown thread" [_thread_in_vm, id=32104, stack(0x000000c491f00000,0x000000c492000000) (1024K)]

Stack: [0x000000c491f00000,0x000000c492000000]
Native frames: (J=compiled Java code, j=interpreted, Vv=VM code, C=native code)
V  [jvm.dll+0x6d05a9]
V  [jvm.dll+0x85ea73]
V  [jvm.dll+0x860fce]
V  [jvm.dll+0x8616b3]
V  [jvm.dll+0x27e6e6]
V  [jvm.dll+0x6ccf45]
V  [jvm.dll+0x6c09fa]
V  [jvm.dll+0x35535b]
V  [jvm.dll+0x35cfb6]
V  [jvm.dll+0x3aef46]
V  [jvm.dll+0x3af218]
V  [jvm.dll+0x327a2c]
V  [jvm.dll+0x32871b]
V  [jvm.dll+0x8264b9]
V  [jvm.dll+0x3bc118]
V  [jvm.dll+0x80f768]
V  [jvm.dll+0x4502ce]
V  [jvm.dll+0x451a31]
C  [jli.dll+0x52ab]
C  [ucrtbase.dll+0x29333]
C  [KERNEL32.DLL+0x1257d]
C  [ntdll.dll+0x5af08]


---------------  P R O C E S S  ---------------

Threads class SMR info:
_java_thread_list=0x00007ffcb2561848, length=0, elements={
}

Java Threads: ( => current thread )
Total: 0

Other Threads:
  0x00000232bbb88ca0 WorkerThread "GC Thread#0"                     [id=10900, stack(0x000000c492000000,0x000000c492100000) (1024K)]
  0x00000232bbb95cc0 ConcurrentGCThread "G1 Main Marker"            [id=41468, stack(0x000000c492100000,0x000000c492200000) (1024K)]
  0x00000232bbb96f60 WorkerThread "G1 Conc#0"                       [id=40824, stack(0x000000c492200000,0x000000c492300000) (1024K)]

[error occurred during error reporting (printing all threads), id 0xc0000005, EXCEPTION_ACCESS_VIOLATION (0xc0000005) at pc=0x00007ffcb1d5aa67]
VM state: not at safepoint (not fully initialized)

VM Mutex/Monitor currently owned by a thread:  ([mutex/lock_event])
[0x00007ffcb25ce4a0] Heap_lock - owner thread: 0x00000232b8a24f50

Heap address: 0x0000000682400000, size: 6108 MB, Compressed Oops mode: Zero based, Oop shift amount: 3

CDS archive(s) mapped at: [0x0000000000000000-0x0000000000000000-0x0000000000000000), size 0, SharedBaseAddress: 0x0000000800000000, ArchiveRelocationMode: 1.
Narrow klass base: 0x0000000000000000, Narrow klass shift: 0, Narrow klass range: 0x0

GC Precious Log:
 CardTable entry size: 512
 Card Set container configuration: InlinePtr #cards 4 size 8 Array Of Cards #cards 32 size 80 Howl #buckets 8 coarsen threshold 7372 Howl Bitmap #cards 1024 size 144 coarsen threshold 921 Card regions per heap region 1 cards per card region 8192

Heap:
 garbage-first heap   total 0K, used 0K [0x0000000682400000, 0x0000000800000000)
  region size 4096K, 0 young (0K), 0 survivors (0K)
 Metaspace       used 0K, committed 0K, reserved 0K
  class space    used 0K, committed 0K, reserved 0K

Heap Regions: E=young(eden), S=young(survivor), O=old, HS=humongous(starts), HC=humongous(continues), CS=collection set, F=free, TAMS=top-at-mark-start, PB=parsable bottom

Card table byte_map: [0x00000232ceb50000,0x00000232cf740000] _byte_map_base: 0x00000232cb73e000

Marking Bits: (CMBitMap*) 0x00000232bbb893a0
 Bits: [0x00000232cf740000, 0x00000232d56b0000)

GC Heap History (0 events):
No events

Dll operation events (1 events):
Event: 0.021 Loaded shared library C:\Program Files\Android\Android Studio1\jbr\bin\java.dll

Deoptimization events (0 events):
No events

Classes loaded (0 events):
No events

Classes unloaded (0 events):
No events

Classes redefined (0 events):
No events

Internal exceptions (0 events):
No events

ZGC Phase Switch (0 events):
No events

VM Operations (0 events):
No events

Memory protections (0 events):
No events

Nmethod flushes (0 events):
No events

Events (0 events):
No events


Dynamic libraries:
0x00007ff642dd0000 - 0x00007ff642dda000 	C:\Program Files\Android\Android Studio1\jbr\bin\java.exe
0x00007ffd17bf0000 - 0x00007ffd17e07000 	C:\WINDOWS\SYSTEM32\ntdll.dll
0x00007ffd16e60000 - 0x00007ffd16f24000 	C:\WINDOWS\System32\KERNEL32.DLL
0x00007ffd15230000 - 0x00007ffd155e7000 	C:\WINDOWS\System32\KERNELBASE.dll
0x00007ffd0f160000 - 0x00007ffd0f23b000 	C:\Program Files\Bitdefender\Endpoint Security\bdhkm\dlls_267043759192506747\bdhkm64.dll
0x00007ffca27d0000 - 0x00007ffca2994000 	C:\Program Files\Bitdefender\Endpoint Security\atcuf\dlls_267806003856596795\atcuf64.dll
0x00007ffd0f6f0000 - 0x00007ffd0f787000 	C:\WINDOWS\SYSTEM32\apphelp.dll
0x00007ffd15740000 - 0x00007ffd15851000 	C:\WINDOWS\System32\ucrtbase.dll
0x00007ffd0c890000 - 0x00007ffd0c8a8000 	C:\Program Files\Android\Android Studio1\jbr\bin\jli.dll
0x00007ffd16ad0000 - 0x00007ffd16c7f000 	C:\WINDOWS\System32\USER32.dll
0x00007ffd15660000 - 0x00007ffd15686000 	C:\WINDOWS\System32\win32u.dll
0x00007ffd15ab0000 - 0x00007ffd15ad9000 	C:\WINDOWS\System32\GDI32.dll
0x00007ffd14fa0000 - 0x00007ffd150b8000 	C:\WINDOWS\System32\gdi32full.dll
0x00007ffd14f00000 - 0x00007ffd14f9a000 	C:\WINDOWS\System32\msvcp_win.dll
0x00007ffd0cf70000 - 0x00007ffd0cf8b000 	C:\Program Files\Android\Android Studio1\jbr\bin\VCRUNTIME140.dll
0x00007ffcf1780000 - 0x00007ffcf1a13000 	C:\WINDOWS\WinSxS\amd64_microsoft.windows.common-controls_6595b64144ccf1df_6.0.22621.3672_none_2713b9d173822955\COMCTL32.dll
0x00007ffd17070000 - 0x00007ffd17117000 	C:\WINDOWS\System32\msvcrt.dll
0x00007ffd15ae0000 - 0x00007ffd15b11000 	C:\WINDOWS\System32\IMM32.DLL
0x00007ffd0f400000 - 0x00007ffd0f40c000 	C:\Program Files\Android\Android Studio1\jbr\bin\vcruntime140_1.dll
0x00007ffd0b9b0000 - 0x00007ffd0ba3d000 	C:\Program Files\Android\Android Studio1\jbr\bin\msvcp140.dll
0x00007ffcb1a20000 - 0x00007ffcb26ab000 	C:\Program Files\Android\Android Studio1\jbr\bin\server\jvm.dll
0x00007ffd17af0000 - 0x00007ffd17ba2000 	C:\WINDOWS\System32\ADVAPI32.dll
0x00007ffd16470000 - 0x00007ffd16518000 	C:\WINDOWS\System32\sechost.dll
0x00007ffd15690000 - 0x00007ffd156b8000 	C:\WINDOWS\System32\bcrypt.dll
0x00007ffd17950000 - 0x00007ffd17a64000 	C:\WINDOWS\System32\RPCRT4.dll
0x00007ffd15b20000 - 0x00007ffd15b91000 	C:\WINDOWS\System32\WS2_32.dll
0x00007ffd14dd0000 - 0x00007ffd14e1d000 	C:\WINDOWS\SYSTEM32\POWRPROF.dll
0x00007ffd0eea0000 - 0x00007ffd0eed4000 	C:\WINDOWS\SYSTEM32\WINMM.dll
0x00007ffd0f640000 - 0x00007ffd0f64a000 	C:\WINDOWS\SYSTEM32\VERSION.dll
0x00007ffd14db0000 - 0x00007ffd14dc3000 	C:\WINDOWS\SYSTEM32\UMPDC.dll
0x00007ffd13f10000 - 0x00007ffd13f28000 	C:\WINDOWS\SYSTEM32\kernel.appcore.dll
0x00007ffd0f380000 - 0x00007ffd0f38a000 	C:\Program Files\Android\Android Studio1\jbr\bin\jimage.dll
0x00007ffd12810000 - 0x00007ffd12a42000 	C:\WINDOWS\SYSTEM32\DBGHELP.DLL
0x00007ffd175c0000 - 0x00007ffd1794e000 	C:\WINDOWS\System32\combase.dll
0x00007ffd16f90000 - 0x00007ffd17067000 	C:\WINDOWS\System32\OLEAUT32.dll
0x00007ffcf1af0000 - 0x00007ffcf1b22000 	C:\WINDOWS\SYSTEM32\dbgcore.DLL
0x00007ffd156c0000 - 0x00007ffd1573b000 	C:\WINDOWS\System32\bcryptPrimitives.dll
0x00007ffd0ced0000 - 0x00007ffd0cef0000 	C:\Program Files\Android\Android Studio1\jbr\bin\java.dll

dbghelp: loaded successfully - version: 4.0.5 - missing functions: none
symbol engine: initialized successfully - sym options: 0x614 - pdb path: .;C:\Program Files\Android\Android Studio1\jbr\bin;C:\WINDOWS\SYSTEM32;C:\Program Files\Bitdefender\Endpoint Security\bdhkm\dlls_267043759192506747;C:\Program Files\Bitdefender\Endpoint Security\atcuf\dlls_267806003856596795;C:\WINDOWS\WinSxS\amd64_microsoft.windows.common-controls_6595b64144ccf1df_6.0.22621.3672_none_2713b9d173822955;C:\Program Files\Android\Android Studio1\jbr\bin\server

VM Arguments:
jvm_args: -Dfile.encoding=UTF-8 -Duser.country=US -Duser.language=en -Duser.variant 
java_command: org.cmp.firstkmpapp.MainKt
java_class_path (initial): C:\Users\Anees Ahmed\AndroidStudioProjects\FirstKMPApp\composeApp\build\classes\kotlin\desktop\main;C:\Users\Anees Ahmed\AndroidStudioProjects\FirstKMPApp\composeApp\build\classes\java\desktopMain;C:\Users\Anees Ahmed\AndroidStudioProjects\FirstKMPApp\composeApp\build\processedResources\desktop\main;C:\Users\Anees Ahmed\AndroidStudioProjects\GamingSDKDemo\caches\modules-2\files-2.1\org.jetbrains.compose.desktop\desktop-jvm\1.7.3\128a1262fd72c68277ebadf308a07ff086206f8e\desktop-jvm-1.7.3.jar;C:\Users\Anees Ahmed\AndroidStudioProjects\GamingSDKDemo\caches\modules-2\files-2.1\org.jetbrains.compose.material\material-desktop\1.7.3\e87876e0c6f36990f13cedb09d820469fd6cc371\material-desktop-1.7.3.jar;C:\Users\Anees Ahmed\AndroidStudioProjects\GamingSDKDemo\caches\modules-2\files-2.1\org.jetbrains.compose.components\components-resources-desktop\1.7.3\aeb1cd8677ec680fcf716aecbaf1a2aafc217622\library-desktop-1.7.3.jar;C:\Users\Anees Ahmed\AndroidStudioProjects\GamingSDKDemo\caches\modules-2\files-2.1\org.jetbrains.compose.material\material-ripple-desktop\1.7.3\42b03965266ad123672e8a87f98d914dc8c072bf\material-ripple-desktop-1.7.3.jar;C:\Users\Anees Ahmed\AndroidStudioProjects\GamingSDKDemo\caches\modules-2\files-2.1\org.jetbrains.compose.foundation\foundation-desktop\1.7.3\77da4f0c26d63177315b3dce06c48177c5d49704\foundation-desktop-1.7.3.jar;C:\Users\Anees Ahmed\AndroidStudioProjects\GamingSDKDemo\caches\modules-2\files-2.1\org.jetbrains.compose.animation\animation-desktop\1.7.3\c1fec150a3d1eadfe4643a550cbc9c83d106ef98\animation-desktop-1.7.3.jar;C:\Users\Anees Ahmed\AndroidStudioProjects\GamingSDKDemo\caches\modules-2\files-2.1\org.jetbrains.compose.foundation\foundation-layout-desktop\1.7.3\99ee09906c30143ece1a7e9d1ab25db99ca65876\foundation-layout-desktop-1.7.3.jar;C:\Users\Anees Ahmed\AndroidStudioProjects\GamingSDKDemo\caches\modules-2\files-2.1\org.jetbrains.compose.animation\animation-core-desktop\1.7.3\bd53e84498bdf06232c08e6fe11a64d46c9ca7b0\animation-core-desktop-1.7.3.jar;C:\Users\Anees Ahmed\AndroidStudioProjects\GamingSDKDemo\caches\modules-2\files-2.1\org.jetbrains.compose.material\material-icons-core-desktop\1.7.3\414b3096050fe647b0638832eace80f22c06b85c\material-icons-core-desktop-1.7.3.jar;C:\Users\Anees Ahmed\AndroidStudioProjects\GamingSDKDemo\caches\modules-2\files-2.1\org.jetbrains.compose.ui\ui-desktop\1.7.3\22a701ef59ec9421266c8785986f781516e76ef5\ui-desktop-1.7.3.jar;C:\Users\Anees Ahmed\AndroidStudioProjects\GamingSDKDemo\caches\modules-2\files-2.1\org.jetbrains.androidx.lifecycle\lifecycle-runtime-compose-desktop\2.8.4\e950e2a504a045ac652718dc20e736f28c5ff4c2\lifecycle-runtime-compose-desktop-2.8.4.jar;C:\Users\Anees Ahmed\AndroidStudioProjects\GamingSDKDemo\caches\modules-2\files-2.1\org.jetbrains.compose.ui\ui-text-desktop\1.7.3\9fcd54866d7c2132d921b337ad8967f90cc25b85\ui-text-desktop-1.7.3.jar;C:\Users\Anees Ahmed\AndroidStudioProjects\GamingSDKDemo\caches\modules-2\files-2.1\org.jetbrains.compose.runtime\runtime-saveable-desktop\1.7.3\16cec893bca783af229978ba2091f58eea6906c1\runtime-saveable-desktop-1.7.3.jar;C:\Users\Anees Ahmed\AndroidStudioProjects\GamingSDKDemo\caches\modules-2\files-2.1\org.jetbrains.compose.ui\ui-graphics-desktop\1.7.3\be86982050f5b5367d67713145409050674c1952\ui-graphics-desktop-1.7.3.jar;C:\Users\Anees Ahmed\AndroidStudioProjects\GamingSDKDemo\caches\modules-2\files-2.1\org.jetbrains.compose.ui\ui-unit-desktop\1.7.3\fecd4bde2d2f1cfbe2118d175ec7030a50e63f20\ui-unit-desktop-1.7.3.jar;C:\Users\Anees Ahmed\AndroidStudioProjects\GamingSDKDemo\caches\modules-2\files-2.1\org.jetbrains.compose.ui\ui-geometry-desktop\1.7.3\dfc47c11ec416d93f53ae19103143d741a3d8b14\ui-geometry-desktop-1.7.3.jar;C:\Users\Anees Ahmed\AndroidStudioProjects\GamingSDKDemo\caches\modules-2\files-2.1\org.jetbrains.compose.ui\ui-tooling-preview-desktop\1.7.3\62232c44c61692b56d3071c29b0f9c8481b20574\ui-tooling-preview-desktop-1.7.3.jar;C:\Users\Anees Ahmed\AndroidStudioProjects\GamingSDKDemo\caches\modules-2\files-2.1\org.jetbrains.compose.runtime\runtime-desktop\1.7.3\c7ec36fb96961f1cd208a4e0daab62eebb1e3728\runtime-desktop-1.7.3.jar;C:\Users\Anees Ahmed\AndroidStudioProjects\GamingSDKDemo\caches\modules-2\files-2.1\androidx.lifecycle\lifecycle-runtime-desktop\2.8.5\fed8b9973735cbe77645edf153d5f7bb412bfd45\lifecycle-runtime-desktop-2.8.5.jar;C:\Users\Anees Ahmed\AndroidStudioProjects\GamingSDKDemo\caches\modules-2\files-2.1\androidx.lifecycle\lifecycle-common-jvm\2.8.5\7174a594afb73a9ad9ac9074ce78b94af3cc52a7\lifecycle-common-jvm-2.8.5.jar;C:\Users\Anees Ahmed\AndroidStudioProjects\GamingSDKDemo\caches\modules-2\files-2.1\androidx.lifecycle\lifecycle-viewmodel-desktop\2.8.5\572f6fed6a70c5d87c9a0d17d05828ff1a6f19f8\lifecycle-viewmodel-desktop-2.8.5.jar;C:\Users\Anees Ahmed\AndroidStudioProjects\GamingSDKDemo\caches\modules-2\files-2.1\org.jetbrains.skiko\skiko-awt-runtime-windows-x64\0.8.18\82e10dceacc2cbd6bf765fe18766a21b3d17c3fc\skiko-awt-runtime-windows-x64-0.8.18.jar;C:\Users\Anees Ahmed\AndroidStudioProjects\GamingSDKDemo\caches\modules-2\files-2.1\org.jetbrains.skiko\skiko-awt\0.8.18\4057f3b15af20ac9c728ba88a5c160299dca8e1a\skiko-awt-0.8.18.jar;C:\Users\Anees Ahmed\AndroidStudioProjects\GamingSDKDemo\caches\modules-2\files-2.1\org.jetbrains.kotlinx\kotlinx-coroutines-core-jvm\1.10.2\4a9f78ef49483748e2c129f3d124b8fa249dafbf\kotlinx-coroutines-core-jvm-1.10.2.jar;C:\Users\Anees Ahmed\AndroidStudioProjects\GamingSDKDemo\caches\modules-2\files-2.1\org.jetbrains.kotlinx\kotlinx-coroutines-swing\1.10.2\ccb5a2e7c83fa76da0ba4677f05678d3bd3eed57\kotlinx-coroutines-swing-1.10.2.jar;C:\Users\Anees Ahmed\AndroidStudioProjects\GamingSDKDemo\caches\modules-2\files-2.1\org.jetbrains.compose.components\components-ui-tooling-preview-desktop\1.7.3\8f7a6367fc68382f164dd64ef4b88f98a531b612\library-desktop-1.7.3.jar;C:\Users\Anees Ahmed\AndroidStudioProjects\GamingSDKDemo\caches\modules-2\files-2.1\org.jetbrains.kotlin\kotlin-stdlib-jdk8\1.9.24\a2f6d82081a54b52ceb120c5a18f87402ccab0c\kotlin-stdlib-jdk8-1.9.24.jar;C:\Users\Anees Ahmed\AndroidStudioProjects\GamingSDKDemo\caches\modules-2\files-2.1\org.jetbrains.kotlinx\atomicfu-jvm\0.23.2\a4601dc42dceb031a586058e8356ff778a57dea0\atomicfu-jvm-0.23.2.jar;C:\Users\Anees Ahmed\AndroidStudioProjects\GamingSDKDemo\caches\modules-2\files-2.1\org.jetbrains.compose.ui\ui-util-desktop\1.7.3\3c2234b2741de97514d440cfa08fa243ef87ce53\ui-util-desktop-1.7.3.jar;C:\Users\Anees Ahmed\AndroidStudioProjects\GamingSDKDemo\caches\modules-2\files-2.1\org.jetbrains.kotlin\kotlin-stdlib-jdk7\1.9.24\46b6e1099acabc71feca1c0013deee78e6793d07\kotlin-stdlib-jdk7-1.9.24.jar;C:\Users\Anees Ahmed\AndroidStudioProjects\GamingSDKDemo\caches\modules-2\files-2.1\androidx.collection\collection-jvm\1.4.0\e209fb7bd1183032f55a0408121c6251a81acb49\collection-jvm-1.4.0.jar;C:\Users\Anees Ahmed\AndroidStudioProjects\GamingSDKDemo\caches\modules-2\files-2.1\androidx.arch.core\core-common\2.2.0\5e1b8b81dfd5f52c56a8d53b18ca759c19a301f3\core-common-2.2.0.jar;C:\Users\Anees Ahmed\AndroidStudioProjects\GamingSDKDemo\caches\modules-2\files-2.1\androidx.annotation\annotation-jvm\1.8.0\b8a16fe526014b7941c1debaccaf9c5153692dbb\annotation-jvm-1.8.0.jar;C:\Users\Anees Ahmed\AndroidStudioProjects\GamingSDKDemo\caches\modules-2\files-2.1\org.jetbrains.kotlin\kotlin-stdlib\2.1.20\aa8ca79cd50578314f6d1180c47cbe14c0fee567\kotlin-stdlib-2.1.20.jar;C:\Users\Anees Ahmed\AndroidStudioProjects\GamingSDKDemo\caches\modules-2\files-2.1\org.jetbrains\annotations\23.0.0\8cc20c07506ec18e0834947b84a864bfc094484e\annotations-23.0.0.jar
Launcher Type: SUN_STANDARD

[Global flags]
     intx CICompilerCount                          = 4                                         {product} {ergonomic}
     uint ConcGCThreads                            = 2                                         {product} {ergonomic}
     uint G1ConcRefinementThreads                  = 8                                         {product} {ergonomic}
   size_t G1HeapRegionSize                         = 4194304                                   {product} {ergonomic}
    uintx GCDrainStackTargetSize                   = 64                                        {product} {ergonomic}
   size_t InitialHeapSize                          = 402653184                                 {product} {ergonomic}
   size_t MarkStackSize                            = 4194304                                   {product} {ergonomic}
   size_t MaxHeapSize                              = 6404702208                                {product} {ergonomic}
   size_t MinHeapDeltaBytes                        = 4194304                                   {product} {ergonomic}
   size_t MinHeapSize                              = 8388608                                   {product} {ergonomic}
    uintx NonNMethodCodeHeapSize                   = 5839372                                {pd product} {ergonomic}
    uintx NonProfiledCodeHeapSize                  = 122909434                              {pd product} {ergonomic}
    uintx ProfiledCodeHeapSize                     = 122909434                              {pd product} {ergonomic}
    uintx ReservedCodeCacheSize                    = 251658240                              {pd product} {ergonomic}
     bool SegmentedCodeCache                       = true                                      {product} {ergonomic}
   size_t SoftMaxHeapSize                          = 6404702208                             {manageable} {ergonomic}
     bool UseCompressedOops                        = true                           {product lp64_product} {ergonomic}
     bool UseG1GC                                  = true                                      {product} {ergonomic}
     bool UseLargePagesIndividualAllocation        = false                                  {pd product} {ergonomic}

Logging:
Log output configuration:
 #0: stdout all=warning uptime,level,tags foldmultilines=false
 #1: stderr all=off uptime,level,tags foldmultilines=false

Environment Variables:
JAVA_HOME=C:\Program Files\Java\jdk-17
PATH=C:\Program Files\Common Files\Oracle\Java\javapath;C:\WINDOWS\system32;C:\WINDOWS;C:\WINDOWS\System32\Wbem;C:\WINDOWS\System32\WindowsPowerShell\v1.0\;C:\WINDOWS\System32\OpenSSH\;C:\Program Files (x86)\Intel\Intel(R) Management Engine Components\DAL;C:\Program Files\Intel\Intel(R) Management Engine Components\DAL;C:\Program Files\Git\cmd;C:\Program Files\Java\jdk-17\bin;C:\Users\Anees Ahmed\AppData\Local\Android\Sdk\platform-tools;C:\Program Files\nodejs\;C:\Users\Anees Ahmed\AppData\Roaming\npm;C:\Program Files\Cloudflare\Cloudflare WARP\;C:\Users\Anees Ahmed\AppData\Local\Microsoft\WindowsApps;C:\Users\Anees Ahmed\AppData\Local\Programs\Microsoft VS Code\bin;"D:\Tools\flutter\bin";C:\Users\Anees Ahmed\AppData\Local\JetBrains\Toolbox\scripts;C:\Users\Anees Ahmed\AppData\Local\Programs\cursor\resources\app\bin;C:\Users\Anees Ahmed\AppData\Roaming\npm
USERNAME=Anees Ahmed
OS=Windows_NT
PROCESSOR_IDENTIFIER=Intel64 Family 6 Model 142 Stepping 10, GenuineIntel
TMP=C:\Users\ANEESA~1\AppData\Local\Temp
TEMP=C:\Users\ANEESA~1\AppData\Local\Temp




Periodic native trim disabled

JNI global refs:
JNI global refs: 0, weak refs: 0

JNI global refs memory usage: 0, weak refs: 0

Process memory usage:
Resident Set Size: 15412K (0% of 25005268K total physical memory with 2552020K free physical memory)

OOME stack traces (most recent first):
Classloader memory used:

---------------  S Y S T E M  ---------------

OS:
 Windows 11 , 64 bit Build 22621 (10.0.22621.3958)
OS uptime: 40 days 17:52 hours
Hyper-V role detected

CPU: total 8 (initial active 8) (4 cores per cpu, 2 threads per core) family 6 model 142 stepping 10 microcode 0xf6, cx8, cmov, fxsr, ht, mmx, 3dnowpref, sse, sse2, sse3, ssse3, sse4.1, sse4.2, popcnt, lzcnt, tsc, tscinvbit, avx, avx2, aes, erms, clmul, bmi1, bmi2, rtm, adx, fma, vzeroupper, clflush, clflushopt, hv, rdtscp, f16c
Processor Information for the first 8 processors :
  Max Mhz: 2112, Current Mhz: 1910, Mhz Limit: 1900

Memory: 4k page, system-wide physical 24419M (2492M free)
TotalPageFile size 44287M (AvailPageFile size 202M)
current process WorkingSet (physical memory assigned to process): 15M, peak: 15M
current process commit charge ("private bytes"): 63M, peak: 447M

vm_info: OpenJDK 64-Bit Server VM (21.0.6+-13355223-b631.42) for windows-amd64 JRE (21.0.6+-13355223-b631.42), built on 2025-04-14T18:21:23Z by "builder" with MS VC++ 16.10 / 16.11 (VS2019)

END.
