#
# There is insufficient memory for the Java Runtime Environment to continue.
# Native memory allocation (malloc) failed to allocate 32744 bytes for ChunkPool::allocate
# Possible reasons:
#   The system is out of physical RAM or swap space
#   The process is running with CompressedOops enabled, and the Java Heap may be blocking the growth of the native heap
# Possible solutions:
#   Reduce memory load on the system
#   Increase physical memory or swap space
#   Check if swap backing store is full
#   Decrease Java heap size (-Xmx/-Xms)
#   Decrease number of Java threads
#   Decrease Java thread stack sizes (-Xss)
#   Set larger code cache with -XX:ReservedCodeCacheSize=
#   JVM is running with Unscaled Compressed Oops mode in which the Java heap is
#     placed in the first 4GB address space. The Java Heap base address is the
#     maximum limit for the native heap growth. Please use -XX:HeapBaseMinAddress
#     to set the Java Heap base and to place the Java Heap above 4GB virtual address.
# This output file may be truncated or incomplete.
#
#  Out of Memory Error (arena.cpp:78), pid=39888, tid=1248
#
# JRE version: Java(TM) SE Runtime Environment (17.0.12+8) (build 17.0.12+8-LTS-286)
# Java VM: Java HotSpot(TM) 64-Bit Server VM (17.0.12+8-LTS-286, mixed mode, sharing, tiered, compressed oops, compressed class ptrs, g1 gc, windows-amd64)
# No core dump will be written. Minidumps are not enabled by default on client versions of Windows
#

---------------  S U M M A R Y ------------

Command Line: -Xmx64m -Xms64m -Dorg.gradle.appname=gradlew org.gradle.wrapper.GradleWrapperMain run

Host: Intel(R) Core(TM) i7-8650U CPU @ 1.90GHz, 8 cores, 23G,  Windows 11 , 64 bit Build 22621 (10.0.22621.3958)
Time: Mon May  5 16:04:54 2025 Pakistan Standard Time elapsed time: 139.663138 seconds (0d 0h 2m 19s)

---------------  T H R E A D  ---------------

Current thread (0x000001e36637af00):  JavaThread "C2 CompilerThread0" daemon [_thread_in_native, id=1248, stack(0x0000000402b00000,0x0000000402c00000)]


Current CompileTask:
C2: 139663 2104       4       jdk.internal.org.objectweb.asm.SymbolTable::put (150 bytes)

Stack: [0x0000000402b00000,0x0000000402c00000]
Native frames: (J=compiled Java code, j=interpreted, Vv=VM code, C=native code)
V  [jvm.dll+0x67a04a]
V  [jvm.dll+0x7da4ed]
V  [jvm.dll+0x7dbe33]
V  [jvm.dll+0x7dc4a3]
V  [jvm.dll+0x24508f]
V  [jvm.dll+0xab9a4]
V  [jvm.dll+0xabd3c]
V  [jvm.dll+0x1254d8]
V  [jvm.dll+0x124482]
V  [jvm.dll+0x67f49e]
V  [jvm.dll+0x216c16]
V  [jvm.dll+0x215c6f]
V  [jvm.dll+0x1a2960]
V  [jvm.dll+0x22610b]
V  [jvm.dll+0x2242ab]
V  [jvm.dll+0x79075c]
V  [jvm.dll+0x78abea]
V  [jvm.dll+0x678f35]
C  [ucrtbase.dll+0x29333]
C  [KERNEL32.DLL+0x1257d]
C  [ntdll.dll+0x5af08]


---------------  P R O C E S S  ---------------

Threads class SMR info:
_java_thread_list=0x000001e345fef650, length=14, elements={
0x000001e3662b65a0, 0x000001e36635ccd0, 0x000001e36635da60, 0x000001e366375260,
0x000001e366378b50, 0x000001e366379a30, 0x000001e36637a300, 0x000001e36637af00,
0x000001e37fa3ff50, 0x000001e37fa4a880, 0x000001e34507b970, 0x000001e34507e6a0,
0x000001e3454f5e20, 0x000001e3662bfe10
}

Java Threads: ( => current thread )
  0x000001e3662b65a0 JavaThread "main" [_thread_blocked, id=8932, stack(0x0000000401e00000,0x0000000401f00000)]
  0x000001e36635ccd0 JavaThread "Reference Handler" daemon [_thread_blocked, id=38968, stack(0x0000000402500000,0x0000000402600000)]
  0x000001e36635da60 JavaThread "Finalizer" daemon [_thread_blocked, id=6924, stack(0x0000000402600000,0x0000000402700000)]
  0x000001e366375260 JavaThread "Signal Dispatcher" daemon [_thread_blocked, id=41892, stack(0x0000000402700000,0x0000000402800000)]
  0x000001e366378b50 JavaThread "Attach Listener" daemon [_thread_blocked, id=25020, stack(0x0000000402800000,0x0000000402900000)]
  0x000001e366379a30 JavaThread "Service Thread" daemon [_thread_blocked, id=19888, stack(0x0000000402900000,0x0000000402a00000)]
  0x000001e36637a300 JavaThread "Monitor Deflation Thread" daemon [_thread_blocked, id=13148, stack(0x0000000402a00000,0x0000000402b00000)]
=>0x000001e36637af00 JavaThread "C2 CompilerThread0" daemon [_thread_in_native, id=1248, stack(0x0000000402b00000,0x0000000402c00000)]
  0x000001e37fa3ff50 JavaThread "C1 CompilerThread0" daemon [_thread_blocked, id=37044, stack(0x0000000402c00000,0x0000000402d00000)]
  0x000001e37fa4a880 JavaThread "Sweeper thread" daemon [_thread_blocked, id=24688, stack(0x0000000402d00000,0x0000000402e00000)]
  0x000001e34507b970 JavaThread "Notification Thread" daemon [_thread_blocked, id=10156, stack(0x0000000402e00000,0x0000000402f00000)]
  0x000001e34507e6a0 JavaThread "Common-Cleaner" daemon [_thread_blocked, id=10944, stack(0x0000000403000000,0x0000000403100000)]
  0x000001e3454f5e20 JavaThread "C2 CompilerThread1" daemon [_thread_in_native, id=3600, stack(0x0000000401b00000,0x0000000401c00000)]
  0x000001e3662bfe10 JavaThread "C2 CompilerThread2" daemon [_thread_in_native, id=34268, stack(0x0000000401c00000,0x0000000401d00000)]

Other Threads:
  0x000001e3663591c0 VMThread "VM Thread" [stack: 0x0000000402400000,0x0000000402500000] [id=41340]
  0x000001e34507e260 WatcherThread [stack: 0x0000000402f00000,0x0000000403000000] [id=36408]
  0x000001e3662d2da0 GCTaskThread "GC Thread#0" [stack: 0x0000000401f00000,0x0000000402000000] [id=9900]
  0x000001e3456c6790 GCTaskThread "GC Thread#1" [stack: 0x0000000403300000,0x0000000403400000] [id=34488]
  0x000001e345811970 GCTaskThread "GC Thread#2" [stack: 0x0000000403400000,0x0000000403500000] [id=21196]
  0x000001e345825160 GCTaskThread "GC Thread#3" [stack: 0x0000000403500000,0x0000000403600000] [id=13320]
  0x000001e346348eb0 GCTaskThread "GC Thread#4" [stack: 0x0000000403700000,0x0000000403800000] [id=17500]
  0x000001e346349170 GCTaskThread "GC Thread#5" [stack: 0x0000000403800000,0x0000000403900000] [id=41200]
  0x000001e346349430 GCTaskThread "GC Thread#6" [stack: 0x0000000403900000,0x0000000403a00000] [id=36532]
  0x000001e3662d7d40 ConcurrentGCThread "G1 Main Marker" [stack: 0x0000000402000000,0x0000000402100000] [id=23536]
  0x000001e3662d8e00 ConcurrentGCThread "G1 Conc#0" [stack: 0x0000000402100000,0x0000000402200000] [id=27656]
  0x000001e36633aac0 ConcurrentGCThread "G1 Refine#0" [stack: 0x0000000402200000,0x0000000402300000] [id=14220]
  0x000001e36633c410 ConcurrentGCThread "G1 Service" [stack: 0x0000000402300000,0x0000000402400000] [id=26676]

Threads with active compile tasks:
C2 CompilerThread0   139716 2104       4       jdk.internal.org.objectweb.asm.SymbolTable::put (150 bytes)
C2 CompilerThread1   139716 2139       4       org.gradle.internal.logging.text.AbstractLineChoppingStyledTextOutput$1::execute (9 bytes)
C2 CompilerThread2   139717 2137       4       org.gradle.internal.logging.text.AbstractLineChoppingStyledTextOutput$StateContext::hasChar (25 bytes)

VM state: not at safepoint (normal execution)

VM Mutex/Monitor currently owned by a thread: None

Heap address: 0x00000000fc000000, size: 64 MB, Compressed Oops mode: 32-bit

CDS archive(s) mapped at: [0x000001e300000000-0x000001e300bd0000-0x000001e300bd0000), size 12386304, SharedBaseAddress: 0x000001e300000000, ArchiveRelocationMode: 1.
Compressed class space mapped at: 0x000001e301000000-0x000001e341000000, reserved size: 1073741824
Narrow klass base: 0x000001e300000000, Narrow klass shift: 0, Narrow klass range: 0x100000000

GC Precious Log:
 CPUs: 8 total, 8 available
 Memory: 24419M
 Large Page Support: Disabled
 NUMA Support: Disabled
 Compressed Oops: Enabled (32-bit)
 Heap Region Size: 1M
 Heap Min Capacity: 64M
 Heap Initial Capacity: 64M
 Heap Max Capacity: 64M
 Pre-touch: Disabled
 Parallel Workers: 8
 Concurrent Workers: 2
 Concurrent Refinement Workers: 8
 Periodic GC: Disabled

Heap:
 garbage-first heap   total 65536K, used 32589K [0x00000000fc000000, 0x0000000100000000)
  region size 1024K, 24 young (24576K), 3 survivors (3072K)
 Metaspace       used 10848K, committed 11008K, reserved 1114112K
  class space    used 1403K, committed 1472K, reserved 1048576K

Heap Regions: E=young(eden), S=young(survivor), O=old, HS=humongous(starts), HC=humongous(continues), CS=collection set, F=free, OA=open archive, CA=closed archive, TAMS=top-at-mark-start (previous, next)
|   0|0x00000000fc000000, 0x00000000fc100000, 0x00000000fc100000|100%| O|  |TAMS 0x00000000fc000000, 0x00000000fc000000| Untracked 
|   1|0x00000000fc100000, 0x00000000fc200000, 0x00000000fc200000|100%| O|  |TAMS 0x00000000fc100000, 0x00000000fc100000| Untracked 
|   2|0x00000000fc200000, 0x00000000fc300000, 0x00000000fc300000|100%| O|  |TAMS 0x00000000fc200000, 0x00000000fc200000| Untracked 
|   3|0x00000000fc300000, 0x00000000fc400000, 0x00000000fc400000|100%|HS|  |TAMS 0x00000000fc300000, 0x00000000fc300000| Complete 
|   4|0x00000000fc400000, 0x00000000fc500000, 0x00000000fc500000|100%|HC|  |TAMS 0x00000000fc400000, 0x00000000fc400000| Complete 
|   5|0x00000000fc500000, 0x00000000fc600000, 0x00000000fc600000|100%|HC|  |TAMS 0x00000000fc500000, 0x00000000fc500000| Complete 
|   6|0x00000000fc600000, 0x00000000fc700000, 0x00000000fc700000|100%|HC|  |TAMS 0x00000000fc600000, 0x00000000fc600000| Complete 
|   7|0x00000000fc700000, 0x00000000fc800000, 0x00000000fc800000|100%| O|  |TAMS 0x00000000fc700000, 0x00000000fc700000| Untracked 
|   8|0x00000000fc800000, 0x00000000fc900000, 0x00000000fc900000|100%| O|  |TAMS 0x00000000fc800000, 0x00000000fc800000| Untracked 
|   9|0x00000000fc900000, 0x00000000fc962400, 0x00000000fca00000| 38%| O|  |TAMS 0x00000000fc900000, 0x00000000fc900000| Untracked 
|  10|0x00000000fca00000, 0x00000000fca00000, 0x00000000fcb00000|  0%| F|  |TAMS 0x00000000fca00000, 0x00000000fca00000| Untracked 
|  11|0x00000000fcb00000, 0x00000000fcb00000, 0x00000000fcc00000|  0%| F|  |TAMS 0x00000000fcb00000, 0x00000000fcb00000| Untracked 
|  12|0x00000000fcc00000, 0x00000000fcc00000, 0x00000000fcd00000|  0%| F|  |TAMS 0x00000000fcc00000, 0x00000000fcc00000| Untracked 
|  13|0x00000000fcd00000, 0x00000000fcd00000, 0x00000000fce00000|  0%| F|  |TAMS 0x00000000fcd00000, 0x00000000fcd00000| Untracked 
|  14|0x00000000fce00000, 0x00000000fce00000, 0x00000000fcf00000|  0%| F|  |TAMS 0x00000000fce00000, 0x00000000fce00000| Untracked 
|  15|0x00000000fcf00000, 0x00000000fcf00000, 0x00000000fd000000|  0%| F|  |TAMS 0x00000000fcf00000, 0x00000000fcf00000| Untracked 
|  16|0x00000000fd000000, 0x00000000fd000000, 0x00000000fd100000|  0%| F|  |TAMS 0x00000000fd000000, 0x00000000fd000000| Untracked 
|  17|0x00000000fd100000, 0x00000000fd100000, 0x00000000fd200000|  0%| F|  |TAMS 0x00000000fd100000, 0x00000000fd100000| Untracked 
|  18|0x00000000fd200000, 0x00000000fd200000, 0x00000000fd300000|  0%| F|  |TAMS 0x00000000fd200000, 0x00000000fd200000| Untracked 
|  19|0x00000000fd300000, 0x00000000fd300000, 0x00000000fd400000|  0%| F|  |TAMS 0x00000000fd300000, 0x00000000fd300000| Untracked 
|  20|0x00000000fd400000, 0x00000000fd400000, 0x00000000fd500000|  0%| F|  |TAMS 0x00000000fd400000, 0x00000000fd400000| Untracked 
|  21|0x00000000fd500000, 0x00000000fd500000, 0x00000000fd600000|  0%| F|  |TAMS 0x00000000fd500000, 0x00000000fd500000| Untracked 
|  22|0x00000000fd600000, 0x00000000fd600000, 0x00000000fd700000|  0%| F|  |TAMS 0x00000000fd600000, 0x00000000fd600000| Untracked 
|  23|0x00000000fd700000, 0x00000000fd700000, 0x00000000fd800000|  0%| F|  |TAMS 0x00000000fd700000, 0x00000000fd700000| Untracked 
|  24|0x00000000fd800000, 0x00000000fd800000, 0x00000000fd900000|  0%| F|  |TAMS 0x00000000fd800000, 0x00000000fd800000| Untracked 
|  25|0x00000000fd900000, 0x00000000fd900000, 0x00000000fda00000|  0%| F|  |TAMS 0x00000000fd900000, 0x00000000fd900000| Untracked 
|  26|0x00000000fda00000, 0x00000000fda00000, 0x00000000fdb00000|  0%| F|  |TAMS 0x00000000fda00000, 0x00000000fda00000| Untracked 
|  27|0x00000000fdb00000, 0x00000000fdb00000, 0x00000000fdc00000|  0%| F|  |TAMS 0x00000000fdb00000, 0x00000000fdb00000| Untracked 
|  28|0x00000000fdc00000, 0x00000000fdc00000, 0x00000000fdd00000|  0%| F|  |TAMS 0x00000000fdc00000, 0x00000000fdc00000| Untracked 
|  29|0x00000000fdd00000, 0x00000000fdd00000, 0x00000000fde00000|  0%| F|  |TAMS 0x00000000fdd00000, 0x00000000fdd00000| Untracked 
|  30|0x00000000fde00000, 0x00000000fde00000, 0x00000000fdf00000|  0%| F|  |TAMS 0x00000000fde00000, 0x00000000fde00000| Untracked 
|  31|0x00000000fdf00000, 0x00000000fdf00000, 0x00000000fe000000|  0%| F|  |TAMS 0x00000000fdf00000, 0x00000000fdf00000| Untracked 
|  32|0x00000000fe000000, 0x00000000fe000000, 0x00000000fe100000|  0%| F|  |TAMS 0x00000000fe000000, 0x00000000fe000000| Untracked 
|  33|0x00000000fe100000, 0x00000000fe171200, 0x00000000fe200000| 44%| S|CS|TAMS 0x00000000fe100000, 0x00000000fe100000| Complete 
|  34|0x00000000fe200000, 0x00000000fe300000, 0x00000000fe300000|100%| S|CS|TAMS 0x00000000fe200000, 0x00000000fe200000| Complete 
|  35|0x00000000fe300000, 0x00000000fe400000, 0x00000000fe400000|100%| S|CS|TAMS 0x00000000fe300000, 0x00000000fe300000| Complete 
|  36|0x00000000fe400000, 0x00000000fe400000, 0x00000000fe500000|  0%| F|  |TAMS 0x00000000fe400000, 0x00000000fe400000| Untracked 
|  37|0x00000000fe500000, 0x00000000fe500000, 0x00000000fe600000|  0%| F|  |TAMS 0x00000000fe500000, 0x00000000fe500000| Untracked 
|  38|0x00000000fe600000, 0x00000000fe600000, 0x00000000fe700000|  0%| F|  |TAMS 0x00000000fe600000, 0x00000000fe600000| Untracked 
|  39|0x00000000fe700000, 0x00000000fe700000, 0x00000000fe800000|  0%| F|  |TAMS 0x00000000fe700000, 0x00000000fe700000| Untracked 
|  40|0x00000000fe800000, 0x00000000fe800000, 0x00000000fe900000|  0%| F|  |TAMS 0x00000000fe800000, 0x00000000fe800000| Untracked 
|  41|0x00000000fe900000, 0x00000000fe900000, 0x00000000fea00000|  0%| F|  |TAMS 0x00000000fe900000, 0x00000000fe900000| Untracked 
|  42|0x00000000fea00000, 0x00000000fea00000, 0x00000000feb00000|  0%| F|  |TAMS 0x00000000fea00000, 0x00000000fea00000| Untracked 
|  43|0x00000000feb00000, 0x00000000febf53e8, 0x00000000fec00000| 95%| E|  |TAMS 0x00000000feb00000, 0x00000000feb00000| Complete 
|  44|0x00000000fec00000, 0x00000000fed00000, 0x00000000fed00000|100%| E|CS|TAMS 0x00000000fec00000, 0x00000000fec00000| Complete 
|  45|0x00000000fed00000, 0x00000000fee00000, 0x00000000fee00000|100%| E|CS|TAMS 0x00000000fed00000, 0x00000000fed00000| Complete 
|  46|0x00000000fee00000, 0x00000000fef00000, 0x00000000fef00000|100%| E|CS|TAMS 0x00000000fee00000, 0x00000000fee00000| Complete 
|  47|0x00000000fef00000, 0x00000000ff000000, 0x00000000ff000000|100%| E|CS|TAMS 0x00000000fef00000, 0x00000000fef00000| Complete 
|  48|0x00000000ff000000, 0x00000000ff100000, 0x00000000ff100000|100%| E|CS|TAMS 0x00000000ff000000, 0x00000000ff000000| Complete 
|  49|0x00000000ff100000, 0x00000000ff200000, 0x00000000ff200000|100%| E|CS|TAMS 0x00000000ff100000, 0x00000000ff100000| Complete 
|  50|0x00000000ff200000, 0x00000000ff300000, 0x00000000ff300000|100%| E|CS|TAMS 0x00000000ff200000, 0x00000000ff200000| Complete 
|  51|0x00000000ff300000, 0x00000000ff400000, 0x00000000ff400000|100%| E|CS|TAMS 0x00000000ff300000, 0x00000000ff300000| Complete 
|  52|0x00000000ff400000, 0x00000000ff500000, 0x00000000ff500000|100%| E|CS|TAMS 0x00000000ff400000, 0x00000000ff400000| Complete 
|  53|0x00000000ff500000, 0x00000000ff600000, 0x00000000ff600000|100%| E|CS|TAMS 0x00000000ff500000, 0x00000000ff500000| Complete 
|  54|0x00000000ff600000, 0x00000000ff700000, 0x00000000ff700000|100%| E|CS|TAMS 0x00000000ff600000, 0x00000000ff600000| Complete 
|  55|0x00000000ff700000, 0x00000000ff800000, 0x00000000ff800000|100%| E|CS|TAMS 0x00000000ff700000, 0x00000000ff700000| Complete 
|  56|0x00000000ff800000, 0x00000000ff900000, 0x00000000ff900000|100%| E|CS|TAMS 0x00000000ff800000, 0x00000000ff800000| Complete 
|  57|0x00000000ff900000, 0x00000000ffa00000, 0x00000000ffa00000|100%| E|CS|TAMS 0x00000000ff900000, 0x00000000ff900000| Complete 
|  58|0x00000000ffa00000, 0x00000000ffb00000, 0x00000000ffb00000|100%| E|CS|TAMS 0x00000000ffa00000, 0x00000000ffa00000| Complete 
|  59|0x00000000ffb00000, 0x00000000ffc00000, 0x00000000ffc00000|100%| E|CS|TAMS 0x00000000ffb00000, 0x00000000ffb00000| Complete 
|  60|0x00000000ffc00000, 0x00000000ffd00000, 0x00000000ffd00000|100%| E|CS|TAMS 0x00000000ffc00000, 0x00000000ffc00000| Complete 
|  61|0x00000000ffd00000, 0x00000000ffe00000, 0x00000000ffe00000|100%| E|CS|TAMS 0x00000000ffd00000, 0x00000000ffd00000| Complete 
|  62|0x00000000ffe00000, 0x00000000fff00000, 0x00000000fff00000|100%| E|CS|TAMS 0x00000000ffe00000, 0x00000000ffe00000| Complete 
|  63|0x00000000fff00000, 0x0000000100000000, 0x0000000100000000|100%| E|CS|TAMS 0x00000000fff00000, 0x00000000fff00000| Complete 

Card table byte_map: [0x000001e3661b0000,0x000001e3661d0000] _byte_map_base: 0x000001e3659d0000

Marking Bits (Prev, Next): (CMBitMap*) 0x000001e3662d5c00, (CMBitMap*) 0x000001e3662d5c40
 Prev Bits: [0x000001e37cea0000, 0x000001e37cfa0000)
 Next Bits: [0x000001e37cfa0000, 0x000001e37d0a0000)

Polling page: 0x000001e364270000

Metaspace:

Usage:
  Non-class:      9.22 MB used.
      Class:      1.37 MB used.
       Both:     10.59 MB used.

Virtual space:
  Non-class space:       64.00 MB reserved,       9.31 MB ( 15%) committed,  1 nodes.
      Class space:        1.00 GB reserved,       1.44 MB ( <1%) committed,  1 nodes.
             Both:        1.06 GB reserved,      10.75 MB ( <1%) committed. 

Chunk freelists:
   Non-Class:  5.94 MB
       Class:  14.51 MB
        Both:  20.45 MB

MaxMetaspaceSize: unlimited
CompressedClassSpaceSize: 1.00 GB
Initial GC threshold: 21.00 MB
Current GC threshold: 21.00 MB
CDS: on
MetaspaceReclaimPolicy: balanced
 - commit_granule_bytes: 65536.
 - commit_granule_words: 8192.
 - virtual_space_node_default_size: 8388608.
 - enlarge_chunks_in_place: 1.
 - new_chunks_are_fully_committed: 0.
 - uncommit_free_chunks: 1.
 - use_allocation_guard: 0.
 - handle_deallocations: 1.


Internal statistics:

num_allocs_failed_limit: 0.
num_arena_births: 88.
num_arena_deaths: 0.
num_vsnodes_births: 2.
num_vsnodes_deaths: 0.
num_space_committed: 172.
num_space_uncommitted: 0.
num_chunks_returned_to_freelist: 0.
num_chunks_taken_from_freelist: 380.
num_chunk_merges: 0.
num_chunk_splits: 261.
num_chunks_enlarged: 213.
num_inconsistent_stats: 0.

CodeHeap 'non-profiled nmethods': size=120000Kb used=1136Kb max_used=1136Kb free=118863Kb
 bounds [0x000001e375640000, 0x000001e3758b0000, 0x000001e37cb70000]
CodeHeap 'profiled nmethods': size=120000Kb used=4078Kb max_used=4078Kb free=115921Kb
 bounds [0x000001e36db70000, 0x000001e36df70000, 0x000001e3750a0000]
CodeHeap 'non-nmethods': size=5760Kb used=1201Kb max_used=1238Kb free=4558Kb
 bounds [0x000001e3750a0000, 0x000001e375310000, 0x000001e375640000]
 total_blobs=2631 nmethods=2145 adapters=397
 compilation: enabled
              stopped_count=0, restarted_count=0
 full_count=0

Compilation events (20 events):
Event: 139.651 Thread 0x000001e37fa3ff50 2126       3       org.gradle.internal.logging.text.AbstractLineChoppingStyledTextOutput$1::execute (9 bytes)
Event: 139.651 Thread 0x000001e37fa3ff50 nmethod 2126 0x000001e36df62d10 code [0x000001e36df62ec0, 0x000001e36df630e8]
Event: 139.651 Thread 0x000001e37fa3ff50 2127       3       org.gradle.internal.logging.text.AbstractLineChoppingStyledTextOutput$1::execute (140 bytes)
Event: 139.652 Thread 0x000001e37fa3ff50 nmethod 2127 0x000001e36df63190 code [0x000001e36df634c0, 0x000001e36df64578]
Event: 139.652 Thread 0x000001e37fa3ff50 2131       3       org.gradle.internal.logging.text.AbstractLineChoppingStyledTextOutput$2::execute (9 bytes)
Event: 139.653 Thread 0x000001e37fa3ff50 nmethod 2131 0x000001e36df64c90 code [0x000001e36df64e40, 0x000001e36df65068]
Event: 139.653 Thread 0x000001e37fa3ff50 2132       3       org.gradle.internal.logging.text.AbstractLineChoppingStyledTextOutput$2::execute (77 bytes)
Event: 139.653 Thread 0x000001e37fa3ff50 nmethod 2132 0x000001e36df65110 code [0x000001e36df653a0, 0x000001e36df65e28]
Event: 139.653 Thread 0x000001e37fa3ff50 2130       3       org.gradle.internal.logging.text.AbstractLineChoppingStyledTextOutput::access$800 (4 bytes)
Event: 139.653 Thread 0x000001e37fa3ff50 nmethod 2130 0x000001e36df66290 code [0x000001e36df66420, 0x000001e36df66518]
Event: 139.653 Thread 0x000001e37fa3ff50 2133       3       org.gradle.internal.logging.text.AbstractLineChoppingStyledTextOutput::access$900 (4 bytes)
Event: 139.653 Thread 0x000001e37fa3ff50 nmethod 2133 0x000001e36df66590 code [0x000001e36df66720, 0x000001e36df66818]
Event: 139.657 Thread 0x000001e37fa3ff50 2136       3       org.gradle.internal.logging.console.DefaultRedrawableLabel::isOverlappingWith (34 bytes)
Event: 139.657 Thread 0x000001e37fa3ff50 nmethod 2136 0x000001e36df66890 code [0x000001e36df66a20, 0x000001e36df66bd8]
Event: 139.657 Thread 0x000001e3454f5e20 2108       4       java.lang.StringLatin1::canEncode (13 bytes)
Event: 139.658 Thread 0x000001e37fa3ff50 2138       3       org.gradle.internal.logging.console.DefaultRedrawableLabel::newLineAdjustment (14 bytes)
Event: 139.658 Thread 0x000001e37fa3ff50 nmethod 2138 0x000001e36df66c90 code [0x000001e36df66e20, 0x000001e36df66f38]
Event: 139.658 Thread 0x000001e3454f5e20 nmethod 2108 0x000001e37575ab90 code [0x000001e37575ad00, 0x000001e37575ad78]
Event: 139.658 Thread 0x000001e3454f5e20 2135       4       org.gradle.internal.logging.text.AbstractLineChoppingStyledTextOutput$StateContext::isCurrentCharEquals (70 bytes)
Event: 139.658 Thread 0x000001e3662bfe10 2137       4       org.gradle.internal.logging.text.AbstractLineChoppingStyledTextOutput$StateContext::hasChar (25 bytes)

GC Heap History (4 events):
Event: 0.611 GC heap before
{Heap before GC invocations=0 (full 0):
 garbage-first heap   total 65536K, used 22528K [0x00000000fc000000, 0x0000000100000000)
  region size 1024K, 23 young (23552K), 0 survivors (0K)
 Metaspace       used 1860K, committed 1984K, reserved 1114112K
  class space    used 158K, committed 192K, reserved 1048576K
}
Event: 0.615 GC heap after
{Heap after GC invocations=1 (full 0):
 garbage-first heap   total 65536K, used 5408K [0x00000000fc000000, 0x0000000100000000)
  region size 1024K, 3 young (3072K), 3 survivors (3072K)
 Metaspace       used 1860K, committed 1984K, reserved 1114112K
  class space    used 158K, committed 192K, reserved 1048576K
}
Event: 1.314 GC heap before
{Heap before GC invocations=1 (full 0):
 garbage-first heap   total 65536K, used 34080K [0x00000000fc000000, 0x0000000100000000)
  region size 1024K, 28 young (28672K), 3 survivors (3072K)
 Metaspace       used 7707K, committed 7936K, reserved 1114112K
  class space    used 1047K, committed 1152K, reserved 1048576K
}
Event: 1.318 GC heap after
{Heap after GC invocations=2 (full 0):
 garbage-first heap   total 65536K, used 12109K [0x00000000fc000000, 0x0000000100000000)
  region size 1024K, 3 young (3072K), 3 survivors (3072K)
 Metaspace       used 7707K, committed 7936K, reserved 1114112K
  class space    used 1047K, committed 1152K, reserved 1048576K
}

Deoptimization events (20 events):
Event: 139.625 Thread 0x000001e3662b65a0 Uncommon trap: trap_request=0xffffffb5 fr.pc=0x000001e37573a6b4 relative=0x0000000000000d54
Event: 139.625 Thread 0x000001e3662b65a0 Uncommon trap: reason=unloaded action=reinterpret pc=0x000001e37573a6b4 method=sun.nio.ch.SocketChannelImpl.read(Ljava/nio/ByteBuffer;)I @ 194 c2
Event: 139.625 Thread 0x000001e3662b65a0 DEOPT PACKING pc=0x000001e37573a6b4 sp=0x0000000401efd370
Event: 139.625 Thread 0x000001e3662b65a0 DEOPT UNPACKING pc=0x000001e3750f23a3 sp=0x0000000401efd2a0 mode 2
Event: 139.626 Thread 0x000001e3662b65a0 Uncommon trap: trap_request=0xffffff45 fr.pc=0x000001e37572c484 relative=0x0000000000000684
Event: 139.626 Thread 0x000001e3662b65a0 Uncommon trap: reason=unstable_if action=reinterpret pc=0x000001e37572c484 method=com.esotericsoftware.kryo.io.Input.require(I)I @ 180 c2
Event: 139.626 Thread 0x000001e3662b65a0 DEOPT PACKING pc=0x000001e37572c484 sp=0x0000000401efd400
Event: 139.626 Thread 0x000001e3662b65a0 DEOPT UNPACKING pc=0x000001e3750f23a3 sp=0x0000000401efd0e0 mode 2
Event: 139.647 Thread 0x000001e3662b65a0 Uncommon trap: trap_request=0xffffff45 fr.pc=0x000001e3756db084 relative=0x00000000000001e4
Event: 139.647 Thread 0x000001e3662b65a0 Uncommon trap: reason=unstable_if action=reinterpret pc=0x000001e3756db084 method=java.net.URI$Parser.scan(IILjava/lang/String;)I @ 26 c2
Event: 139.647 Thread 0x000001e3662b65a0 DEOPT PACKING pc=0x000001e3756db084 sp=0x0000000401efcf00
Event: 139.647 Thread 0x000001e3662b65a0 DEOPT UNPACKING pc=0x000001e3750f23a3 sp=0x0000000401efce90 mode 2
Event: 139.650 Thread 0x000001e3662b65a0 Uncommon trap: trap_request=0xffffff45 fr.pc=0x000001e37571ce2c relative=0x000000000000016c
Event: 139.650 Thread 0x000001e3662b65a0 Uncommon trap: reason=unstable_if action=reinterpret pc=0x000001e37571ce2c method=org.gradle.internal.logging.sink.OutputEventRenderer.onOutput(Lorg/gradle/internal/logging/events/OutputEvent;)V @ 4 c2
Event: 139.650 Thread 0x000001e3662b65a0 DEOPT PACKING pc=0x000001e37571ce2c sp=0x0000000401efda10
Event: 139.650 Thread 0x000001e3662b65a0 DEOPT UNPACKING pc=0x000001e3750f23a3 sp=0x0000000401efd9b0 mode 2
Event: 139.650 Thread 0x000001e3662b65a0 Uncommon trap: trap_request=0xffffffde fr.pc=0x000001e375725df4 relative=0x0000000000004314
Event: 139.650 Thread 0x000001e3662b65a0 Uncommon trap: reason=class_check action=maybe_recompile pc=0x000001e375725df4 method=org.gradle.internal.logging.sink.OutputEventTransformer.onOutput(Lorg/gradle/internal/logging/events/OutputEvent;)V @ 308 c2
Event: 139.650 Thread 0x000001e3662b65a0 DEOPT PACKING pc=0x000001e375725df4 sp=0x0000000401efd910
Event: 139.650 Thread 0x000001e3662b65a0 DEOPT UNPACKING pc=0x000001e3750f23a3 sp=0x0000000401efd928 mode 2

Classes unloaded (0 events):
No events

Classes redefined (0 events):
No events

Internal exceptions (20 events):
Event: 0.942 Thread 0x000001e3662b65a0 Exception <a 'java/lang/NoSuchMethodError'{0x00000000ff6cddf8}: 'void java.lang.invoke.DelegatingMethodHandle$Holder.delegate(java.lang.Object, java.lang.Object, int, java.lang.Object)'> (0x00000000ff6cddf8) 
thrown [s\open\src\hotspot\share\interpreter\linkResolver.cpp, line 759]
Event: 0.942 Thread 0x000001e3662b65a0 Exception <a 'java/lang/NoSuchMethodError'{0x00000000ff6d1f40}: 'int java.lang.invoke.DirectMethodHandle$Holder.invokeSpecial(java.lang.Object, java.lang.Object, java.lang.Object)'> (0x00000000ff6d1f40) 
thrown [s\open\src\hotspot\share\interpreter\linkResolver.cpp, line 759]
Event: 0.945 Thread 0x000001e3662b65a0 Exception <a 'java/lang/NoSuchMethodError'{0x00000000ff6e5050}: 'java.lang.Object java.lang.invoke.Invokers$Holder.invokeExact_MT(java.lang.Object, java.lang.Object, java.lang.Object, java.lang.Object)'> (0x00000000ff6e5050) 
thrown [s\open\src\hotspot\share\interpreter\linkResolver.cpp, line 759]
Event: 1.077 Thread 0x000001e3662b65a0 Exception <a 'java/lang/NoSuchMethodError'{0x00000000fefdf890}: 'void java.lang.invoke.DirectMethodHandle$Holder.invokeSpecial(java.lang.Object, java.lang.Object, java.lang.Object)'> (0x00000000fefdf890) 
thrown [s\open\src\hotspot\share\interpreter\linkResolver.cpp, line 759]
Event: 1.089 Thread 0x000001e3662b65a0 Implicit null exception at 0x000001e3756a698f to 0x000001e3756a6eec
Event: 1.089 Thread 0x000001e3662b65a0 Implicit null exception at 0x000001e375685f0f to 0x000001e375686474
Event: 1.089 Thread 0x000001e3662b65a0 Implicit null exception at 0x000001e37566ff0f to 0x000001e37566ff89
Event: 1.115 Thread 0x000001e3662b65a0 Exception <a 'java/lang/NoSuchMethodError'{0x00000000fed96300}: 'java.lang.Object java.lang.invoke.DirectMethodHandle$Holder.invokeStaticInit(java.lang.Object)'> (0x00000000fed96300) 
thrown [s\open\src\hotspot\share\interpreter\linkResolver.cpp, line 759]
Event: 1.137 Thread 0x000001e3662b65a0 Exception <a 'java/lang/NoSuchMethodError'{0x00000000fec399d0}: 'int java.lang.invoke.DirectMethodHandle$Holder.invokeVirtual(java.lang.Object, java.lang.Object, java.lang.Object)'> (0x00000000fec399d0) 
thrown [s\open\src\hotspot\share\interpreter\linkResolver.cpp, line 759]
Event: 1.227 Thread 0x000001e3662b65a0 Exception <a 'java/lang/NoSuchMethodError'{0x00000000fe45ecd8}: 'java.lang.Object java.lang.invoke.DirectMethodHandle$Holder.invokeStaticInit(java.lang.Object, int, int, int, int)'> (0x00000000fe45ecd8) 
thrown [s\open\src\hotspot\share\interpreter\linkResolver.cpp, line 759]
Event: 1.319 Thread 0x000001e3662b65a0 Exception <a 'java/lang/NoSuchMethodError'{0x00000000fff0e1c8}: 'java.lang.Object java.lang.invoke.DirectMethodHandle$Holder.invokeStaticInit(java.lang.Object, java.lang.Object, int, int, int, int)'> (0x00000000fff0e1c8) 
thrown [s\open\src\hotspot\share\interpreter\linkResolver.cpp, line 759]
Event: 1.470 Thread 0x000001e3662b65a0 Exception <a 'java/lang/NoSuchMethodError'{0x00000000fff40e88}: 'void java.lang.invoke.DirectMethodHandle$Holder.invokeStatic(java.lang.Object, java.lang.Object, java.lang.Object)'> (0x00000000fff40e88) 
thrown [s\open\src\hotspot\share\interpreter\linkResolver.cpp, line 759]
Event: 1.751 Thread 0x000001e34634cf40 Exception <a 'java/lang/NoSuchMethodError'{0x00000000ff8865e8}: 'void java.lang.invoke.DirectMethodHandle$Holder.invokeStatic(java.lang.Object, long)'> (0x00000000ff8865e8) 
thrown [s\open\src\hotspot\share\interpreter\linkResolver.cpp, line 759]
Event: 1.752 Thread 0x000001e34634cf40 Exception <a 'java/lang/NoSuchMethodError'{0x00000000ff88bf40}: 'java.lang.Object java.lang.invoke.DirectMethodHandle$Holder.newInvokeSpecial(java.lang.Object, long)'> (0x00000000ff88bf40) 
thrown [s\open\src\hotspot\share\interpreter\linkResolver.cpp, line 759]
Event: 1.754 Thread 0x000001e34634cf40 Exception <a 'java/lang/NoSuchMethodError'{0x00000000ff896ae8}: 'java.lang.Object java.lang.invoke.DirectMethodHandle$Holder.invokeStaticInit(java.lang.Object, java.lang.Object, long, java.lang.Object)'> (0x00000000ff896ae8) 
thrown [s\open\src\hotspot\share\interpreter\linkResolver.cpp, line 759]
Event: 1.754 Thread 0x000001e34634cf40 Exception <a 'java/lang/NoSuchMethodError'{0x00000000ff89d170}: 'java.lang.Object java.lang.invoke.DirectMethodHandle$Holder.newInvokeSpecial(java.lang.Object, java.lang.Object, long)'> (0x00000000ff89d170) 
thrown [s\open\src\hotspot\share\interpreter\linkResolver.cpp, line 759]
Event: 1.755 Thread 0x000001e34634cf40 Exception <a 'java/lang/NoSuchMethodError'{0x00000000ff8a1460}: 'java.lang.Object java.lang.invoke.Invokers$Holder.linkToTargetMethod(java.lang.Object, long, java.lang.Object)'> (0x00000000ff8a1460) 
thrown [s\open\src\hotspot\share\interpreter\linkResolver.cpp, line 759]
Event: 139.625 Thread 0x000001e3662b65a0 Exception <a 'sun/net/ConnectionResetException'{0x00000000fede3230}: Connection reset> (0x00000000fede3230) 
thrown [s\open\src\hotspot\share\prims\jni.cpp, line 535]
Event: 139.645 Thread 0x000001e3662b65a0 Exception <a 'java/lang/NoSuchMethodError'{0x00000000fecf1fa0}: 'int java.lang.invoke.DirectMethodHandle$Holder.invokeVirtual(java.lang.Object, java.lang.Object)'> (0x00000000fecf1fa0) 
thrown [s\open\src\hotspot\share\interpreter\linkResolver.cpp, line 759]
Event: 139.648 Thread 0x000001e3662b65a0 Exception <a 'java/io/IOException'{0x00000000fecfe160}: Connection reset by peer> (0x00000000fecfe160) 
thrown [s\open\src\hotspot\share\prims\jni.cpp, line 535]

VM Operations (20 events):
Event: 102.396 Executing VM operation: Cleanup
Event: 102.396 Executing VM operation: Cleanup done
Event: 104.397 Executing VM operation: Cleanup
Event: 104.397 Executing VM operation: Cleanup done
Event: 107.414 Executing VM operation: Cleanup
Event: 107.414 Executing VM operation: Cleanup done
Event: 110.417 Executing VM operation: Cleanup
Event: 110.418 Executing VM operation: Cleanup done
Event: 113.420 Executing VM operation: Cleanup
Event: 113.420 Executing VM operation: Cleanup done
Event: 123.328 Executing VM operation: HandshakeAllThreads
Event: 123.328 Executing VM operation: HandshakeAllThreads done
Event: 123.328 Executing VM operation: Cleanup
Event: 123.329 Executing VM operation: Cleanup done
Event: 134.440 Executing VM operation: Cleanup
Event: 134.440 Executing VM operation: Cleanup done
Event: 136.453 Executing VM operation: Cleanup
Event: 136.453 Executing VM operation: Cleanup done
Event: 137.455 Executing VM operation: Cleanup
Event: 137.456 Executing VM operation: Cleanup done

Events (20 events):
Event: 139.630 loading class sun/nio/fs/WindowsChannelFactory
Event: 139.630 loading class sun/nio/fs/WindowsChannelFactory done
Event: 139.630 loading class sun/nio/fs/WindowsChannelFactory$1
Event: 139.630 loading class sun/nio/fs/WindowsChannelFactory$1 done
Event: 139.630 loading class sun/nio/fs/WindowsChannelFactory$Flags
Event: 139.630 loading class sun/nio/fs/WindowsChannelFactory$Flags done
Event: 139.630 loading class sun/nio/fs/WindowsChannelFactory$2
Event: 139.630 loading class sun/nio/fs/WindowsChannelFactory$2 done
Event: 139.636 loading class sun/nio/ch/FileChannelImpl$Closer
Event: 139.636 loading class sun/nio/ch/FileChannelImpl$Closer done
Event: 139.637 loading class java/util/stream/Streams$1
Event: 139.637 loading class java/util/stream/Streams$1 done
Event: 139.642 loading class java/nio/file/FileChannelLinesSpliterator$1
Event: 139.642 loading class java/nio/file/FileChannelLinesSpliterator$1 done
Event: 139.642 loading class java/nio/channels/Channels
Event: 139.642 loading class java/nio/channels/Channels done
Event: 139.649 loading class java/util/concurrent/ConcurrentLinkedQueue$Itr
Event: 139.649 loading class java/util/concurrent/ConcurrentLinkedQueue$Itr done
Event: 139.657 Thread 0x000001e3454f5e20 Thread added: 0x000001e3454f5e20
Event: 139.658 Thread 0x000001e3662bfe10 Thread added: 0x000001e3662bfe10


Dynamic libraries:
0x00007ff7c36d0000 - 0x00007ff7c36e0000 	C:\Program Files\Java\jdk-17\bin\java.exe
0x00007ffd17bf0000 - 0x00007ffd17e07000 	C:\WINDOWS\SYSTEM32\ntdll.dll
0x00007ffd16e60000 - 0x00007ffd16f24000 	C:\WINDOWS\System32\KERNEL32.DLL
0x00007ffd15230000 - 0x00007ffd155e7000 	C:\WINDOWS\System32\KERNELBASE.dll
0x00007ffd15740000 - 0x00007ffd15851000 	C:\WINDOWS\System32\ucrtbase.dll
0x00007ffd0c920000 - 0x00007ffd0c93b000 	C:\Program Files\Java\jdk-17\bin\VCRUNTIME140.dll
0x00007ffd0c940000 - 0x00007ffd0c959000 	C:\Program Files\Java\jdk-17\bin\jli.dll
0x00007ffd17af0000 - 0x00007ffd17ba2000 	C:\WINDOWS\System32\ADVAPI32.dll
0x00007ffd17070000 - 0x00007ffd17117000 	C:\WINDOWS\System32\msvcrt.dll
0x00007ffd16470000 - 0x00007ffd16518000 	C:\WINDOWS\System32\sechost.dll
0x00007ffd15690000 - 0x00007ffd156b8000 	C:\WINDOWS\System32\bcrypt.dll
0x00007ffd17950000 - 0x00007ffd17a64000 	C:\WINDOWS\System32\RPCRT4.dll
0x00007ffd16ad0000 - 0x00007ffd16c7f000 	C:\WINDOWS\System32\USER32.dll
0x00007ffd15660000 - 0x00007ffd15686000 	C:\WINDOWS\System32\win32u.dll
0x00007ffcf1780000 - 0x00007ffcf1a13000 	C:\WINDOWS\WinSxS\amd64_microsoft.windows.common-controls_6595b64144ccf1df_6.0.22621.3672_none_2713b9d173822955\COMCTL32.dll
0x00007ffd15ab0000 - 0x00007ffd15ad9000 	C:\WINDOWS\System32\GDI32.dll
0x00007ffd14fa0000 - 0x00007ffd150b8000 	C:\WINDOWS\System32\gdi32full.dll
0x00007ffd14f00000 - 0x00007ffd14f9a000 	C:\WINDOWS\System32\msvcp_win.dll
0x00007ffd0f640000 - 0x00007ffd0f64a000 	C:\WINDOWS\SYSTEM32\VERSION.dll
0x00007ffd15ae0000 - 0x00007ffd15b11000 	C:\WINDOWS\System32\IMM32.DLL
0x00007ffd0cef0000 - 0x00007ffd0cefc000 	C:\Program Files\Java\jdk-17\bin\vcruntime140_1.dll
0x00007ffd0b820000 - 0x00007ffd0b8ae000 	C:\Program Files\Java\jdk-17\bin\msvcp140.dll
0x00007ffc9c440000 - 0x00007ffc9d020000 	C:\Program Files\Java\jdk-17\bin\server\jvm.dll
0x00007ffd0eea0000 - 0x00007ffd0eed4000 	C:\WINDOWS\SYSTEM32\WINMM.dll
0x00007ffcfe140000 - 0x00007ffcfe149000 	C:\WINDOWS\SYSTEM32\WSOCK32.dll
0x00007ffd165e0000 - 0x00007ffd165e8000 	C:\WINDOWS\System32\PSAPI.DLL
0x00007ffd15b20000 - 0x00007ffd15b91000 	C:\WINDOWS\System32\WS2_32.dll
0x00007ffd13f10000 - 0x00007ffd13f28000 	C:\WINDOWS\SYSTEM32\kernel.appcore.dll
0x00007ffd0cdf0000 - 0x00007ffd0cdfa000 	C:\Program Files\Java\jdk-17\bin\jimage.dll
0x00007ffd12810000 - 0x00007ffd12a42000 	C:\WINDOWS\SYSTEM32\DBGHELP.DLL
0x00007ffd175c0000 - 0x00007ffd1794e000 	C:\WINDOWS\System32\combase.dll
0x00007ffd16f90000 - 0x00007ffd17067000 	C:\WINDOWS\System32\OLEAUT32.dll
0x00007ffcf1af0000 - 0x00007ffcf1b22000 	C:\WINDOWS\SYSTEM32\dbgcore.DLL
0x00007ffd156c0000 - 0x00007ffd1573b000 	C:\WINDOWS\System32\bcryptPrimitives.dll
0x00007ffd0c5e0000 - 0x00007ffd0c605000 	C:\Program Files\Java\jdk-17\bin\java.dll
0x00007ffd0a1c0000 - 0x00007ffd0a297000 	C:\Program Files\Java\jdk-17\bin\jsvml.dll
0x00007ffd15c00000 - 0x00007ffd16469000 	C:\WINDOWS\System32\SHELL32.dll
0x00007ffd12e20000 - 0x00007ffd1371f000 	C:\WINDOWS\SYSTEM32\windows.storage.dll
0x00007ffd12ce0000 - 0x00007ffd12e1f000 	C:\WINDOWS\SYSTEM32\wintypes.dll
0x00007ffd17140000 - 0x00007ffd17239000 	C:\WINDOWS\System32\SHCORE.dll
0x00007ffd15ba0000 - 0x00007ffd15bfe000 	C:\WINDOWS\System32\shlwapi.dll
0x00007ffd14e30000 - 0x00007ffd14e57000 	C:\WINDOWS\SYSTEM32\profapi.dll
0x00007ffd0c5c0000 - 0x00007ffd0c5d9000 	C:\Program Files\Java\jdk-17\bin\net.dll
0x00007ffd0d020000 - 0x00007ffd0d156000 	C:\WINDOWS\SYSTEM32\WINHTTP.dll
0x00007ffd14370000 - 0x00007ffd143d9000 	C:\WINDOWS\system32\mswsock.dll
0x00007ffd0c5a0000 - 0x00007ffd0c5b6000 	C:\Program Files\Java\jdk-17\bin\nio.dll
0x00007ffd0c2f0000 - 0x00007ffd0c308000 	C:\Program Files\Java\jdk-17\bin\zip.dll
0x00007ffd0cca0000 - 0x00007ffd0ccb0000 	C:\Program Files\Java\jdk-17\bin\verify.dll
0x00007ffd0c210000 - 0x00007ffd0c237000 	C:\Users\Anees Ahmed\.gradle\native\c067742578af261105cb4f569cf0c3c89f3d7b1fecec35dd04571415982c5e48\windows-amd64\native-platform.dll
0x00007ffd0cb50000 - 0x00007ffd0cb5a000 	C:\Users\Anees Ahmed\.gradle\native\jansi\1.18\windows64\jansi.dll
0x00007ffd0c880000 - 0x00007ffd0c88a000 	C:\Program Files\Java\jdk-17\bin\management.dll
0x00007ffd0c830000 - 0x00007ffd0c83b000 	C:\Program Files\Java\jdk-17\bin\management_ext.dll
0x00007ffd146c0000 - 0x00007ffd146db000 	C:\WINDOWS\SYSTEM32\CRYPTSP.dll
0x00007ffd13e70000 - 0x00007ffd13ea5000 	C:\WINDOWS\system32\rsaenh.dll
0x00007ffd14410000 - 0x00007ffd14438000 	C:\WINDOWS\SYSTEM32\USERENV.dll
0x00007ffd146a0000 - 0x00007ffd146ac000 	C:\WINDOWS\SYSTEM32\CRYPTBASE.dll
0x00007ffd13980000 - 0x00007ffd139ad000 	C:\WINDOWS\SYSTEM32\IPHLPAPI.DLL
0x00007ffd165d0000 - 0x00007ffd165d9000 	C:\WINDOWS\System32\NSI.dll
0x00007ffd094b0000 - 0x00007ffd094c9000 	C:\WINDOWS\SYSTEM32\dhcpcsvc6.DLL
0x00007ffd093e0000 - 0x00007ffd093ff000 	C:\WINDOWS\SYSTEM32\dhcpcsvc.DLL
0x00007ffd139f0000 - 0x00007ffd13af2000 	C:\WINDOWS\SYSTEM32\DNSAPI.dll
0x00007ffd0c9a0000 - 0x00007ffd0c9ae000 	C:\Program Files\Java\jdk-17\bin\sunmscapi.dll
0x00007ffd150c0000 - 0x00007ffd15226000 	C:\WINDOWS\System32\CRYPT32.dll
0x00007ffd147d0000 - 0x00007ffd147fd000 	C:\WINDOWS\SYSTEM32\ncrypt.dll
0x00007ffd14790000 - 0x00007ffd147c7000 	C:\WINDOWS\SYSTEM32\NTASN1.dll
0x00007ffd08d80000 - 0x00007ffd08d88000 	C:\WINDOWS\system32\wshunix.dll

dbghelp: loaded successfully - version: 4.0.5 - missing functions: none
symbol engine: initialized successfully - sym options: 0x614 - pdb path: .;C:\Program Files\Java\jdk-17\bin;C:\WINDOWS\SYSTEM32;C:\WINDOWS\WinSxS\amd64_microsoft.windows.common-controls_6595b64144ccf1df_6.0.22621.3672_none_2713b9d173822955;C:\Program Files\Java\jdk-17\bin\server;C:\Users\Anees Ahmed\.gradle\native\c067742578af261105cb4f569cf0c3c89f3d7b1fecec35dd04571415982c5e48\windows-amd64;C:\Users\Anees Ahmed\.gradle\native\jansi\1.18\windows64

VM Arguments:
jvm_args: -Xmx64m -Xms64m -Dorg.gradle.appname=gradlew 
java_command: org.gradle.wrapper.GradleWrapperMain run
java_class_path (initial): C:\Users\Anees Ahmed\AndroidStudioProjects\FirstKMPApp\\gradle\wrapper\gradle-wrapper.jar
Launcher Type: SUN_STANDARD

[Global flags]
     intx CICompilerCount                          = 4                                         {product} {ergonomic}
     uint ConcGCThreads                            = 2                                         {product} {ergonomic}
     uint G1ConcRefinementThreads                  = 8                                         {product} {ergonomic}
   size_t G1HeapRegionSize                         = 1048576                                   {product} {ergonomic}
    uintx GCDrainStackTargetSize                   = 64                                        {product} {ergonomic}
   size_t InitialHeapSize                          = 67108864                                  {product} {command line}
   size_t MarkStackSize                            = 4194304                                   {product} {ergonomic}
   size_t MaxHeapSize                              = 67108864                                  {product} {command line}
   size_t MaxNewSize                               = 39845888                                  {product} {ergonomic}
   size_t MinHeapDeltaBytes                        = 1048576                                   {product} {ergonomic}
   size_t MinHeapSize                              = 67108864                                  {product} {command line}
    uintx NonNMethodCodeHeapSize                   = 5839372                                {pd product} {ergonomic}
    uintx NonProfiledCodeHeapSize                  = 122909434                              {pd product} {ergonomic}
    uintx ProfiledCodeHeapSize                     = 122909434                              {pd product} {ergonomic}
    uintx ReservedCodeCacheSize                    = 251658240                              {pd product} {ergonomic}
     bool SegmentedCodeCache                       = true                                      {product} {ergonomic}
   size_t SoftMaxHeapSize                          = 67108864                               {manageable} {ergonomic}
     bool UseCompressedClassPointers               = true                           {product lp64_product} {ergonomic}
     bool UseCompressedOops                        = true                           {product lp64_product} {ergonomic}
     bool UseG1GC                                  = true                                      {product} {ergonomic}
     bool UseLargePagesIndividualAllocation        = false                                  {pd product} {ergonomic}

Logging:
Log output configuration:
 #0: stdout all=warning uptime,level,tags
 #1: stderr all=off uptime,level,tags

Environment Variables:
JAVA_HOME=C:\Program Files\Java\jdk-17
CLASSPATH=C:\Users\Anees Ahmed\AndroidStudioProjects\FirstKMPApp\\gradle\wrapper\gradle-wrapper.jar
PATH=C:\Program Files\Common Files\Oracle\Java\javapath;C:\WINDOWS\system32;C:\WINDOWS;C:\WINDOWS\System32\Wbem;C:\WINDOWS\System32\WindowsPowerShell\v1.0\;C:\WINDOWS\System32\OpenSSH\;C:\Program Files (x86)\Intel\Intel(R) Management Engine Components\DAL;C:\Program Files\Intel\Intel(R) Management Engine Components\DAL;C:\Program Files\Git\cmd;C:\Program Files\Java\jdk-17\bin;C:\Users\Anees Ahmed\AppData\Local\Android\Sdk\platform-tools;C:\Program Files\nodejs\;C:\Users\Anees Ahmed\AppData\Roaming\npm;C:\Program Files\Cloudflare\Cloudflare WARP\;C:\Users\Anees Ahmed\AppData\Local\Microsoft\WindowsApps;C:\Users\Anees Ahmed\AppData\Local\Programs\Microsoft VS Code\bin;"D:\Tools\flutter\bin";C:\Users\Anees Ahmed\AppData\Local\JetBrains\Toolbox\scripts;C:\Users\Anees Ahmed\AppData\Local\Programs\cursor\resources\app\bin;C:\Users\Anees Ahmed\AppData\Roaming\npm
USERNAME=Anees Ahmed
OS=Windows_NT
PROCESSOR_IDENTIFIER=Intel64 Family 6 Model 142 Stepping 10, GenuineIntel



---------------  S Y S T E M  ---------------

OS:
 Windows 11 , 64 bit Build 22621 (10.0.22621.3958)
OS uptime: 40 days 17:05 hours
Hyper-V role detected

CPU: total 8 (initial active 8) (4 cores per cpu, 2 threads per core) family 6 model 142 stepping 10 microcode 0xf6, cx8, cmov, fxsr, ht, mmx, 3dnowpref, sse, sse2, sse3, ssse3, sse4.1, sse4.2, popcnt, lzcnt, tsc, tscinvbit, avx, avx2, aes, erms, clmul, bmi1, bmi2, rtm, adx, fma, vzeroupper, clflush, clflushopt, hv

Memory: 4k page, system-wide physical 24419M (3020M free)
TotalPageFile size 44287M (AvailPageFile size 848M)
current process WorkingSet (physical memory assigned to process): 105M, peak: 118M
current process commit charge ("private bytes"): 168M, peak: 183M

vm_info: Java HotSpot(TM) 64-Bit Server VM (17.0.12+8-LTS-286) for windows-amd64 JRE (17.0.12+8-LTS-286), built on Jun  5 2024 06:46:59 by "mach5one" with MS VC++ 17.6 (VS2022)

END.
